{"/Users/vineet_m/Desktop/eggroup/egGroup-local/App.js": {"path":"/Users/vineet_m/Desktop/eggroup/egGroup-local/App.js","statementMap":{"0":{"start":{"line":1,"column":42},"end":{"line":1,"column":97}},"1":{"start":{"line":1,"column":128},"end":{"line":1,"column":184}},"2":{"start":{"line":1,"column":185},"end":{"line":1,"column":247}},"3":{"start":{"line":1,"column":247},"end":{"line":1,"column":272}},"4":{"start":{"line":1,"column":295},"end":{"line":1,"column":367}},"5":{"start":{"line":1,"column":388},"end":{"line":1,"column":457}},"6":{"start":{"line":1,"column":492},"end":{"line":1,"column":575}},"7":{"start":{"line":1,"column":599},"end":{"line":1,"column":671}},"8":{"start":{"line":1,"column":689},"end":{"line":1,"column":755}},"9":{"start":{"line":8,"column":13},"end":{"line":8,"column":55}},"10":{"start":{"line":9,"column":18},"end":{"line":9,"column":40}},"11":{"start":{"line":10,"column":14},"end":{"line":10,"column":55}},"12":{"start":{"line":11,"column":19},"end":{"line":11,"column":42}},"13":{"start":{"line":12,"column":31},"end":{"line":12,"column":92}},"14":{"start":{"line":13,"column":35},"end":{"line":13,"column":100}},"15":{"start":{"line":16,"column":12},"end":{"line":16,"column":57}},"16":{"start":{"line":17,"column":13},"end":{"line":17,"column":66}},"17":{"start":{"line":17,"column":86},"end":{"line":17,"column":140}},"18":{"start":{"line":22,"column":14},"end":{"line":22,"column":35}},"19":{"start":{"line":29,"column":6},"end":{"line":92,"column":41}},"20":{"start":{"line":29,"column":29},"end":{"line":29,"column":70}},"21":{"start":{"line":29,"column":86},"end":{"line":29,"column":127}},"22":{"start":{"line":29,"column":127},"end":{"line":29,"column":240}},"23":{"start":{"line":29,"column":241},"end":{"line":92,"column":10}},"24":{"start":{"line":37,"column":6},"end":{"line":71,"column":36}},"25":{"start":{"line":41,"column":10},"end":{"line":41,"column":39}},"26":{"start":{"line":46,"column":10},"end":{"line":46,"column":53}},"27":{"start":{"line":49,"column":10},"end":{"line":49,"column":70}},"28":{"start":{"line":73,"column":6},"end":{"line":77,"column":15}},"29":{"start":{"line":74,"column":8},"end":{"line":76,"column":9}},"30":{"start":{"line":75,"column":10},"end":{"line":75,"column":50}},"31":{"start":{"line":85,"column":6},"end":{"line":88,"column":114}},"32":{"start":{"line":92,"column":10},"end":{"line":92,"column":21}},"33":{"start":{"line":95,"column":0},"end":{"line":95,"column":3}},"34":{"start":{"line":95,"column":4},"end":{"line":95,"column":31}}},"fnMap":{"0":{"name":"(anonymous_0)","decl":{"start":{"line":29,"column":6},"end":{"line":29,"column":7}},"loc":{"start":{"line":29,"column":28},"end":{"line":92,"column":22}},"line":29},"1":{"name":"App","decl":{"start":{"line":29,"column":79},"end":{"line":29,"column":82}},"loc":{"start":{"line":29,"column":85},"end":{"line":29,"column":241}},"line":29},"2":{"name":"componentDidMount","decl":{"start":{"line":29,"column":318},"end":{"line":29,"column":335}},"loc":{"start":{"line":35,"column":4},"end":{"line":78,"column":5}},"line":35},"3":{"name":"onRegister","decl":{"start":{"line":40,"column":29},"end":{"line":40,"column":39}},"loc":{"start":{"line":40,"column":47},"end":{"line":42,"column":9}},"line":40},"4":{"name":"onNotification","decl":{"start":{"line":45,"column":33},"end":{"line":45,"column":47}},"loc":{"start":{"line":45,"column":62},"end":{"line":50,"column":9}},"line":45},"5":{"name":"(anonymous_5)","decl":{"start":{"line":73,"column":17},"end":{"line":73,"column":18}},"loc":{"start":{"line":73,"column":29},"end":{"line":77,"column":7}},"line":73},"6":{"name":"render","decl":{"start":{"line":78,"column":42},"end":{"line":78,"column":48}},"loc":{"start":{"line":84,"column":4},"end":{"line":92,"column":5}},"line":84}},"branchMap":{"0":{"loc":{"start":{"line":74,"column":8},"end":{"line":76,"column":9}},"type":"if","locations":[{"start":{"line":74,"column":8},"end":{"line":76,"column":9}},{"start":{"line":74,"column":8},"end":{"line":76,"column":9}}],"line":74}},"s":{"0":1,"1":1,"2":1,"3":1,"4":1,"5":1,"6":1,"7":1,"8":1,"9":1,"10":1,"11":1,"12":1,"13":1,"14":1,"15":1,"16":1,"17":1,"18":1,"19":1,"20":1,"21":1,"22":1,"23":1,"24":1,"25":0,"26":0,"27":0,"28":1,"29":0,"30":0,"31":1,"32":1,"33":1,"34":1},"f":{"0":1,"1":1,"2":1,"3":0,"4":0,"5":0,"6":1},"b":{"0":[0,0]},"_coverageSchema":"332fd63041d2c1bcb487cc26dd0d5f7d97098a6c","hash":"487a18ea9511b2003298310fad6d9801c88a4e73"}
,"/Users/vineet_m/Desktop/eggroup/egGroup-local/setup.js": {"path":"/Users/vineet_m/Desktop/eggroup/egGroup-local/setup.js","statementMap":{"0":{"start":{"line":1,"column":42},"end":{"line":1,"column":97}},"1":{"start":{"line":1,"column":112},"end":{"line":1,"column":153}},"2":{"start":{"line":2,"column":26},"end":{"line":2,"column":84}},"3":{"start":{"line":3,"column":19},"end":{"line":3,"column":42}},"4":{"start":{"line":5,"column":0},"end":{"line":5,"column":42}},"5":{"start":{"line":7,"column":0},"end":{"line":7,"column":33}},"6":{"start":{"line":8,"column":0},"end":{"line":8,"column":74}}},"fnMap":{},"branchMap":{},"s":{"0":4,"1":4,"2":4,"3":4,"4":4,"5":4,"6":4},"f":{},"b":{},"_coverageSchema":"332fd63041d2c1bcb487cc26dd0d5f7d97098a6c","hash":"14ee3186de73242153a041fdb112530c149a18d9"}
,"/Users/vineet_m/Desktop/eggroup/egGroup-local/src/Main.js": {"path":"/Users/vineet_m/Desktop/eggroup/egGroup-local/src/Main.js","statementMap":{"0":{"start":{"line":1,"column":42},"end":{"line":1,"column":97}},"1":{"start":{"line":1,"column":128},"end":{"line":1,"column":184}},"2":{"start":{"line":1,"column":185},"end":{"line":1,"column":247}},"3":{"start":{"line":1,"column":247},"end":{"line":1,"column":272}},"4":{"start":{"line":1,"column":295},"end":{"line":1,"column":367}},"5":{"start":{"line":1,"column":388},"end":{"line":1,"column":457}},"6":{"start":{"line":1,"column":492},"end":{"line":1,"column":575}},"7":{"start":{"line":1,"column":599},"end":{"line":1,"column":671}},"8":{"start":{"line":1,"column":689},"end":{"line":1,"column":755}},"9":{"start":{"line":8,"column":18},"end":{"line":8,"column":40}},"10":{"start":{"line":9,"column":13},"end":{"line":9,"column":54}},"11":{"start":{"line":10,"column":19},"end":{"line":10,"column":42}},"12":{"start":{"line":13,"column":13},"end":{"line":13,"column":73}},"13":{"start":{"line":16,"column":14},"end":{"line":16,"column":57}},"14":{"start":{"line":16,"column":77},"end":{"line":16,"column":136}},"15":{"start":{"line":23,"column":7},"end":{"line":37,"column":41}},"16":{"start":{"line":23,"column":30},"end":{"line":23,"column":72}},"17":{"start":{"line":23,"column":89},"end":{"line":23,"column":131}},"18":{"start":{"line":23,"column":131},"end":{"line":23,"column":245}},"19":{"start":{"line":23,"column":246},"end":{"line":37,"column":10}},"20":{"start":{"line":29,"column":6},"end":{"line":34,"column":113}},"21":{"start":{"line":37,"column":10},"end":{"line":37,"column":22}},"22":{"start":{"line":46,"column":22},"end":{"line":46,"column":61}},"23":{"start":{"line":46,"column":50},"end":{"line":46,"column":60}},"24":{"start":{"line":54,"column":25},"end":{"line":54,"column":67}},"25":{"start":{"line":54,"column":56},"end":{"line":54,"column":66}},"26":{"start":{"line":56,"column":0},"end":{"line":56,"column":67}},"27":{"start":{"line":56,"column":68},"end":{"line":56,"column":95}}},"fnMap":{"0":{"name":"(anonymous_0)","decl":{"start":{"line":23,"column":7},"end":{"line":23,"column":8}},"loc":{"start":{"line":23,"column":29},"end":{"line":37,"column":23}},"line":23},"1":{"name":"Main","decl":{"start":{"line":23,"column":81},"end":{"line":23,"column":85}},"loc":{"start":{"line":23,"column":88},"end":{"line":23,"column":246}},"line":23},"2":{"name":"render","decl":{"start":{"line":23,"column":313},"end":{"line":23,"column":319}},"loc":{"start":{"line":28,"column":4},"end":{"line":37,"column":5}},"line":28},"3":{"name":"mapStateToProps","decl":{"start":{"line":46,"column":31},"end":{"line":46,"column":46}},"loc":{"start":{"line":46,"column":49},"end":{"line":46,"column":61}},"line":46},"4":{"name":"mapDispatchToProps","decl":{"start":{"line":54,"column":34},"end":{"line":54,"column":52}},"loc":{"start":{"line":54,"column":55},"end":{"line":54,"column":67}},"line":54}},"branchMap":{},"s":{"0":2,"1":2,"2":2,"3":2,"4":2,"5":2,"6":2,"7":2,"8":2,"9":2,"10":2,"11":2,"12":2,"13":2,"14":2,"15":2,"16":2,"17":0,"18":0,"19":2,"20":0,"21":2,"22":2,"23":0,"24":2,"25":0,"26":2,"27":2},"f":{"0":2,"1":0,"2":0,"3":0,"4":0},"b":{},"_coverageSchema":"332fd63041d2c1bcb487cc26dd0d5f7d97098a6c","hash":"064421c952dd2ea7d3aecfa88039a15bf7f30322"}
,"/Users/vineet_m/Desktop/eggroup/egGroup-local/src/assets/images/go_fuel_card.png": {"path":"/Users/vineet_m/Desktop/eggroup/egGroup-local/src/assets/images/go_fuel_card.png","statementMap":{"0":{"start":{"line":1,"column":0},"end":{"line":4,"column":6}}},"fnMap":{},"branchMap":{},"s":{"0":2},"f":{},"b":{},"_coverageSchema":"332fd63041d2c1bcb487cc26dd0d5f7d97098a6c","hash":"1a9bd561cbb9f5fb9626b871fd06e94e512d65ce"}
,"/Users/vineet_m/Desktop/eggroup/egGroup-local/src/assets/images/img_banner_esso.png": {"path":"/Users/vineet_m/Desktop/eggroup/egGroup-local/src/assets/images/img_banner_esso.png","statementMap":{"0":{"start":{"line":1,"column":0},"end":{"line":4,"column":6}}},"fnMap":{},"branchMap":{},"s":{"0":2},"f":{},"b":{},"_coverageSchema":"332fd63041d2c1bcb487cc26dd0d5f7d97098a6c","hash":"7367892374b05247742a24d35f87dfeeda5ac377"}
,"/Users/vineet_m/Desktop/eggroup/egGroup-local/src/assets/images/noimage.jpg": {"path":"/Users/vineet_m/Desktop/eggroup/egGroup-local/src/assets/images/noimage.jpg","statementMap":{"0":{"start":{"line":1,"column":0},"end":{"line":4,"column":6}}},"fnMap":{},"branchMap":{},"s":{"0":1},"f":{},"b":{},"_coverageSchema":"332fd63041d2c1bcb487cc26dd0d5f7d97098a6c","hash":"f1992d4079d174be5a1f1a385e148b33295277d9"}
,"/Users/vineet_m/Desktop/eggroup/egGroup-local/src/assets/images/signup/Loginlogo.png": {"path":"/Users/vineet_m/Desktop/eggroup/egGroup-local/src/assets/images/signup/Loginlogo.png","statementMap":{"0":{"start":{"line":1,"column":0},"end":{"line":4,"column":6}}},"fnMap":{},"branchMap":{},"s":{"0":2},"f":{},"b":{},"_coverageSchema":"332fd63041d2c1bcb487cc26dd0d5f7d97098a6c","hash":"d60bb89137ef01457003c737894509650685dae3"}
,"/Users/vineet_m/Desktop/eggroup/egGroup-local/src/components/index.js": {"path":"/Users/vineet_m/Desktop/eggroup/egGroup-local/src/components/index.js","statementMap":{"0":{"start":{"line":1,"column":42},"end":{"line":1,"column":97}},"1":{"start":{"line":1,"column":98},"end":{"line":1,"column":160}},"2":{"start":{"line":1,"column":160},"end":{"line":1,"column":270}},"3":{"start":{"line":1,"column":242},"end":{"line":1,"column":265}},"4":{"start":{"line":1,"column":270},"end":{"line":1,"column":386}},"5":{"start":{"line":1,"column":355},"end":{"line":1,"column":381}},"6":{"start":{"line":1,"column":386},"end":{"line":1,"column":496}},"7":{"start":{"line":1,"column":468},"end":{"line":1,"column":491}},"8":{"start":{"line":1,"column":496},"end":{"line":1,"column":614}},"9":{"start":{"line":1,"column":582},"end":{"line":1,"column":609}},"10":{"start":{"line":1,"column":614},"end":{"line":1,"column":726}},"11":{"start":{"line":1,"column":697},"end":{"line":1,"column":721}},"12":{"start":{"line":1,"column":726},"end":{"line":1,"column":844}},"13":{"start":{"line":1,"column":812},"end":{"line":1,"column":839}},"14":{"start":{"line":1,"column":844},"end":{"line":1,"column":952}},"15":{"start":{"line":1,"column":925},"end":{"line":1,"column":947}},"16":{"start":{"line":1,"column":952},"end":{"line":1,"column":1066}},"17":{"start":{"line":1,"column":1036},"end":{"line":1,"column":1061}},"18":{"start":{"line":1,"column":1066},"end":{"line":1,"column":1184}},"19":{"start":{"line":1,"column":1152},"end":{"line":1,"column":1179}},"20":{"start":{"line":1,"column":1184},"end":{"line":1,"column":1304}},"21":{"start":{"line":1,"column":1271},"end":{"line":1,"column":1299}},"22":{"start":{"line":1,"column":1304},"end":{"line":1,"column":1426}},"23":{"start":{"line":1,"column":1392},"end":{"line":1,"column":1421}},"24":{"start":{"line":1,"column":1426},"end":{"line":1,"column":1536}},"25":{"start":{"line":1,"column":1510},"end":{"line":1,"column":1531}},"26":{"start":{"line":1,"column":1550},"end":{"line":1,"column":1593}},"27":{"start":{"line":2,"column":17},"end":{"line":2,"column":63}},"28":{"start":{"line":3,"column":14},"end":{"line":3,"column":57}},"29":{"start":{"line":4,"column":18},"end":{"line":4,"column":65}},"30":{"start":{"line":5,"column":15},"end":{"line":5,"column":59}},"31":{"start":{"line":6,"column":18},"end":{"line":6,"column":65}},"32":{"start":{"line":7,"column":13},"end":{"line":7,"column":55}},"33":{"start":{"line":8,"column":16},"end":{"line":8,"column":61}},"34":{"start":{"line":9,"column":18},"end":{"line":9,"column":65}},"35":{"start":{"line":10,"column":19},"end":{"line":10,"column":67}},"36":{"start":{"line":11,"column":20},"end":{"line":11,"column":69}},"37":{"start":{"line":12,"column":12},"end":{"line":12,"column":53}}},"fnMap":{"0":{"name":"get","decl":{"start":{"line":1,"column":235},"end":{"line":1,"column":238}},"loc":{"start":{"line":1,"column":241},"end":{"line":1,"column":266}},"line":1},"1":{"name":"get","decl":{"start":{"line":1,"column":348},"end":{"line":1,"column":351}},"loc":{"start":{"line":1,"column":354},"end":{"line":1,"column":382}},"line":1},"2":{"name":"get","decl":{"start":{"line":1,"column":461},"end":{"line":1,"column":464}},"loc":{"start":{"line":1,"column":467},"end":{"line":1,"column":492}},"line":1},"3":{"name":"get","decl":{"start":{"line":1,"column":575},"end":{"line":1,"column":578}},"loc":{"start":{"line":1,"column":581},"end":{"line":1,"column":610}},"line":1},"4":{"name":"get","decl":{"start":{"line":1,"column":690},"end":{"line":1,"column":693}},"loc":{"start":{"line":1,"column":696},"end":{"line":1,"column":722}},"line":1},"5":{"name":"get","decl":{"start":{"line":1,"column":805},"end":{"line":1,"column":808}},"loc":{"start":{"line":1,"column":811},"end":{"line":1,"column":840}},"line":1},"6":{"name":"get","decl":{"start":{"line":1,"column":918},"end":{"line":1,"column":921}},"loc":{"start":{"line":1,"column":924},"end":{"line":1,"column":948}},"line":1},"7":{"name":"get","decl":{"start":{"line":1,"column":1029},"end":{"line":1,"column":1032}},"loc":{"start":{"line":1,"column":1035},"end":{"line":1,"column":1062}},"line":1},"8":{"name":"get","decl":{"start":{"line":1,"column":1145},"end":{"line":1,"column":1148}},"loc":{"start":{"line":1,"column":1151},"end":{"line":1,"column":1180}},"line":1},"9":{"name":"get","decl":{"start":{"line":1,"column":1264},"end":{"line":1,"column":1267}},"loc":{"start":{"line":1,"column":1270},"end":{"line":1,"column":1300}},"line":1},"10":{"name":"get","decl":{"start":{"line":1,"column":1385},"end":{"line":1,"column":1388}},"loc":{"start":{"line":1,"column":1391},"end":{"line":1,"column":1422}},"line":1},"11":{"name":"get","decl":{"start":{"line":1,"column":1503},"end":{"line":1,"column":1506}},"loc":{"start":{"line":1,"column":1509},"end":{"line":1,"column":1532}},"line":1}},"branchMap":{},"s":{"0":2,"1":2,"2":2,"3":0,"4":2,"5":0,"6":2,"7":0,"8":2,"9":0,"10":2,"11":0,"12":2,"13":0,"14":2,"15":0,"16":2,"17":0,"18":2,"19":0,"20":2,"21":0,"22":2,"23":0,"24":2,"25":0,"26":2,"27":2,"28":2,"29":2,"30":2,"31":2,"32":2,"33":2,"34":2,"35":2,"36":2,"37":2},"f":{"0":0,"1":0,"2":0,"3":0,"4":0,"5":0,"6":0,"7":0,"8":0,"9":0,"10":0,"11":0},"b":{},"_coverageSchema":"332fd63041d2c1bcb487cc26dd0d5f7d97098a6c","hash":"4452dd0ef1c9ad00566eabd1e16ea0ac98348a5c"}
,"/Users/vineet_m/Desktop/eggroup/egGroup-local/src/components/Button/index.js": {"path":"/Users/vineet_m/Desktop/eggroup/egGroup-local/src/components/Button/index.js","statementMap":{"0":{"start":{"line":1,"column":42},"end":{"line":1,"column":97}},"1":{"start":{"line":1,"column":128},"end":{"line":1,"column":184}},"2":{"start":{"line":1,"column":185},"end":{"line":1,"column":247}},"3":{"start":{"line":1,"column":247},"end":{"line":1,"column":272}},"4":{"start":{"line":1,"column":295},"end":{"line":1,"column":367}},"5":{"start":{"line":1,"column":388},"end":{"line":1,"column":457}},"6":{"start":{"line":1,"column":492},"end":{"line":1,"column":575}},"7":{"start":{"line":1,"column":599},"end":{"line":1,"column":671}},"8":{"start":{"line":1,"column":689},"end":{"line":1,"column":755}},"9":{"start":{"line":1,"column":769},"end":{"line":1,"column":810}},"10":{"start":{"line":2,"column":19},"end":{"line":2,"column":42}},"11":{"start":{"line":3,"column":27},"end":{"line":3,"column":59}},"12":{"start":{"line":5,"column":14},"end":{"line":5,"column":61}},"13":{"start":{"line":5,"column":81},"end":{"line":5,"column":159}},"14":{"start":{"line":7,"column":19},"end":{"line":12,"column":19}},"15":{"start":{"line":15,"column":9},"end":{"line":34,"column":43}},"16":{"start":{"line":15,"column":32},"end":{"line":15,"column":76}},"17":{"start":{"line":15,"column":95},"end":{"line":15,"column":139}},"18":{"start":{"line":15,"column":139},"end":{"line":15,"column":255}},"19":{"start":{"line":15,"column":256},"end":{"line":34,"column":10}},"20":{"start":{"line":18,"column":6},"end":{"line":29,"column":172}},"21":{"start":{"line":34,"column":10},"end":{"line":34,"column":24}},"22":{"start":{"line":37,"column":0},"end":{"line":37,"column":35}},"23":{"start":{"line":39,"column":0},"end":{"line":39,"column":6}},"24":{"start":{"line":39,"column":7},"end":{"line":39,"column":34}}},"fnMap":{"0":{"name":"onPress","decl":{"start":{"line":11,"column":20},"end":{"line":11,"column":27}},"loc":{"start":{"line":11,"column":30},"end":{"line":11,"column":32}},"line":11},"1":{"name":"(anonymous_1)","decl":{"start":{"line":15,"column":9},"end":{"line":15,"column":10}},"loc":{"start":{"line":15,"column":31},"end":{"line":34,"column":25}},"line":15},"2":{"name":"Button","decl":{"start":{"line":15,"column":85},"end":{"line":15,"column":91}},"loc":{"start":{"line":15,"column":94},"end":{"line":15,"column":256}},"line":15},"3":{"name":"render","decl":{"start":{"line":15,"column":325},"end":{"line":15,"column":331}},"loc":{"start":{"line":17,"column":4},"end":{"line":34,"column":5}},"line":17}},"branchMap":{"0":{"loc":{"start":{"line":22,"column":8},"end":{"line":27,"column":96}},"type":"binary-expr","locations":[{"start":{"line":22,"column":8},"end":{"line":22,"column":38}},{"start":{"line":23,"column":8},"end":{"line":27,"column":96}}],"line":22}},"s":{"0":3,"1":3,"2":3,"3":3,"4":3,"5":3,"6":3,"7":3,"8":3,"9":3,"10":3,"11":3,"12":3,"13":3,"14":3,"15":3,"16":3,"17":1,"18":1,"19":3,"20":1,"21":3,"22":3,"23":3,"24":3},"f":{"0":0,"1":3,"2":1,"3":1},"b":{"0":[1,0]},"_coverageSchema":"332fd63041d2c1bcb487cc26dd0d5f7d97098a6c","hash":"348c9bac26cb858a4e0370a1a1e4ef4ad8d56184"}
,"/Users/vineet_m/Desktop/eggroup/egGroup-local/src/components/Card/index.js": {"path":"/Users/vineet_m/Desktop/eggroup/egGroup-local/src/components/Card/index.js","statementMap":{"0":{"start":{"line":1,"column":42},"end":{"line":1,"column":97}},"1":{"start":{"line":1,"column":128},"end":{"line":1,"column":184}},"2":{"start":{"line":1,"column":185},"end":{"line":1,"column":247}},"3":{"start":{"line":1,"column":247},"end":{"line":1,"column":272}},"4":{"start":{"line":1,"column":295},"end":{"line":1,"column":367}},"5":{"start":{"line":1,"column":388},"end":{"line":1,"column":457}},"6":{"start":{"line":1,"column":492},"end":{"line":1,"column":575}},"7":{"start":{"line":1,"column":599},"end":{"line":1,"column":671}},"8":{"start":{"line":1,"column":689},"end":{"line":1,"column":755}},"9":{"start":{"line":1,"column":769},"end":{"line":1,"column":810}},"10":{"start":{"line":2,"column":19},"end":{"line":2,"column":42}},"11":{"start":{"line":3,"column":33},"end":{"line":3,"column":96}},"12":{"start":{"line":4,"column":14},"end":{"line":4,"column":63}},"13":{"start":{"line":4,"column":83},"end":{"line":4,"column":159}},"14":{"start":{"line":5,"column":19},"end":{"line":8,"column":20}},"15":{"start":{"line":11,"column":11},"end":{"line":65,"column":45}},"16":{"start":{"line":11,"column":34},"end":{"line":11,"column":80}},"17":{"start":{"line":11,"column":101},"end":{"line":11,"column":147}},"18":{"start":{"line":11,"column":147},"end":{"line":11,"column":265}},"19":{"start":{"line":11,"column":266},"end":{"line":65,"column":10}},"20":{"start":{"line":21,"column":6},"end":{"line":21,"column":16}},"21":{"start":{"line":21,"column":25},"end":{"line":21,"column":42}},"22":{"start":{"line":21,"column":53},"end":{"line":21,"column":72}},"23":{"start":{"line":21,"column":86},"end":{"line":21,"column":108}},"24":{"start":{"line":21,"column":126},"end":{"line":21,"column":152}},"25":{"start":{"line":21,"column":161},"end":{"line":21,"column":178}},"26":{"start":{"line":21,"column":194},"end":{"line":21,"column":218}},"27":{"start":{"line":22,"column":6},"end":{"line":58,"column":224}},"28":{"start":{"line":65,"column":10},"end":{"line":65,"column":26}},"29":{"start":{"line":68,"column":0},"end":{"line":68,"column":37}},"30":{"start":{"line":70,"column":0},"end":{"line":70,"column":8}},"31":{"start":{"line":70,"column":9},"end":{"line":70,"column":36}}},"fnMap":{"0":{"name":"onPress","decl":{"start":{"line":7,"column":20},"end":{"line":7,"column":27}},"loc":{"start":{"line":7,"column":30},"end":{"line":7,"column":32}},"line":7},"1":{"name":"(anonymous_1)","decl":{"start":{"line":11,"column":11},"end":{"line":11,"column":12}},"loc":{"start":{"line":11,"column":33},"end":{"line":65,"column":27}},"line":11},"2":{"name":"CardItem","decl":{"start":{"line":11,"column":89},"end":{"line":11,"column":97}},"loc":{"start":{"line":11,"column":100},"end":{"line":11,"column":266}},"line":11},"3":{"name":"render","decl":{"start":{"line":11,"column":337},"end":{"line":11,"column":343}},"loc":{"start":{"line":13,"column":4},"end":{"line":65,"column":5}},"line":13}},"branchMap":{"0":{"loc":{"start":{"line":31,"column":18},"end":{"line":31,"column":87}},"type":"cond-expr","locations":[{"start":{"line":31,"column":26},"end":{"line":31,"column":40}},{"start":{"line":31,"column":43},"end":{"line":31,"column":87}}],"line":31},"1":{"loc":{"start":{"line":39,"column":153},"end":{"line":39,"column":180}},"type":"cond-expr","locations":[{"start":{"line":39,"column":161},"end":{"line":39,"column":166}},{"start":{"line":39,"column":169},"end":{"line":39,"column":180}}],"line":39},"2":{"loc":{"start":{"line":42,"column":155},"end":{"line":42,"column":187}},"type":"cond-expr","locations":[{"start":{"line":42,"column":170},"end":{"line":42,"column":182}},{"start":{"line":42,"column":185},"end":{"line":42,"column":187}}],"line":42},"3":{"loc":{"start":{"line":42,"column":189},"end":{"line":42,"column":212}},"type":"cond-expr","locations":[{"start":{"line":42,"column":199},"end":{"line":42,"column":206}},{"start":{"line":42,"column":209},"end":{"line":42,"column":212}}],"line":42},"4":{"loc":{"start":{"line":52,"column":152},"end":{"line":52,"column":194}},"type":"cond-expr","locations":[{"start":{"line":52,"column":165},"end":{"line":52,"column":175}},{"start":{"line":52,"column":178},"end":{"line":52,"column":194}}],"line":52},"5":{"loc":{"start":{"line":58,"column":169},"end":{"line":58,"column":216}},"type":"cond-expr","locations":[{"start":{"line":58,"column":186},"end":{"line":58,"column":200}},{"start":{"line":58,"column":203},"end":{"line":58,"column":216}}],"line":58}},"s":{"0":3,"1":3,"2":3,"3":3,"4":3,"5":3,"6":3,"7":3,"8":3,"9":3,"10":3,"11":3,"12":3,"13":3,"14":3,"15":3,"16":3,"17":1,"18":1,"19":3,"20":1,"21":1,"22":1,"23":1,"24":1,"25":1,"26":1,"27":1,"28":3,"29":3,"30":3,"31":3},"f":{"0":0,"1":3,"2":1,"3":1},"b":{"0":[0,1],"1":[0,1],"2":[0,1],"3":[0,1],"4":[0,1],"5":[0,1]},"_coverageSchema":"332fd63041d2c1bcb487cc26dd0d5f7d97098a6c","hash":"f3e853817e728e454a067a4a73530f0c22f84048"}
,"/Users/vineet_m/Desktop/eggroup/egGroup-local/src/components/Checkbox/index.js": {"path":"/Users/vineet_m/Desktop/eggroup/egGroup-local/src/components/Checkbox/index.js","statementMap":{"0":{"start":{"line":1,"column":42},"end":{"line":1,"column":97}},"1":{"start":{"line":1,"column":128},"end":{"line":1,"column":184}},"2":{"start":{"line":1,"column":185},"end":{"line":1,"column":247}},"3":{"start":{"line":1,"column":247},"end":{"line":1,"column":272}},"4":{"start":{"line":1,"column":295},"end":{"line":1,"column":367}},"5":{"start":{"line":1,"column":388},"end":{"line":1,"column":457}},"6":{"start":{"line":1,"column":492},"end":{"line":1,"column":575}},"7":{"start":{"line":1,"column":599},"end":{"line":1,"column":671}},"8":{"start":{"line":1,"column":689},"end":{"line":1,"column":755}},"9":{"start":{"line":1,"column":769},"end":{"line":1,"column":810}},"10":{"start":{"line":2,"column":19},"end":{"line":2,"column":42}},"11":{"start":{"line":3,"column":27},"end":{"line":3,"column":59}},"12":{"start":{"line":5,"column":14},"end":{"line":5,"column":61}},"13":{"start":{"line":5,"column":81},"end":{"line":5,"column":161}},"14":{"start":{"line":7,"column":19},"end":{"line":9,"column":18}},"15":{"start":{"line":12,"column":11},"end":{"line":27,"column":45}},"16":{"start":{"line":12,"column":34},"end":{"line":12,"column":80}},"17":{"start":{"line":12,"column":101},"end":{"line":12,"column":147}},"18":{"start":{"line":12,"column":147},"end":{"line":12,"column":265}},"19":{"start":{"line":12,"column":266},"end":{"line":27,"column":10}},"20":{"start":{"line":15,"column":6},"end":{"line":24,"column":36}},"21":{"start":{"line":27,"column":10},"end":{"line":27,"column":26}},"22":{"start":{"line":30,"column":0},"end":{"line":30,"column":37}},"23":{"start":{"line":32,"column":0},"end":{"line":32,"column":8}},"24":{"start":{"line":32,"column":9},"end":{"line":32,"column":36}}},"fnMap":{"0":{"name":"(anonymous_0)","decl":{"start":{"line":12,"column":11},"end":{"line":12,"column":12}},"loc":{"start":{"line":12,"column":33},"end":{"line":27,"column":27}},"line":12},"1":{"name":"Checkbox","decl":{"start":{"line":12,"column":89},"end":{"line":12,"column":97}},"loc":{"start":{"line":12,"column":100},"end":{"line":12,"column":266}},"line":12},"2":{"name":"render","decl":{"start":{"line":12,"column":337},"end":{"line":12,"column":343}},"loc":{"start":{"line":14,"column":4},"end":{"line":27,"column":5}},"line":14}},"branchMap":{"0":{"loc":{"start":{"line":19,"column":16},"end":{"line":19,"column":81}},"type":"cond-expr","locations":[{"start":{"line":19,"column":37},"end":{"line":19,"column":54}},{"start":{"line":19,"column":57},"end":{"line":19,"column":81}}],"line":19}},"s":{"0":2,"1":2,"2":2,"3":2,"4":2,"5":2,"6":2,"7":2,"8":2,"9":2,"10":2,"11":2,"12":2,"13":2,"14":2,"15":2,"16":2,"17":0,"18":0,"19":2,"20":0,"21":2,"22":2,"23":2,"24":2},"f":{"0":2,"1":0,"2":0},"b":{"0":[0,0]},"_coverageSchema":"332fd63041d2c1bcb487cc26dd0d5f7d97098a6c","hash":"1de69c580a5a22c54680d08b84e1f4e402379f97"}
,"/Users/vineet_m/Desktop/eggroup/egGroup-local/src/components/DatePicker/index.js": {"path":"/Users/vineet_m/Desktop/eggroup/egGroup-local/src/components/DatePicker/index.js","statementMap":{"0":{"start":{"line":1,"column":42},"end":{"line":1,"column":97}},"1":{"start":{"line":1,"column":128},"end":{"line":1,"column":184}},"2":{"start":{"line":1,"column":185},"end":{"line":1,"column":247}},"3":{"start":{"line":1,"column":247},"end":{"line":1,"column":272}},"4":{"start":{"line":1,"column":291},"end":{"line":1,"column":352}},"5":{"start":{"line":1,"column":376},"end":{"line":1,"column":448}},"6":{"start":{"line":1,"column":469},"end":{"line":1,"column":538}},"7":{"start":{"line":1,"column":573},"end":{"line":1,"column":656}},"8":{"start":{"line":1,"column":680},"end":{"line":1,"column":752}},"9":{"start":{"line":1,"column":770},"end":{"line":1,"column":836}},"10":{"start":{"line":1,"column":850},"end":{"line":1,"column":891}},"11":{"start":{"line":2,"column":19},"end":{"line":2,"column":42}},"12":{"start":{"line":3,"column":27},"end":{"line":3,"column":59}},"13":{"start":{"line":5,"column":14},"end":{"line":5,"column":61}},"14":{"start":{"line":5,"column":81},"end":{"line":5,"column":163}},"15":{"start":{"line":7,"column":19},"end":{"line":18,"column":48}},"16":{"start":{"line":21,"column":13},"end":{"line":67,"column":47}},"17":{"start":{"line":21,"column":36},"end":{"line":21,"column":84}},"18":{"start":{"line":21,"column":138},"end":{"line":21,"column":186}},"19":{"start":{"line":21,"column":186},"end":{"line":21,"column":306}},"20":{"start":{"line":21,"column":276},"end":{"line":21,"column":305}},"21":{"start":{"line":21,"column":306},"end":{"line":21,"column":475}},"22":{"start":{"line":21,"column":475},"end":{"line":25,"column":6}},"23":{"start":{"line":24,"column":6},"end":{"line":24,"column":30}},"24":{"start":{"line":25,"column":6},"end":{"line":39,"column":135}},"25":{"start":{"line":27,"column":91},"end":{"line":39,"column":133}},"26":{"start":{"line":27,"column":154},"end":{"line":39,"column":107}},"27":{"start":{"line":27,"column":165},"end":{"line":39,"column":106}},"28":{"start":{"line":27,"column":212},"end":{"line":27,"column":230}},"29":{"start":{"line":27,"column":230},"end":{"line":27,"column":248}},"30":{"start":{"line":27,"column":248},"end":{"line":30,"column":54}},"31":{"start":{"line":30,"column":61},"end":{"line":30,"column":82}},"32":{"start":{"line":30,"column":82},"end":{"line":30,"column":103}},"33":{"start":{"line":30,"column":103},"end":{"line":30,"column":120}},"34":{"start":{"line":30,"column":120},"end":{"line":30,"column":139}},"35":{"start":{"line":30,"column":139},"end":{"line":30,"column":154}},"36":{"start":{"line":32,"column":14},"end":{"line":37,"column":15}},"37":{"start":{"line":33,"column":16},"end":{"line":33,"column":79}},"38":{"start":{"line":34,"column":16},"end":{"line":34,"column":40}},"39":{"start":{"line":35,"column":21},"end":{"line":37,"column":15}},"40":{"start":{"line":36,"column":16},"end":{"line":36,"column":40}},"41":{"start":{"line":37,"column":15},"end":{"line":37,"column":34}},"42":{"start":{"line":37,"column":34},"end":{"line":37,"column":40}},"43":{"start":{"line":37,"column":48},"end":{"line":37,"column":67}},"44":{"start":{"line":37,"column":67},"end":{"line":37,"column":102}},"45":{"start":{"line":38,"column":14},"end":{"line":38,"column":38}},"46":{"start":{"line":38,"column":38},"end":{"line":38,"column":68}},"47":{"start":{"line":39,"column":14},"end":{"line":39,"column":63}},"48":{"start":{"line":39,"column":82},"end":{"line":39,"column":105}},"49":{"start":{"line":39,"column":135},"end":{"line":39,"column":148}},"50":{"start":{"line":39,"column":149},"end":{"line":67,"column":10}},"51":{"start":{"line":44,"column":6},"end":{"line":62,"column":154}},"52":{"start":{"line":67,"column":10},"end":{"line":67,"column":28}},"53":{"start":{"line":70,"column":0},"end":{"line":70,"column":39}},"54":{"start":{"line":72,"column":0},"end":{"line":72,"column":10}},"55":{"start":{"line":72,"column":11},"end":{"line":72,"column":38}}},"fnMap":{"0":{"name":"mapElement","decl":{"start":{"line":8,"column":23},"end":{"line":8,"column":33}},"loc":{"start":{"line":8,"column":37},"end":{"line":8,"column":39}},"line":8},"1":{"name":"onSubmitEditing","decl":{"start":{"line":9,"column":28},"end":{"line":9,"column":43}},"loc":{"start":{"line":9,"column":46},"end":{"line":9,"column":48}},"line":9},"2":{"name":"openDatePicker","decl":{"start":{"line":18,"column":27},"end":{"line":18,"column":41}},"loc":{"start":{"line":18,"column":44},"end":{"line":18,"column":46}},"line":18},"3":{"name":"(anonymous_3)","decl":{"start":{"line":21,"column":13},"end":{"line":21,"column":14}},"loc":{"start":{"line":21,"column":35},"end":{"line":67,"column":29}},"line":21},"4":{"name":"DatePicker","decl":{"start":{"line":21,"column":93},"end":{"line":21,"column":103}},"loc":{"start":{"line":21,"column":106},"end":{"line":39,"column":149}},"line":21},"5":{"name":"(anonymous_5)","decl":{"start":{"line":23,"column":17},"end":{"line":23,"column":18}},"loc":{"start":{"line":23,"column":33},"end":{"line":25,"column":5}},"line":23},"6":{"name":"_callee","decl":{"start":{"line":27,"column":30},"end":{"line":27,"column":37}},"loc":{"start":{"line":27,"column":40},"end":{"line":39,"column":134}},"line":27},"7":{"name":"_callee$","decl":{"start":{"line":27,"column":134},"end":{"line":27,"column":142}},"loc":{"start":{"line":27,"column":153},"end":{"line":39,"column":108}},"line":27},"8":{"name":"render","decl":{"start":{"line":39,"column":222},"end":{"line":39,"column":228}},"loc":{"start":{"line":43,"column":4},"end":{"line":67,"column":5}},"line":43}},"branchMap":{"0":{"loc":{"start":{"line":27,"column":165},"end":{"line":39,"column":106}},"type":"switch","locations":[{"start":{"line":27,"column":205},"end":{"line":30,"column":54}},{"start":{"line":30,"column":54},"end":{"line":37,"column":40}},{"start":{"line":37,"column":40},"end":{"line":39,"column":63}},{"start":{"line":39,"column":63},"end":{"line":39,"column":71}},{"start":{"line":39,"column":71},"end":{"line":39,"column":105}}],"line":27},"1":{"loc":{"start":{"line":32,"column":14},"end":{"line":37,"column":15}},"type":"if","locations":[{"start":{"line":32,"column":14},"end":{"line":37,"column":15}},{"start":{"line":32,"column":14},"end":{"line":37,"column":15}}],"line":32},"2":{"loc":{"start":{"line":35,"column":21},"end":{"line":37,"column":15}},"type":"if","locations":[{"start":{"line":35,"column":21},"end":{"line":37,"column":15}},{"start":{"line":35,"column":21},"end":{"line":37,"column":15}}],"line":35}},"s":{"0":2,"1":2,"2":2,"3":2,"4":2,"5":2,"6":2,"7":2,"8":2,"9":2,"10":2,"11":2,"12":2,"13":2,"14":2,"15":2,"16":2,"17":2,"18":0,"19":0,"20":0,"21":0,"22":0,"23":0,"24":0,"25":0,"26":0,"27":0,"28":0,"29":0,"30":0,"31":0,"32":0,"33":0,"34":0,"35":0,"36":0,"37":0,"38":0,"39":0,"40":0,"41":0,"42":0,"43":0,"44":0,"45":0,"46":0,"47":0,"48":0,"49":0,"50":2,"51":0,"52":2,"53":2,"54":2,"55":2},"f":{"0":0,"1":0,"2":0,"3":2,"4":0,"5":0,"6":0,"7":0,"8":0},"b":{"0":[0,0,0,0,0],"1":[0,0],"2":[0,0]},"_coverageSchema":"332fd63041d2c1bcb487cc26dd0d5f7d97098a6c","hash":"69a2532b2bbbb0543ae56be4dac9116a65bd0fe9"}
,"/Users/vineet_m/Desktop/eggroup/egGroup-local/src/components/InputText/index.js": {"path":"/Users/vineet_m/Desktop/eggroup/egGroup-local/src/components/InputText/index.js","statementMap":{"0":{"start":{"line":1,"column":42},"end":{"line":1,"column":97}},"1":{"start":{"line":1,"column":128},"end":{"line":1,"column":184}},"2":{"start":{"line":1,"column":185},"end":{"line":1,"column":247}},"3":{"start":{"line":1,"column":247},"end":{"line":1,"column":272}},"4":{"start":{"line":1,"column":295},"end":{"line":1,"column":367}},"5":{"start":{"line":1,"column":388},"end":{"line":1,"column":457}},"6":{"start":{"line":1,"column":492},"end":{"line":1,"column":575}},"7":{"start":{"line":1,"column":599},"end":{"line":1,"column":671}},"8":{"start":{"line":1,"column":689},"end":{"line":1,"column":755}},"9":{"start":{"line":1,"column":769},"end":{"line":1,"column":810}},"10":{"start":{"line":2,"column":19},"end":{"line":2,"column":42}},"11":{"start":{"line":3,"column":27},"end":{"line":3,"column":59}},"12":{"start":{"line":5,"column":14},"end":{"line":5,"column":61}},"13":{"start":{"line":5,"column":81},"end":{"line":5,"column":162}},"14":{"start":{"line":7,"column":19},"end":{"line":19,"column":42}},"15":{"start":{"line":22,"column":12},"end":{"line":59,"column":46}},"16":{"start":{"line":22,"column":35},"end":{"line":22,"column":82}},"17":{"start":{"line":22,"column":135},"end":{"line":22,"column":182}},"18":{"start":{"line":22,"column":182},"end":{"line":22,"column":302}},"19":{"start":{"line":22,"column":272},"end":{"line":22,"column":301}},"20":{"start":{"line":22,"column":302},"end":{"line":22,"column":470}},"21":{"start":{"line":22,"column":470},"end":{"line":26,"column":6}},"22":{"start":{"line":25,"column":6},"end":{"line":25,"column":35}},"23":{"start":{"line":26,"column":6},"end":{"line":26,"column":19}},"24":{"start":{"line":26,"column":20},"end":{"line":59,"column":10}},"25":{"start":{"line":29,"column":6},"end":{"line":51,"column":80}},"26":{"start":{"line":59,"column":10},"end":{"line":59,"column":27}},"27":{"start":{"line":62,"column":0},"end":{"line":62,"column":38}},"28":{"start":{"line":64,"column":0},"end":{"line":64,"column":9}},"29":{"start":{"line":64,"column":10},"end":{"line":64,"column":37}}},"fnMap":{"0":{"name":"mapElement","decl":{"start":{"line":8,"column":23},"end":{"line":8,"column":33}},"loc":{"start":{"line":8,"column":37},"end":{"line":8,"column":39}},"line":8},"1":{"name":"onSubmitEditing","decl":{"start":{"line":9,"column":28},"end":{"line":9,"column":43}},"loc":{"start":{"line":9,"column":46},"end":{"line":9,"column":48}},"line":9},"2":{"name":"onIconPress","decl":{"start":{"line":19,"column":24},"end":{"line":19,"column":35}},"loc":{"start":{"line":19,"column":38},"end":{"line":19,"column":40}},"line":19},"3":{"name":"(anonymous_3)","decl":{"start":{"line":22,"column":12},"end":{"line":22,"column":13}},"loc":{"start":{"line":22,"column":34},"end":{"line":59,"column":28}},"line":22},"4":{"name":"InputText","decl":{"start":{"line":22,"column":91},"end":{"line":22,"column":100}},"loc":{"start":{"line":22,"column":103},"end":{"line":26,"column":20}},"line":22},"5":{"name":"(anonymous_5)","decl":{"start":{"line":24,"column":17},"end":{"line":24,"column":18}},"loc":{"start":{"line":24,"column":33},"end":{"line":26,"column":5}},"line":24},"6":{"name":"render","decl":{"start":{"line":26,"column":92},"end":{"line":26,"column":98}},"loc":{"start":{"line":28,"column":4},"end":{"line":59,"column":5}},"line":28}},"branchMap":{"0":{"loc":{"start":{"line":44,"column":8},"end":{"line":51,"column":77}},"type":"binary-expr","locations":[{"start":{"line":44,"column":8},"end":{"line":44,"column":29}},{"start":{"line":45,"column":8},"end":{"line":51,"column":77}}],"line":44},"1":{"loc":{"start":{"line":48,"column":16},"end":{"line":48,"column":62}},"type":"cond-expr","locations":[{"start":{"line":48,"column":45},"end":{"line":48,"column":50}},{"start":{"line":48,"column":53},"end":{"line":48,"column":62}}],"line":48}},"s":{"0":2,"1":2,"2":2,"3":2,"4":2,"5":2,"6":2,"7":2,"8":2,"9":2,"10":2,"11":2,"12":2,"13":2,"14":2,"15":2,"16":2,"17":0,"18":0,"19":0,"20":0,"21":0,"22":0,"23":0,"24":2,"25":0,"26":2,"27":2,"28":2,"29":2},"f":{"0":0,"1":0,"2":0,"3":2,"4":0,"5":0,"6":0},"b":{"0":[0,0],"1":[0,0]},"_coverageSchema":"332fd63041d2c1bcb487cc26dd0d5f7d97098a6c","hash":"4737d8f946ae476634a2375076560a28879b62ef"}
,"/Users/vineet_m/Desktop/eggroup/egGroup-local/src/components/LinkButton/index.js": {"path":"/Users/vineet_m/Desktop/eggroup/egGroup-local/src/components/LinkButton/index.js","statementMap":{"0":{"start":{"line":1,"column":42},"end":{"line":1,"column":97}},"1":{"start":{"line":1,"column":128},"end":{"line":1,"column":184}},"2":{"start":{"line":1,"column":185},"end":{"line":1,"column":247}},"3":{"start":{"line":1,"column":247},"end":{"line":1,"column":272}},"4":{"start":{"line":1,"column":295},"end":{"line":1,"column":367}},"5":{"start":{"line":1,"column":388},"end":{"line":1,"column":457}},"6":{"start":{"line":1,"column":492},"end":{"line":1,"column":575}},"7":{"start":{"line":1,"column":599},"end":{"line":1,"column":671}},"8":{"start":{"line":1,"column":689},"end":{"line":1,"column":755}},"9":{"start":{"line":1,"column":769},"end":{"line":1,"column":810}},"10":{"start":{"line":2,"column":19},"end":{"line":2,"column":42}},"11":{"start":{"line":4,"column":14},"end":{"line":4,"column":61}},"12":{"start":{"line":4,"column":81},"end":{"line":4,"column":163}},"13":{"start":{"line":6,"column":19},"end":{"line":10,"column":19}},"14":{"start":{"line":13,"column":13},"end":{"line":24,"column":47}},"15":{"start":{"line":13,"column":36},"end":{"line":13,"column":84}},"16":{"start":{"line":13,"column":107},"end":{"line":13,"column":155}},"17":{"start":{"line":13,"column":155},"end":{"line":13,"column":275}},"18":{"start":{"line":13,"column":276},"end":{"line":24,"column":10}},"19":{"start":{"line":16,"column":6},"end":{"line":20,"column":28}},"20":{"start":{"line":24,"column":10},"end":{"line":24,"column":28}},"21":{"start":{"line":27,"column":0},"end":{"line":27,"column":39}},"22":{"start":{"line":29,"column":0},"end":{"line":29,"column":10}},"23":{"start":{"line":29,"column":11},"end":{"line":29,"column":38}}},"fnMap":{"0":{"name":"onPress","decl":{"start":{"line":8,"column":20},"end":{"line":8,"column":27}},"loc":{"start":{"line":8,"column":30},"end":{"line":8,"column":32}},"line":8},"1":{"name":"(anonymous_1)","decl":{"start":{"line":13,"column":13},"end":{"line":13,"column":14}},"loc":{"start":{"line":13,"column":35},"end":{"line":24,"column":29}},"line":13},"2":{"name":"LinkButton","decl":{"start":{"line":13,"column":93},"end":{"line":13,"column":103}},"loc":{"start":{"line":13,"column":106},"end":{"line":13,"column":276}},"line":13},"3":{"name":"render","decl":{"start":{"line":13,"column":349},"end":{"line":13,"column":355}},"loc":{"start":{"line":15,"column":4},"end":{"line":24,"column":5}},"line":15}},"branchMap":{},"s":{"0":2,"1":2,"2":2,"3":2,"4":2,"5":2,"6":2,"7":2,"8":2,"9":2,"10":2,"11":2,"12":2,"13":2,"14":2,"15":2,"16":0,"17":0,"18":2,"19":0,"20":2,"21":2,"22":2,"23":2},"f":{"0":0,"1":2,"2":0,"3":0},"b":{},"_coverageSchema":"332fd63041d2c1bcb487cc26dd0d5f7d97098a6c","hash":"bcc07e8d40c711801f5d07a40d0e3817ced60e40"}
,"/Users/vineet_m/Desktop/eggroup/egGroup-local/src/components/ListPicker/index.js": {"path":"/Users/vineet_m/Desktop/eggroup/egGroup-local/src/components/ListPicker/index.js","statementMap":{"0":{"start":{"line":1,"column":42},"end":{"line":1,"column":97}},"1":{"start":{"line":1,"column":128},"end":{"line":1,"column":184}},"2":{"start":{"line":1,"column":185},"end":{"line":1,"column":247}},"3":{"start":{"line":1,"column":247},"end":{"line":1,"column":272}},"4":{"start":{"line":1,"column":295},"end":{"line":1,"column":367}},"5":{"start":{"line":1,"column":388},"end":{"line":1,"column":457}},"6":{"start":{"line":1,"column":492},"end":{"line":1,"column":575}},"7":{"start":{"line":1,"column":599},"end":{"line":1,"column":671}},"8":{"start":{"line":1,"column":689},"end":{"line":1,"column":755}},"9":{"start":{"line":1,"column":769},"end":{"line":1,"column":810}},"10":{"start":{"line":2,"column":19},"end":{"line":2,"column":42}},"11":{"start":{"line":3,"column":14},"end":{"line":3,"column":63}},"12":{"start":{"line":3,"column":83},"end":{"line":3,"column":165}},"13":{"start":{"line":5,"column":13},"end":{"line":35,"column":47}},"14":{"start":{"line":5,"column":36},"end":{"line":5,"column":84}},"15":{"start":{"line":6,"column":40},"end":{"line":6,"column":88}},"16":{"start":{"line":7,"column":4},"end":{"line":7,"column":120}},"17":{"start":{"line":7,"column":120},"end":{"line":18,"column":6}},"18":{"start":{"line":14,"column":6},"end":{"line":15,"column":30}},"19":{"start":{"line":17,"column":6},"end":{"line":17,"column":45}},"20":{"start":{"line":18,"column":6},"end":{"line":18,"column":51}},"21":{"start":{"line":18,"column":51},"end":{"line":18,"column":64}},"22":{"start":{"line":18,"column":65},"end":{"line":35,"column":10}},"23":{"start":{"line":21,"column":6},"end":{"line":31,"column":160}},"24":{"start":{"line":35,"column":10},"end":{"line":35,"column":28}},"25":{"start":{"line":38,"column":0},"end":{"line":38,"column":10}},"26":{"start":{"line":38,"column":11},"end":{"line":38,"column":38}}},"fnMap":{"0":{"name":"(anonymous_0)","decl":{"start":{"line":5,"column":13},"end":{"line":5,"column":14}},"loc":{"start":{"line":5,"column":35},"end":{"line":35,"column":29}},"line":5},"1":{"name":"ListPicker","decl":{"start":{"line":6,"column":11},"end":{"line":6,"column":21}},"loc":{"start":{"line":6,"column":29},"end":{"line":18,"column":65}},"line":6},"2":{"name":"(anonymous_2)","decl":{"start":{"line":13,"column":15},"end":{"line":13,"column":16}},"loc":{"start":{"line":13,"column":32},"end":{"line":18,"column":5}},"line":13},"3":{"name":"render","decl":{"start":{"line":18,"column":138},"end":{"line":18,"column":144}},"loc":{"start":{"line":20,"column":4},"end":{"line":35,"column":5}},"line":20}},"branchMap":{},"s":{"0":2,"1":2,"2":2,"3":2,"4":2,"5":2,"6":2,"7":2,"8":2,"9":2,"10":2,"11":2,"12":2,"13":2,"14":2,"15":0,"16":0,"17":0,"18":0,"19":0,"20":0,"21":0,"22":2,"23":0,"24":2,"25":2,"26":2},"f":{"0":2,"1":0,"2":0,"3":0},"b":{},"_coverageSchema":"332fd63041d2c1bcb487cc26dd0d5f7d97098a6c","hash":"92fca76e489c8bb915292442009765950828f76c"}
,"/Users/vineet_m/Desktop/eggroup/egGroup-local/src/components/Phone/index.js": {"path":"/Users/vineet_m/Desktop/eggroup/egGroup-local/src/components/Phone/index.js","statementMap":{"0":{"start":{"line":1,"column":42},"end":{"line":1,"column":97}},"1":{"start":{"line":1,"column":128},"end":{"line":1,"column":184}},"2":{"start":{"line":1,"column":185},"end":{"line":1,"column":247}},"3":{"start":{"line":1,"column":247},"end":{"line":1,"column":272}},"4":{"start":{"line":1,"column":295},"end":{"line":1,"column":367}},"5":{"start":{"line":1,"column":388},"end":{"line":1,"column":457}},"6":{"start":{"line":1,"column":492},"end":{"line":1,"column":575}},"7":{"start":{"line":1,"column":599},"end":{"line":1,"column":671}},"8":{"start":{"line":1,"column":689},"end":{"line":1,"column":755}},"9":{"start":{"line":1,"column":769},"end":{"line":1,"column":810}},"10":{"start":{"line":2,"column":19},"end":{"line":2,"column":42}},"11":{"start":{"line":3,"column":27},"end":{"line":3,"column":59}},"12":{"start":{"line":5,"column":14},"end":{"line":5,"column":61}},"13":{"start":{"line":5,"column":81},"end":{"line":5,"column":158}},"14":{"start":{"line":7,"column":19},"end":{"line":19,"column":42}},"15":{"start":{"line":22,"column":8},"end":{"line":60,"column":42}},"16":{"start":{"line":22,"column":31},"end":{"line":22,"column":74}},"17":{"start":{"line":22,"column":123},"end":{"line":22,"column":166}},"18":{"start":{"line":22,"column":166},"end":{"line":22,"column":286}},"19":{"start":{"line":22,"column":256},"end":{"line":22,"column":285}},"20":{"start":{"line":22,"column":286},"end":{"line":22,"column":450}},"21":{"start":{"line":22,"column":450},"end":{"line":26,"column":6}},"22":{"start":{"line":25,"column":6},"end":{"line":25,"column":35}},"23":{"start":{"line":26,"column":6},"end":{"line":26,"column":19}},"24":{"start":{"line":26,"column":20},"end":{"line":60,"column":10}},"25":{"start":{"line":29,"column":6},"end":{"line":56,"column":108}},"26":{"start":{"line":60,"column":10},"end":{"line":60,"column":23}},"27":{"start":{"line":63,"column":0},"end":{"line":63,"column":34}},"28":{"start":{"line":65,"column":0},"end":{"line":65,"column":5}},"29":{"start":{"line":65,"column":6},"end":{"line":65,"column":33}}},"fnMap":{"0":{"name":"mapElement","decl":{"start":{"line":8,"column":23},"end":{"line":8,"column":33}},"loc":{"start":{"line":8,"column":37},"end":{"line":8,"column":39}},"line":8},"1":{"name":"onSubmitEditing","decl":{"start":{"line":9,"column":28},"end":{"line":9,"column":43}},"loc":{"start":{"line":9,"column":46},"end":{"line":9,"column":48}},"line":9},"2":{"name":"onIconPress","decl":{"start":{"line":19,"column":24},"end":{"line":19,"column":35}},"loc":{"start":{"line":19,"column":38},"end":{"line":19,"column":40}},"line":19},"3":{"name":"(anonymous_3)","decl":{"start":{"line":22,"column":8},"end":{"line":22,"column":9}},"loc":{"start":{"line":22,"column":30},"end":{"line":60,"column":24}},"line":22},"4":{"name":"Phone","decl":{"start":{"line":22,"column":83},"end":{"line":22,"column":88}},"loc":{"start":{"line":22,"column":91},"end":{"line":26,"column":20}},"line":22},"5":{"name":"(anonymous_5)","decl":{"start":{"line":24,"column":17},"end":{"line":24,"column":18}},"loc":{"start":{"line":24,"column":33},"end":{"line":26,"column":5}},"line":24},"6":{"name":"render","decl":{"start":{"line":26,"column":88},"end":{"line":26,"column":94}},"loc":{"start":{"line":28,"column":4},"end":{"line":60,"column":5}},"line":28}},"branchMap":{},"s":{"0":2,"1":2,"2":2,"3":2,"4":2,"5":2,"6":2,"7":2,"8":2,"9":2,"10":2,"11":2,"12":2,"13":2,"14":2,"15":2,"16":2,"17":0,"18":0,"19":0,"20":0,"21":0,"22":0,"23":0,"24":2,"25":0,"26":2,"27":2,"28":2,"29":2},"f":{"0":0,"1":0,"2":0,"3":2,"4":0,"5":0,"6":0},"b":{},"_coverageSchema":"332fd63041d2c1bcb487cc26dd0d5f7d97098a6c","hash":"d8fab30fe168d2edd2e095427e323b42b01a8290"}
,"/Users/vineet_m/Desktop/eggroup/egGroup-local/src/components/PickerImage/index.js": {"path":"/Users/vineet_m/Desktop/eggroup/egGroup-local/src/components/PickerImage/index.js","statementMap":{"0":{"start":{"line":1,"column":42},"end":{"line":1,"column":97}},"1":{"start":{"line":1,"column":128},"end":{"line":1,"column":184}},"2":{"start":{"line":1,"column":185},"end":{"line":1,"column":247}},"3":{"start":{"line":1,"column":247},"end":{"line":1,"column":272}},"4":{"start":{"line":1,"column":295},"end":{"line":1,"column":367}},"5":{"start":{"line":1,"column":388},"end":{"line":1,"column":457}},"6":{"start":{"line":1,"column":492},"end":{"line":1,"column":575}},"7":{"start":{"line":1,"column":599},"end":{"line":1,"column":671}},"8":{"start":{"line":1,"column":689},"end":{"line":1,"column":755}},"9":{"start":{"line":1,"column":769},"end":{"line":1,"column":810}},"10":{"start":{"line":2,"column":19},"end":{"line":2,"column":42}},"11":{"start":{"line":3,"column":27},"end":{"line":3,"column":59}},"12":{"start":{"line":4,"column":30},"end":{"line":4,"column":90}},"13":{"start":{"line":5,"column":35},"end":{"line":5,"column":101}},"14":{"start":{"line":6,"column":30},"end":{"line":6,"column":89}},"15":{"start":{"line":8,"column":14},"end":{"line":8,"column":61}},"16":{"start":{"line":8,"column":81},"end":{"line":8,"column":164}},"17":{"start":{"line":10,"column":14},"end":{"line":35,"column":48}},"18":{"start":{"line":10,"column":37},"end":{"line":10,"column":86}},"19":{"start":{"line":12,"column":41},"end":{"line":12,"column":90}},"20":{"start":{"line":13,"column":4},"end":{"line":13,"column":121}},"21":{"start":{"line":13,"column":121},"end":{"line":25,"column":6}},"22":{"start":{"line":22,"column":6},"end":{"line":24,"column":7}},"23":{"start":{"line":23,"column":8},"end":{"line":23,"column":34}},"24":{"start":{"line":25,"column":7},"end":{"line":25,"column":44}},"25":{"start":{"line":25,"column":45},"end":{"line":25,"column":58}},"26":{"start":{"line":25,"column":59},"end":{"line":35,"column":10}},"27":{"start":{"line":28,"column":6},"end":{"line":32,"column":190}},"28":{"start":{"line":35,"column":10},"end":{"line":35,"column":29}},"29":{"start":{"line":38,"column":0},"end":{"line":38,"column":11}},"30":{"start":{"line":38,"column":12},"end":{"line":38,"column":39}}},"fnMap":{"0":{"name":"(anonymous_0)","decl":{"start":{"line":10,"column":14},"end":{"line":10,"column":15}},"loc":{"start":{"line":10,"column":36},"end":{"line":35,"column":30}},"line":10},"1":{"name":"PickerImage","decl":{"start":{"line":12,"column":11},"end":{"line":12,"column":22}},"loc":{"start":{"line":12,"column":30},"end":{"line":25,"column":59}},"line":12},"2":{"name":"(anonymous_2)","decl":{"start":{"line":21,"column":24},"end":{"line":21,"column":25}},"loc":{"start":{"line":21,"column":41},"end":{"line":25,"column":5}},"line":21},"3":{"name":"render","decl":{"start":{"line":25,"column":133},"end":{"line":25,"column":139}},"loc":{"start":{"line":27,"column":4},"end":{"line":35,"column":5}},"line":27}},"branchMap":{"0":{"loc":{"start":{"line":22,"column":6},"end":{"line":24,"column":7}},"type":"if","locations":[{"start":{"line":22,"column":6},"end":{"line":24,"column":7}},{"start":{"line":22,"column":6},"end":{"line":24,"column":7}}],"line":22}},"s":{"0":2,"1":2,"2":2,"3":2,"4":2,"5":2,"6":2,"7":2,"8":2,"9":2,"10":2,"11":2,"12":2,"13":2,"14":2,"15":2,"16":2,"17":2,"18":2,"19":0,"20":0,"21":0,"22":0,"23":0,"24":0,"25":0,"26":2,"27":0,"28":2,"29":2,"30":2},"f":{"0":2,"1":0,"2":0,"3":0},"b":{"0":[0,0]},"_coverageSchema":"332fd63041d2c1bcb487cc26dd0d5f7d97098a6c","hash":"cb587e1b09737faa6a2218c7424c9450b8f4a4d3"}
,"/Users/vineet_m/Desktop/eggroup/egGroup-local/src/components/Routes/index.js": {"path":"/Users/vineet_m/Desktop/eggroup/egGroup-local/src/components/Routes/index.js","statementMap":{"0":{"start":{"line":1,"column":42},"end":{"line":1,"column":97}},"1":{"start":{"line":1,"column":128},"end":{"line":1,"column":184}},"2":{"start":{"line":1,"column":185},"end":{"line":1,"column":247}},"3":{"start":{"line":1,"column":247},"end":{"line":1,"column":272}},"4":{"start":{"line":1,"column":295},"end":{"line":1,"column":367}},"5":{"start":{"line":1,"column":388},"end":{"line":1,"column":457}},"6":{"start":{"line":1,"column":492},"end":{"line":1,"column":575}},"7":{"start":{"line":1,"column":599},"end":{"line":1,"column":671}},"8":{"start":{"line":1,"column":689},"end":{"line":1,"column":755}},"9":{"start":{"line":1,"column":769},"end":{"line":1,"column":810}},"10":{"start":{"line":2,"column":29},"end":{"line":2,"column":64}},"11":{"start":{"line":3,"column":27},"end":{"line":3,"column":59}},"12":{"start":{"line":5,"column":13},"end":{"line":5,"column":67}},"13":{"start":{"line":6,"column":22},"end":{"line":6,"column":85}},"14":{"start":{"line":7,"column":16},"end":{"line":7,"column":73}},"15":{"start":{"line":8,"column":20},"end":{"line":8,"column":81}},"16":{"start":{"line":9,"column":20},"end":{"line":9,"column":81}},"17":{"start":{"line":10,"column":23},"end":{"line":10,"column":87}},"18":{"start":{"line":11,"column":24},"end":{"line":11,"column":89}},"19":{"start":{"line":12,"column":30},"end":{"line":12,"column":101}},"20":{"start":{"line":13,"column":23},"end":{"line":13,"column":87}},"21":{"start":{"line":14,"column":20},"end":{"line":14,"column":81}},"22":{"start":{"line":15,"column":24},"end":{"line":15,"column":89}},"23":{"start":{"line":16,"column":15},"end":{"line":16,"column":71}},"24":{"start":{"line":17,"column":19},"end":{"line":17,"column":79}},"25":{"start":{"line":18,"column":22},"end":{"line":18,"column":85}},"26":{"start":{"line":19,"column":21},"end":{"line":19,"column":83}},"27":{"start":{"line":20,"column":19},"end":{"line":20,"column":79}},"28":{"start":{"line":21,"column":26},"end":{"line":21,"column":93}},"29":{"start":{"line":22,"column":12},"end":{"line":22,"column":65}},"30":{"start":{"line":23,"column":24},"end":{"line":23,"column":89}},"31":{"start":{"line":24,"column":19},"end":{"line":24,"column":79}},"32":{"start":{"line":25,"column":25},"end":{"line":25,"column":91}},"33":{"start":{"line":26,"column":22},"end":{"line":26,"column":85}},"34":{"start":{"line":26,"column":105},"end":{"line":26,"column":183}},"35":{"start":{"line":28,"column":9},"end":{"line":98,"column":43}},"36":{"start":{"line":28,"column":32},"end":{"line":28,"column":76}},"37":{"start":{"line":28,"column":126},"end":{"line":28,"column":170}},"38":{"start":{"line":28,"column":170},"end":{"line":28,"column":290}},"39":{"start":{"line":28,"column":260},"end":{"line":28,"column":289}},"40":{"start":{"line":28,"column":290},"end":{"line":28,"column":455}},"41":{"start":{"line":28,"column":455},"end":{"line":33,"column":94}},"42":{"start":{"line":30,"column":38},"end":{"line":33,"column":92}},"43":{"start":{"line":33,"column":94},"end":{"line":38,"column":94}},"44":{"start":{"line":35,"column":34},"end":{"line":38,"column":92}},"45":{"start":{"line":38,"column":94},"end":{"line":43,"column":94}},"46":{"start":{"line":40,"column":34},"end":{"line":43,"column":92}},"47":{"start":{"line":43,"column":94},"end":{"line":48,"column":94}},"48":{"start":{"line":45,"column":36},"end":{"line":48,"column":92}},"49":{"start":{"line":48,"column":94},"end":{"line":53,"column":94}},"50":{"start":{"line":50,"column":38},"end":{"line":53,"column":92}},"51":{"start":{"line":53,"column":94},"end":{"line":58,"column":94}},"52":{"start":{"line":55,"column":39},"end":{"line":58,"column":92}},"53":{"start":{"line":58,"column":94},"end":{"line":58,"column":107}},"54":{"start":{"line":58,"column":108},"end":{"line":98,"column":10}},"55":{"start":{"line":62,"column":6},"end":{"line":93,"column":220}},"56":{"start":{"line":98,"column":10},"end":{"line":98,"column":24}},"57":{"start":{"line":98,"column":44},"end":{"line":98,"column":69}}},"fnMap":{"0":{"name":"(anonymous_0)","decl":{"start":{"line":28,"column":9},"end":{"line":28,"column":10}},"loc":{"start":{"line":28,"column":31},"end":{"line":98,"column":25}},"line":28},"1":{"name":"Routes","decl":{"start":{"line":28,"column":85},"end":{"line":28,"column":91}},"loc":{"start":{"line":28,"column":94},"end":{"line":58,"column":108}},"line":28},"2":{"name":"(anonymous_2)","decl":{"start":{"line":30,"column":25},"end":{"line":30,"column":26}},"loc":{"start":{"line":30,"column":37},"end":{"line":33,"column":93}},"line":30},"3":{"name":"(anonymous_3)","decl":{"start":{"line":35,"column":21},"end":{"line":35,"column":22}},"loc":{"start":{"line":35,"column":33},"end":{"line":38,"column":93}},"line":35},"4":{"name":"(anonymous_4)","decl":{"start":{"line":40,"column":21},"end":{"line":40,"column":22}},"loc":{"start":{"line":40,"column":33},"end":{"line":43,"column":93}},"line":40},"5":{"name":"(anonymous_5)","decl":{"start":{"line":45,"column":23},"end":{"line":45,"column":24}},"loc":{"start":{"line":45,"column":35},"end":{"line":48,"column":93}},"line":45},"6":{"name":"(anonymous_6)","decl":{"start":{"line":50,"column":25},"end":{"line":50,"column":26}},"loc":{"start":{"line":50,"column":37},"end":{"line":53,"column":93}},"line":50},"7":{"name":"(anonymous_7)","decl":{"start":{"line":55,"column":26},"end":{"line":55,"column":27}},"loc":{"start":{"line":55,"column":38},"end":{"line":58,"column":93}},"line":55},"8":{"name":"render","decl":{"start":{"line":58,"column":177},"end":{"line":58,"column":183}},"loc":{"start":{"line":61,"column":4},"end":{"line":98,"column":5}},"line":61}},"branchMap":{},"s":{"0":2,"1":2,"2":2,"3":2,"4":2,"5":2,"6":2,"7":2,"8":2,"9":2,"10":2,"11":2,"12":2,"13":2,"14":2,"15":2,"16":2,"17":2,"18":2,"19":2,"20":2,"21":2,"22":2,"23":2,"24":2,"25":2,"26":2,"27":2,"28":2,"29":2,"30":2,"31":2,"32":2,"33":2,"34":2,"35":2,"36":2,"37":0,"38":0,"39":0,"40":0,"41":0,"42":0,"43":0,"44":0,"45":0,"46":0,"47":0,"48":0,"49":0,"50":0,"51":0,"52":0,"53":0,"54":2,"55":0,"56":2,"57":2},"f":{"0":2,"1":0,"2":0,"3":0,"4":0,"5":0,"6":0,"7":0,"8":0},"b":{},"_coverageSchema":"332fd63041d2c1bcb487cc26dd0d5f7d97098a6c","hash":"18c098447c9fcc4d7d88ab37f75797bd0ff854bb"}
,"/Users/vineet_m/Desktop/eggroup/egGroup-local/src/components/Sidebar/Sidebar.js": {"path":"/Users/vineet_m/Desktop/eggroup/egGroup-local/src/components/Sidebar/Sidebar.js","statementMap":{"0":{"start":{"line":1,"column":42},"end":{"line":1,"column":97}},"1":{"start":{"line":1,"column":98},"end":{"line":1,"column":160}},"2":{"start":{"line":1,"column":160},"end":{"line":1,"column":185}},"3":{"start":{"line":1,"column":208},"end":{"line":1,"column":280}},"4":{"start":{"line":1,"column":301},"end":{"line":1,"column":370}},"5":{"start":{"line":1,"column":405},"end":{"line":1,"column":488}},"6":{"start":{"line":1,"column":512},"end":{"line":1,"column":584}},"7":{"start":{"line":1,"column":602},"end":{"line":1,"column":668}},"8":{"start":{"line":1,"column":682},"end":{"line":1,"column":722}},"9":{"start":{"line":2,"column":19},"end":{"line":2,"column":42}},"10":{"start":{"line":3,"column":14},"end":{"line":3,"column":63}},"11":{"start":{"line":4,"column":15},"end":{"line":4,"column":41}},"12":{"start":{"line":4,"column":61},"end":{"line":4,"column":142}},"13":{"start":{"line":5,"column":10},"end":{"line":78,"column":52}},"14":{"start":{"line":5,"column":39},"end":{"line":5,"column":90}},"15":{"start":{"line":5,"column":110},"end":{"line":5,"column":155}},"16":{"start":{"line":5,"column":155},"end":{"line":5,"column":272}},"17":{"start":{"line":5,"column":273},"end":{"line":78,"column":10}},"18":{"start":{"line":8,"column":6},"end":{"line":72,"column":131}},"19":{"start":{"line":10,"column":106},"end":{"line":10,"column":150}},"20":{"start":{"line":23,"column":106},"end":{"line":23,"column":147}},"21":{"start":{"line":36,"column":106},"end":{"line":36,"column":156}},"22":{"start":{"line":49,"column":106},"end":{"line":49,"column":153}},"23":{"start":{"line":63,"column":106},"end":{"line":63,"column":150}},"24":{"start":{"line":78,"column":10},"end":{"line":78,"column":25}},"25":{"start":{"line":81,"column":0},"end":{"line":81,"column":7}},"26":{"start":{"line":81,"column":8},"end":{"line":81,"column":35}}},"fnMap":{"0":{"name":"(anonymous_0)","decl":{"start":{"line":5,"column":10},"end":{"line":5,"column":11}},"loc":{"start":{"line":5,"column":38},"end":{"line":78,"column":26}},"line":5},"1":{"name":"Sidebar","decl":{"start":{"line":5,"column":99},"end":{"line":5,"column":106}},"loc":{"start":{"line":5,"column":109},"end":{"line":5,"column":273}},"line":5},"2":{"name":"render","decl":{"start":{"line":5,"column":343},"end":{"line":5,"column":349}},"loc":{"start":{"line":6,"column":4},"end":{"line":78,"column":5}},"line":6},"3":{"name":"onPress","decl":{"start":{"line":10,"column":95},"end":{"line":10,"column":102}},"loc":{"start":{"line":10,"column":105},"end":{"line":10,"column":151}},"line":10},"4":{"name":"onPress","decl":{"start":{"line":23,"column":95},"end":{"line":23,"column":102}},"loc":{"start":{"line":23,"column":105},"end":{"line":23,"column":148}},"line":23},"5":{"name":"onPress","decl":{"start":{"line":36,"column":95},"end":{"line":36,"column":102}},"loc":{"start":{"line":36,"column":105},"end":{"line":36,"column":157}},"line":36},"6":{"name":"onPress","decl":{"start":{"line":49,"column":95},"end":{"line":49,"column":102}},"loc":{"start":{"line":49,"column":105},"end":{"line":49,"column":154}},"line":49},"7":{"name":"onPress","decl":{"start":{"line":63,"column":95},"end":{"line":63,"column":102}},"loc":{"start":{"line":63,"column":105},"end":{"line":63,"column":151}},"line":63}},"branchMap":{},"s":{"0":2,"1":2,"2":2,"3":2,"4":2,"5":2,"6":2,"7":2,"8":2,"9":2,"10":2,"11":2,"12":2,"13":2,"14":2,"15":0,"16":0,"17":2,"18":0,"19":0,"20":0,"21":0,"22":0,"23":0,"24":2,"25":2,"26":2},"f":{"0":2,"1":0,"2":0,"3":0,"4":0,"5":0,"6":0,"7":0},"b":{},"_coverageSchema":"332fd63041d2c1bcb487cc26dd0d5f7d97098a6c","hash":"498e602fb16bdd86445d37e941f8f71e4c98b694"}
,"/Users/vineet_m/Desktop/eggroup/egGroup-local/src/components/ToggleSwitch/index.js": {"path":"/Users/vineet_m/Desktop/eggroup/egGroup-local/src/components/ToggleSwitch/index.js","statementMap":{"0":{"start":{"line":1,"column":42},"end":{"line":1,"column":97}},"1":{"start":{"line":1,"column":128},"end":{"line":1,"column":184}},"2":{"start":{"line":1,"column":185},"end":{"line":1,"column":247}},"3":{"start":{"line":1,"column":247},"end":{"line":1,"column":272}},"4":{"start":{"line":1,"column":295},"end":{"line":1,"column":367}},"5":{"start":{"line":1,"column":388},"end":{"line":1,"column":457}},"6":{"start":{"line":1,"column":492},"end":{"line":1,"column":575}},"7":{"start":{"line":1,"column":599},"end":{"line":1,"column":671}},"8":{"start":{"line":1,"column":689},"end":{"line":1,"column":755}},"9":{"start":{"line":1,"column":769},"end":{"line":1,"column":810}},"10":{"start":{"line":2,"column":19},"end":{"line":2,"column":42}},"11":{"start":{"line":2,"column":62},"end":{"line":2,"column":146}},"12":{"start":{"line":4,"column":15},"end":{"line":13,"column":49}},"13":{"start":{"line":4,"column":38},"end":{"line":4,"column":88}},"14":{"start":{"line":4,"column":113},"end":{"line":4,"column":163}},"15":{"start":{"line":4,"column":163},"end":{"line":4,"column":285}},"16":{"start":{"line":4,"column":286},"end":{"line":13,"column":10}},"17":{"start":{"line":6,"column":6},"end":{"line":9,"column":97}},"18":{"start":{"line":13,"column":10},"end":{"line":13,"column":30}},"19":{"start":{"line":16,"column":0},"end":{"line":16,"column":12}},"20":{"start":{"line":16,"column":13},"end":{"line":16,"column":40}}},"fnMap":{"0":{"name":"(anonymous_0)","decl":{"start":{"line":4,"column":15},"end":{"line":4,"column":16}},"loc":{"start":{"line":4,"column":37},"end":{"line":13,"column":31}},"line":4},"1":{"name":"ToggleSwitch","decl":{"start":{"line":4,"column":97},"end":{"line":4,"column":109}},"loc":{"start":{"line":4,"column":112},"end":{"line":4,"column":286}},"line":4},"2":{"name":"render","decl":{"start":{"line":4,"column":361},"end":{"line":4,"column":367}},"loc":{"start":{"line":5,"column":4},"end":{"line":13,"column":5}},"line":5}},"branchMap":{},"s":{"0":2,"1":2,"2":2,"3":2,"4":2,"5":2,"6":2,"7":2,"8":2,"9":2,"10":2,"11":2,"12":2,"13":2,"14":0,"15":0,"16":2,"17":0,"18":2,"19":2,"20":2},"f":{"0":2,"1":0,"2":0},"b":{},"_coverageSchema":"332fd63041d2c1bcb487cc26dd0d5f7d97098a6c","hash":"bb68ca26e4b153b675c987f745e362af8a2499bd"}
,"/Users/vineet_m/Desktop/eggroup/egGroup-local/src/components/Toolbar/index.js": {"path":"/Users/vineet_m/Desktop/eggroup/egGroup-local/src/components/Toolbar/index.js","statementMap":{"0":{"start":{"line":1,"column":42},"end":{"line":1,"column":97}},"1":{"start":{"line":1,"column":128},"end":{"line":1,"column":184}},"2":{"start":{"line":1,"column":185},"end":{"line":1,"column":247}},"3":{"start":{"line":1,"column":247},"end":{"line":1,"column":272}},"4":{"start":{"line":1,"column":295},"end":{"line":1,"column":367}},"5":{"start":{"line":1,"column":388},"end":{"line":1,"column":457}},"6":{"start":{"line":1,"column":492},"end":{"line":1,"column":575}},"7":{"start":{"line":1,"column":599},"end":{"line":1,"column":671}},"8":{"start":{"line":1,"column":689},"end":{"line":1,"column":755}},"9":{"start":{"line":1,"column":769},"end":{"line":1,"column":810}},"10":{"start":{"line":2,"column":19},"end":{"line":2,"column":42}},"11":{"start":{"line":3,"column":27},"end":{"line":3,"column":59}},"12":{"start":{"line":5,"column":13},"end":{"line":5,"column":32}},"13":{"start":{"line":7,"column":14},"end":{"line":7,"column":61}},"14":{"start":{"line":7,"column":81},"end":{"line":7,"column":160}},"15":{"start":{"line":9,"column":19},"end":{"line":13,"column":23}},"16":{"start":{"line":16,"column":10},"end":{"line":75,"column":44}},"17":{"start":{"line":16,"column":33},"end":{"line":16,"column":78}},"18":{"start":{"line":16,"column":129},"end":{"line":16,"column":174}},"19":{"start":{"line":16,"column":174},"end":{"line":16,"column":294}},"20":{"start":{"line":16,"column":264},"end":{"line":16,"column":293}},"21":{"start":{"line":16,"column":294},"end":{"line":16,"column":460}},"22":{"start":{"line":16,"column":460},"end":{"line":27,"column":6}},"23":{"start":{"line":19,"column":6},"end":{"line":25,"column":33}},"24":{"start":{"line":21,"column":10},"end":{"line":21,"column":84}},"25":{"start":{"line":23,"column":10},"end":{"line":23,"column":24}},"26":{"start":{"line":25,"column":10},"end":{"line":25,"column":32}},"27":{"start":{"line":27,"column":6},"end":{"line":31,"column":6}},"28":{"start":{"line":30,"column":6},"end":{"line":30,"column":58}},"29":{"start":{"line":31,"column":6},"end":{"line":35,"column":6}},"30":{"start":{"line":34,"column":6},"end":{"line":34,"column":87}},"31":{"start":{"line":35,"column":6},"end":{"line":35,"column":19}},"32":{"start":{"line":35,"column":20},"end":{"line":75,"column":10}},"33":{"start":{"line":38,"column":6},"end":{"line":70,"column":97}},"34":{"start":{"line":75,"column":10},"end":{"line":75,"column":25}},"35":{"start":{"line":78,"column":0},"end":{"line":78,"column":36}},"36":{"start":{"line":80,"column":0},"end":{"line":80,"column":7}},"37":{"start":{"line":80,"column":8},"end":{"line":80,"column":35}}},"fnMap":{"0":{"name":"(anonymous_0)","decl":{"start":{"line":16,"column":10},"end":{"line":16,"column":11}},"loc":{"start":{"line":16,"column":32},"end":{"line":75,"column":26}},"line":16},"1":{"name":"Toolbar","decl":{"start":{"line":16,"column":87},"end":{"line":16,"column":94}},"loc":{"start":{"line":16,"column":97},"end":{"line":35,"column":20}},"line":16},"2":{"name":"(anonymous_2)","decl":{"start":{"line":18,"column":19},"end":{"line":18,"column":20}},"loc":{"start":{"line":18,"column":39},"end":{"line":27,"column":5}},"line":18},"3":{"name":"(anonymous_3)","decl":{"start":{"line":29,"column":18},"end":{"line":29,"column":19}},"loc":{"start":{"line":29,"column":30},"end":{"line":31,"column":5}},"line":29},"4":{"name":"(anonymous_4)","decl":{"start":{"line":33,"column":19},"end":{"line":33,"column":20}},"loc":{"start":{"line":33,"column":31},"end":{"line":35,"column":5}},"line":33},"5":{"name":"render","decl":{"start":{"line":35,"column":90},"end":{"line":35,"column":96}},"loc":{"start":{"line":37,"column":4},"end":{"line":75,"column":5}},"line":37}},"branchMap":{"0":{"loc":{"start":{"line":19,"column":6},"end":{"line":25,"column":33}},"type":"switch","locations":[{"start":{"line":20,"column":8},"end":{"line":21,"column":84}},{"start":{"line":22,"column":8},"end":{"line":23,"column":24}},{"start":{"line":24,"column":8},"end":{"line":25,"column":32}}],"line":19},"1":{"loc":{"start":{"line":21,"column":17},"end":{"line":21,"column":83}},"type":"cond-expr","locations":[{"start":{"line":21,"column":54},"end":{"line":21,"column":68}},{"start":{"line":21,"column":71},"end":{"line":21,"column":83}}],"line":21},"2":{"loc":{"start":{"line":30,"column":13},"end":{"line":30,"column":57}},"type":"cond-expr","locations":[{"start":{"line":30,"column":50},"end":{"line":30,"column":52}},{"start":{"line":30,"column":55},"end":{"line":30,"column":57}}],"line":30},"3":{"loc":{"start":{"line":34,"column":13},"end":{"line":34,"column":86}},"type":"cond-expr","locations":[{"start":{"line":34,"column":50},"end":{"line":34,"column":69}},{"start":{"line":34,"column":72},"end":{"line":34,"column":86}}],"line":34},"4":{"loc":{"start":{"line":40,"column":8},"end":{"line":48,"column":112}},"type":"binary-expr","locations":[{"start":{"line":40,"column":8},"end":{"line":40,"column":38}},{"start":{"line":41,"column":8},"end":{"line":48,"column":112}}],"line":40},"5":{"loc":{"start":{"line":54,"column":8},"end":{"line":62,"column":112}},"type":"binary-expr","locations":[{"start":{"line":54,"column":8},"end":{"line":54,"column":43}},{"start":{"line":55,"column":8},"end":{"line":62,"column":112}}],"line":54},"6":{"loc":{"start":{"line":65,"column":8},"end":{"line":70,"column":94}},"type":"binary-expr","locations":[{"start":{"line":65,"column":8},"end":{"line":65,"column":45}},{"start":{"line":66,"column":8},"end":{"line":70,"column":94}}],"line":65}},"s":{"0":2,"1":2,"2":2,"3":2,"4":2,"5":2,"6":2,"7":2,"8":2,"9":2,"10":2,"11":2,"12":2,"13":2,"14":2,"15":2,"16":2,"17":2,"18":0,"19":0,"20":0,"21":0,"22":0,"23":0,"24":0,"25":0,"26":0,"27":0,"28":0,"29":0,"30":0,"31":0,"32":2,"33":0,"34":2,"35":2,"36":2,"37":2},"f":{"0":2,"1":0,"2":0,"3":0,"4":0,"5":0},"b":{"0":[0,0,0],"1":[0,0],"2":[0,0],"3":[0,0],"4":[0,0],"5":[0,0],"6":[0,0]},"_coverageSchema":"332fd63041d2c1bcb487cc26dd0d5f7d97098a6c","hash":"b28bee20d39f742205b3cc2b32fa0fd69b260dff"}
,"/Users/vineet_m/Desktop/eggroup/egGroup-local/src/config/store.js": {"path":"/Users/vineet_m/Desktop/eggroup/egGroup-local/src/config/store.js","statementMap":{"0":{"start":{"line":1,"column":42},"end":{"line":1,"column":97}},"1":{"start":{"line":1,"column":98},"end":{"line":1,"column":160}},"2":{"start":{"line":1,"column":160},"end":{"line":1,"column":185}},"3":{"start":{"line":1,"column":204},"end":{"line":1,"column":227}},"4":{"start":{"line":2,"column":13},"end":{"line":2,"column":29}},"5":{"start":{"line":3,"column":20},"end":{"line":3,"column":44}},"6":{"start":{"line":4,"column":18},"end":{"line":4,"column":64}},"7":{"start":{"line":6,"column":16},"end":{"line":6,"column":62}},"8":{"start":{"line":8,"column":20},"end":{"line":12,"column":17}},"9":{"start":{"line":15,"column":23},"end":{"line":15,"column":90}},"10":{"start":{"line":17,"column":0},"end":{"line":21,"column":1}},"11":{"start":{"line":18,"column":14},"end":{"line":18,"column":109}},"12":{"start":{"line":19,"column":18},"end":{"line":19,"column":56}},"13":{"start":{"line":20,"column":2},"end":{"line":20,"column":48}},"14":{"start":{"line":21,"column":2},"end":{"line":21,"column":29}}},"fnMap":{"0":{"name":"_default","decl":{"start":{"line":17,"column":9},"end":{"line":17,"column":17}},"loc":{"start":{"line":17,"column":20},"end":{"line":21,"column":1}},"line":17}},"branchMap":{},"s":{"0":1,"1":1,"2":1,"3":1,"4":1,"5":1,"6":1,"7":1,"8":1,"9":1,"10":1,"11":1,"12":1,"13":1,"14":1},"f":{"0":1},"b":{},"_coverageSchema":"332fd63041d2c1bcb487cc26dd0d5f7d97098a6c","hash":"43db232e32fac75cd9d7f940c9e518003396017d"}
,"/Users/vineet_m/Desktop/eggroup/egGroup-local/src/helpers/index.js": {"path":"/Users/vineet_m/Desktop/eggroup/egGroup-local/src/helpers/index.js","statementMap":{"0":{"start":{"line":1,"column":13},"end":{"line":1,"column":75}},"1":{"start":{"line":1,"column":75},"end":{"line":1,"column":147}},"2":{"start":{"line":1,"column":176},"end":{"line":1,"column":211}},"3":{"start":{"line":4,"column":17},"end":{"line":6,"column":1}},"4":{"start":{"line":5,"column":2},"end":{"line":5,"column":95}},"5":{"start":{"line":5,"column":51},"end":{"line":5,"column":95}},"6":{"start":{"line":6,"column":2},"end":{"line":6,"column":34}},"7":{"start":{"line":8,"column":17},"end":{"line":14,"column":1}},"8":{"start":{"line":8,"column":57},"end":{"line":8,"column":129}},"9":{"start":{"line":9,"column":2},"end":{"line":13,"column":3}},"10":{"start":{"line":10,"column":4},"end":{"line":10,"column":54}},"11":{"start":{"line":12,"column":4},"end":{"line":12,"column":49}},"12":{"start":{"line":14,"column":2},"end":{"line":14,"column":34}},"13":{"start":{"line":16,"column":19},"end":{"line":16,"column":89}},"14":{"start":{"line":16,"column":44},"end":{"line":16,"column":88}},"15":{"start":{"line":16,"column":90},"end":{"line":16,"column":126}}},"fnMap":{"0":{"name":"redirectTo","decl":{"start":{"line":4,"column":26},"end":{"line":4,"column":36}},"loc":{"start":{"line":4,"column":44},"end":{"line":6,"column":1}},"line":4},"1":{"name":"navigateTo","decl":{"start":{"line":8,"column":26},"end":{"line":8,"column":36}},"loc":{"start":{"line":8,"column":44},"end":{"line":14,"column":1}},"line":8},"2":{"name":"navigateBack","decl":{"start":{"line":16,"column":28},"end":{"line":16,"column":40}},"loc":{"start":{"line":16,"column":43},"end":{"line":16,"column":89}},"line":16}},"branchMap":{"0":{"loc":{"start":{"line":5,"column":2},"end":{"line":5,"column":95}},"type":"if","locations":[{"start":{"line":5,"column":2},"end":{"line":5,"column":95}},{"start":{"line":5,"column":2},"end":{"line":5,"column":95}}],"line":5},"1":{"loc":{"start":{"line":8,"column":57},"end":{"line":8,"column":129}},"type":"cond-expr","locations":[{"start":{"line":8,"column":110},"end":{"line":8,"column":122}},{"start":{"line":8,"column":125},"end":{"line":8,"column":129}}],"line":8},"2":{"loc":{"start":{"line":8,"column":57},"end":{"line":8,"column":107}},"type":"binary-expr","locations":[{"start":{"line":8,"column":57},"end":{"line":8,"column":77}},{"start":{"line":8,"column":81},"end":{"line":8,"column":107}}],"line":8},"3":{"loc":{"start":{"line":9,"column":2},"end":{"line":13,"column":3}},"type":"if","locations":[{"start":{"line":9,"column":2},"end":{"line":13,"column":3}},{"start":{"line":9,"column":2},"end":{"line":13,"column":3}}],"line":9}},"s":{"0":2,"1":2,"2":2,"3":2,"4":0,"5":0,"6":2,"7":2,"8":0,"9":0,"10":0,"11":0,"12":2,"13":2,"14":0,"15":2},"f":{"0":0,"1":0,"2":0},"b":{"0":[0,0],"1":[0,0],"2":[0,0],"3":[0,0]},"_coverageSchema":"332fd63041d2c1bcb487cc26dd0d5f7d97098a6c","hash":"43f3193d43750a82c28cdc6f80ac60f0aecb843d"}
,"/Users/vineet_m/Desktop/eggroup/egGroup-local/src/reducers/appReducer.js": {"path":"/Users/vineet_m/Desktop/eggroup/egGroup-local/src/reducers/appReducer.js","statementMap":{"0":{"start":{"line":1,"column":13},"end":{"line":1,"column":75}},"1":{"start":{"line":1,"column":75},"end":{"line":1,"column":100}},"2":{"start":{"line":1,"column":119},"end":{"line":1,"column":121}},"3":{"start":{"line":3,"column":0},"end":{"line":8,"column":1}},"4":{"start":{"line":3,"column":33},"end":{"line":3,"column":113}},"5":{"start":{"line":3,"column":127},"end":{"line":3,"column":174}},"6":{"start":{"line":4,"column":2},"end":{"line":6,"column":20}},"7":{"start":{"line":6,"column":6},"end":{"line":6,"column":19}},"8":{"start":{"line":8,"column":2},"end":{"line":8,"column":29}}},"fnMap":{"0":{"name":"_default","decl":{"start":{"line":3,"column":9},"end":{"line":3,"column":17}},"loc":{"start":{"line":3,"column":20},"end":{"line":8,"column":1}},"line":3}},"branchMap":{"0":{"loc":{"start":{"line":3,"column":33},"end":{"line":3,"column":113}},"type":"cond-expr","locations":[{"start":{"line":3,"column":86},"end":{"line":3,"column":98}},{"start":{"line":3,"column":101},"end":{"line":3,"column":113}}],"line":3},"1":{"loc":{"start":{"line":3,"column":33},"end":{"line":3,"column":83}},"type":"binary-expr","locations":[{"start":{"line":3,"column":33},"end":{"line":3,"column":53}},{"start":{"line":3,"column":57},"end":{"line":3,"column":83}}],"line":3},"2":{"loc":{"start":{"line":3,"column":127},"end":{"line":3,"column":174}},"type":"cond-expr","locations":[{"start":{"line":3,"column":150},"end":{"line":3,"column":162}},{"start":{"line":3,"column":165},"end":{"line":3,"column":174}}],"line":3},"3":{"loc":{"start":{"line":4,"column":2},"end":{"line":6,"column":20}},"type":"switch","locations":[{"start":{"line":5,"column":4},"end":{"line":6,"column":19}}],"line":4}},"s":{"0":1,"1":1,"2":1,"3":1,"4":4,"5":4,"6":4,"7":4,"8":1},"f":{"0":4},"b":{"0":[1,3],"1":[4,4],"2":[4,0],"3":[4]},"_coverageSchema":"332fd63041d2c1bcb487cc26dd0d5f7d97098a6c","hash":"808dfc0930585ba70902709d257233d45a12aa10"}
,"/Users/vineet_m/Desktop/eggroup/egGroup-local/src/reducers/index.js": {"path":"/Users/vineet_m/Desktop/eggroup/egGroup-local/src/reducers/index.js","statementMap":{"0":{"start":{"line":1,"column":42},"end":{"line":1,"column":97}},"1":{"start":{"line":1,"column":98},"end":{"line":1,"column":160}},"2":{"start":{"line":1,"column":160},"end":{"line":1,"column":185}},"3":{"start":{"line":1,"column":198},"end":{"line":1,"column":214}},"4":{"start":{"line":2,"column":17},"end":{"line":2,"column":38}},"5":{"start":{"line":4,"column":18},"end":{"line":4,"column":65}},"6":{"start":{"line":6,"column":11},"end":{"line":6,"column":29}},"7":{"start":{"line":8,"column":15},"end":{"line":9,"column":40}},"8":{"start":{"line":12,"column":0},"end":{"line":12,"column":37}},"9":{"start":{"line":12,"column":38},"end":{"line":12,"column":65}}},"fnMap":{},"branchMap":{},"s":{"0":1,"1":1,"2":1,"3":1,"4":1,"5":1,"6":1,"7":1,"8":1,"9":1},"f":{},"b":{},"_coverageSchema":"332fd63041d2c1bcb487cc26dd0d5f7d97098a6c","hash":"76954e8eaf7db2300cdc3e86960c95a5dc62c901"}
[...]
ine":41,"column":32},"end":{"line":41,"column":42}},"36":{"start":{"line":44,"column":28},"end":{"line":44,"column":75}},"37":{"start":{"line":45,"column":6},"end":{"line":49,"column":6}},"38":{"start":{"line":48,"column":6},"end":{"line":48,"column":80}},"39":{"start":{"line":49,"column":6},"end":{"line":53,"column":6}},"40":{"start":{"line":52,"column":6},"end":{"line":52,"column":58}},"41":{"start":{"line":53,"column":6},"end":{"line":57,"column":6}},"42":{"start":{"line":56,"column":6},"end":{"line":56,"column":87}},"43":{"start":{"line":57,"column":6},"end":{"line":57,"column":33}},"44":{"start":{"line":57,"column":33},"end":{"line":57,"column":46}},"45":{"start":{"line":57,"column":47},"end":{"line":97,"column":10}},"46":{"start":{"line":60,"column":6},"end":{"line":91,"column":183}},"47":{"start":{"line":97,"column":10},"end":{"line":97,"column":25}},"48":{"start":{"line":100,"column":22},"end":{"line":100,"column":66}},"49":{"start":{"line":100,"column":55},"end":{"line":100,"column":65}},"50":{"start":{"line":102,"column":25},"end":{"line":102,"column":75}},"51":{"start":{"line":102,"column":64},"end":{"line":102,"column":74}},"52":{"start":{"line":104,"column":0},"end":{"line":104,"column":70}},"53":{"start":{"line":104,"column":71},"end":{"line":104,"column":98}}},"fnMap":{"0":{"name":"(anonymous_0)","decl":{"start":{"line":12,"column":10},"end":{"line":12,"column":11}},"loc":{"start":{"line":12,"column":32},"end":{"line":97,"column":26}},"line":12},"1":{"name":"Support","decl":{"start":{"line":13,"column":11},"end":{"line":13,"column":18}},"loc":{"start":{"line":13,"column":26},"end":{"line":57,"column":47}},"line":13},"2":{"name":"(anonymous_2)","decl":{"start":{"line":20,"column":18},"end":{"line":20,"column":19}},"loc":{"start":{"line":20,"column":30},"end":{"line":30,"column":5}},"line":20},"3":{"name":"(anonymous_3)","decl":{"start":{"line":22,"column":48},"end":{"line":22,"column":49}},"loc":{"start":{"line":22,"column":69},"end":{"line":29,"column":7}},"line":22},"4":{"name":"(anonymous_4)","decl":{"start":{"line":29,"column":15},"end":{"line":29,"column":16}},"loc":{"start":{"line":29,"column":30},"end":{"line":29,"column":79}},"line":29},"5":{"name":"(anonymous_5)","decl":{"start":{"line":32,"column":16},"end":{"line":32,"column":17}},"loc":{"start":{"line":32,"column":28},"end":{"line":45,"column":5}},"line":32},"6":{"name":"(anonymous_6)","decl":{"start":{"line":35,"column":11},"end":{"line":35,"column":12}},"loc":{"start":{"line":35,"column":32},"end":{"line":43,"column":7}},"line":35},"7":{"name":"(anonymous_7)","decl":{"start":{"line":40,"column":15},"end":{"line":40,"column":16}},"loc":{"start":{"line":40,"column":31},"end":{"line":40,"column":68}},"line":40},"8":{"name":"(anonymous_8)","decl":{"start":{"line":41,"column":16},"end":{"line":41,"column":17}},"loc":{"start":{"line":41,"column":31},"end":{"line":41,"column":43}},"line":41},"9":{"name":"(anonymous_9)","decl":{"start":{"line":44,"column":12},"end":{"line":44,"column":13}},"loc":{"start":{"line":44,"column":27},"end":{"line":44,"column":76}},"line":44},"10":{"name":"(anonymous_10)","decl":{"start":{"line":47,"column":19},"end":{"line":47,"column":20}},"loc":{"start":{"line":47,"column":31},"end":{"line":49,"column":5}},"line":47},"11":{"name":"(anonymous_11)","decl":{"start":{"line":51,"column":18},"end":{"line":51,"column":19}},"loc":{"start":{"line":51,"column":30},"end":{"line":53,"column":5}},"line":51},"12":{"name":"(anonymous_12)","decl":{"start":{"line":55,"column":19},"end":{"line":55,"column":20}},"loc":{"start":{"line":55,"column":31},"end":{"line":57,"column":5}},"line":55},"13":{"name":"render","decl":{"start":{"line":57,"column":117},"end":{"line":57,"column":123}},"loc":{"start":{"line":59,"column":4},"end":{"line":97,"column":5}},"line":59},"14":{"name":"mapStateToProps","decl":{"start":{"line":100,"column":31},"end":{"line":100,"column":46}},"loc":{"start":{"line":100,"column":54},"end":{"line":100,"column":66}},"line":100},"15":{"name":"mapDispatchToProps","decl":{"start":{"line":102,"column":34},"end":{"line":102,"column":52}},"loc":{"start":{"line":102,"column":63},"end":{"line":102,"column":75}},"line":102}},"branchMap":{"0":{"loc":{"start":{"line":23,"column":8},"end":{"line":28,"column":9}},"type":"if","locations":[{"start":{"line":23,"column":8},"end":{"line":28,"column":9}},{"start":{"line":23,"column":8},"end":{"line":28,"column":9}}],"line":23},"1":{"loc":{"start":{"line":36,"column":8},"end":{"line":42,"column":9}},"type":"if","locations":[{"start":{"line":36,"column":8},"end":{"line":42,"column":9}},{"start":{"line":36,"column":8},"end":{"line":42,"column":9}}],"line":36},"2":{"loc":{"start":{"line":48,"column":13},"end":{"line":48,"column":79}},"type":"cond-expr","locations":[{"start":{"line":48,"column":50},"end":{"line":48,"column":64}},{"start":{"line":48,"column":67},"end":{"line":48,"column":79}}],"line":48},"3":{"loc":{"start":{"line":52,"column":13},"end":{"line":52,"column":57}},"type":"cond-expr","locations":[{"start":{"line":52,"column":50},"end":{"line":52,"column":52}},{"start":{"line":52,"column":55},"end":{"line":52,"column":57}}],"line":52},"4":{"loc":{"start":{"line":56,"column":13},"end":{"line":56,"column":86}},"type":"cond-expr","locations":[{"start":{"line":56,"column":50},"end":{"line":56,"column":69}},{"start":{"line":56,"column":72},"end":{"line":56,"column":86}}],"line":56}},"s":{"0":2,"1":2,"2":2,"3":2,"4":2,"5":2,"6":2,"7":2,"8":2,"9":2,"10":2,"11":2,"12":2,"13":2,"14":2,"15":2,"16":2,"17":2,"18":2,"19":0,"20":0,"21":0,"22":0,"23":0,"24":0,"25":0,"26":0,"27":0,"28":0,"29":0,"30":0,"31":0,"32":0,"33":0,"34":0,"35":0,"36":0,"37":0,"38":0,"39":0,"40":0,"41":0,"42":0,"43":0,"44":0,"45":2,"46":0,"47":2,"48":2,"49":0,"50":2,"51":0,"52":2,"53":2},"f":{"0":2,"1":0,"2":0,"3":0,"4":0,"5":0,"6":0,"7":0,"8":0,"9":0,"10":0,"11":0,"12":0,"13":0,"14":0,"15":0},"b":{"0":[0,0],"1":[0,0],"2":[0,0],"3":[0,0],"4":[0,0]},"_coverageSchema":"332fd63041d2c1bcb487cc26dd0d5f7d97098a6c","hash":"fc3918dae1b784d8cbd4721ed3233aad28eb1f10"}
,"/Users/vineet_m/Desktop/eggroup/egGroup-local/src/screens/TermsAndConditions.js": {"path":"/Users/vineet_m/Desktop/eggroup/egGroup-local/src/screens/TermsAndConditions.js","statementMap":{"0":{"start":{"line":1,"column":42},"end":{"line":1,"column":97}},"1":{"start":{"line":1,"column":128},"end":{"line":1,"column":184}},"2":{"start":{"line":1,"column":185},"end":{"line":1,"column":247}},"3":{"start":{"line":1,"column":247},"end":{"line":1,"column":272}},"4":{"start":{"line":1,"column":295},"end":{"line":1,"column":367}},"5":{"start":{"line":1,"column":388},"end":{"line":1,"column":457}},"6":{"start":{"line":1,"column":492},"end":{"line":1,"column":575}},"7":{"start":{"line":1,"column":599},"end":{"line":1,"column":671}},"8":{"start":{"line":1,"column":689},"end":{"line":1,"column":755}},"9":{"start":{"line":1,"column":774},"end":{"line":1,"column":796}},"10":{"start":{"line":2,"column":13},"end":{"line":2,"column":54}},"11":{"start":{"line":3,"column":19},"end":{"line":3,"column":42}},"12":{"start":{"line":8,"column":27},"end":{"line":8,"column":59}},"13":{"start":{"line":9,"column":18},"end":{"line":9,"column":42}},"14":{"start":{"line":10,"column":15},"end":{"line":10,"column":36}},"15":{"start":{"line":12,"column":14},"end":{"line":12,"column":60}},"16":{"start":{"line":12,"column":80},"end":{"line":12,"column":161}},"17":{"start":{"line":14,"column":21},"end":{"line":45,"column":55}},"18":{"start":{"line":14,"column":44},"end":{"line":14,"column":100}},"19":{"start":{"line":15,"column":48},"end":{"line":15,"column":104}},"20":{"start":{"line":16,"column":4},"end":{"line":16,"column":128}},"21":{"start":{"line":17,"column":4},"end":{"line":20,"column":409}},"22":{"start":{"line":20,"column":409},"end":{"line":20,"column":422}},"23":{"start":{"line":23,"column":3},"end":{"line":45,"column":10}},"24":{"start":{"line":26,"column":6},"end":{"line":41,"column":133}},"25":{"start":{"line":35,"column":60},"end":{"line":35,"column":69}},"26":{"start":{"line":35,"column":70},"end":{"line":38,"column":172}},"27":{"start":{"line":41,"column":53},"end":{"line":41,"column":72}},"28":{"start":{"line":45,"column":10},"end":{"line":45,"column":36}},"29":{"start":{"line":48,"column":22},"end":{"line":48,"column":66}},"30":{"start":{"line":48,"column":55},"end":{"line":48,"column":65}},"31":{"start":{"line":50,"column":25},"end":{"line":50,"column":75}},"32":{"start":{"line":50,"column":64},"end":{"line":50,"column":74}},"33":{"start":{"line":52,"column":0},"end":{"line":52,"column":81}},"34":{"start":{"line":52,"column":82},"end":{"line":52,"column":109}}},"fnMap":{"0":{"name":"(anonymous_0)","decl":{"start":{"line":14,"column":21},"end":{"line":14,"column":22}},"loc":{"start":{"line":14,"column":43},"end":{"line":45,"column":37}},"line":14},"1":{"name":"TermsAndConditions","decl":{"start":{"line":15,"column":11},"end":{"line":15,"column":29}},"loc":{"start":{"line":15,"column":37},"end":{"line":23,"column":3}},"line":15},"2":{"name":"render","decl":{"start":{"line":23,"column":84},"end":{"line":23,"column":90}},"loc":{"start":{"line":25,"column":4},"end":{"line":45,"column":5}},"line":25},"3":{"name":"renderItem","decl":{"start":{"line":35,"column":31},"end":{"line":35,"column":41}},"loc":{"start":{"line":35,"column":48},"end":{"line":38,"column":173}},"line":35},"4":{"name":"keyExtractor","decl":{"start":{"line":41,"column":33},"end":{"line":41,"column":45}},"loc":{"start":{"line":41,"column":52},"end":{"line":41,"column":73}},"line":41},"5":{"name":"mapStateToProps","decl":{"start":{"line":48,"column":31},"end":{"line":48,"column":46}},"loc":{"start":{"line":48,"column":54},"end":{"line":48,"column":66}},"line":48},"6":{"name":"mapDispatchToProps","decl":{"start":{"line":50,"column":34},"end":{"line":50,"column":52}},"loc":{"start":{"line":50,"column":63},"end":{"line":50,"column":75}},"line":50}},"branchMap":{},"s":{"0":2,"1":2,"2":2,"3":2,"4":2,"5":2,"6":2,"7":2,"8":2,"9":2,"10":2,"11":2,"12":2,"13":2,"14":2,"15":2,"16":2,"17":2,"18":2,"19":0,"20":0,"21":0,"22":0,"23":2,"24":0,"25":0,"26":0,"27":0,"28":2,"29":2,"30":0,"31":2,"32":0,"33":2,"34":2},"f":{"0":2,"1":0,"2":0,"3":0,"4":0,"5":0,"6":0},"b":{},"_coverageSchema":"332fd63041d2c1bcb487cc26dd0d5f7d97098a6c","hash":"bc84990e990685a2fcabf456e0f07d1419beacf0"}
,"/Users/vineet_m/Desktop/eggroup/egGroup-local/src/screens/UserSettings.js": {"path":"/Users/vineet_m/Desktop/eggroup/egGroup-local/src/screens/UserSettings.js","statementMap":{"0":{"start":{"line":1,"column":42},"end":{"line":1,"column":97}},"1":{"start":{"line":1,"column":128},"end":{"line":1,"column":184}},"2":{"start":{"line":1,"column":185},"end":{"line":1,"column":247}},"3":{"start":{"line":1,"column":247},"end":{"line":1,"column":272}},"4":{"start":{"line":1,"column":295},"end":{"line":1,"column":367}},"5":{"start":{"line":1,"column":388},"end":{"line":1,"column":457}},"6":{"start":{"line":1,"column":492},"end":{"line":1,"column":575}},"7":{"start":{"line":1,"column":599},"end":{"line":1,"column":671}},"8":{"start":{"line":1,"column":689},"end":{"line":1,"column":755}},"9":{"start":{"line":1,"column":774},"end":{"line":1,"column":796}},"10":{"start":{"line":2,"column":13},"end":{"line":2,"column":54}},"11":{"start":{"line":3,"column":19},"end":{"line":3,"column":42}},"12":{"start":{"line":9,"column":27},"end":{"line":9,"column":59}},"13":{"start":{"line":10,"column":18},"end":{"line":10,"column":42}},"14":{"start":{"line":11,"column":15},"end":{"line":11,"column":79}},"15":{"start":{"line":12,"column":15},"end":{"line":12,"column":36}},"16":{"start":{"line":14,"column":14},"end":{"line":14,"column":60}},"17":{"start":{"line":14,"column":80},"end":{"line":14,"column":155}},"18":{"start":{"line":16,"column":11},"end":{"line":75,"column":45}},"19":{"start":{"line":16,"column":34},"end":{"line":16,"column":80}},"20":{"start":{"line":17,"column":38},"end":{"line":17,"column":84}},"21":{"start":{"line":18,"column":4},"end":{"line":18,"column":118}},"22":{"start":{"line":18,"column":118},"end":{"line":34,"column":6}},"23":{"start":{"line":33,"column":6},"end":{"line":33,"column":80}},"24":{"start":{"line":34,"column":6},"end":{"line":38,"column":6}},"25":{"start":{"line":37,"column":6},"end":{"line":37,"column":58}},"26":{"start":{"line":38,"column":6},"end":{"line":42,"column":6}},"27":{"start":{"line":41,"column":6},"end":{"line":41,"column":87}},"28":{"start":{"line":42,"column":6},"end":{"line":42,"column":1462}},"29":{"start":{"line":42,"column":1462},"end":{"line":42,"column":1475}},"30":{"start":{"line":42,"column":1476},"end":{"line":75,"column":10}},"31":{"start":{"line":45,"column":27},"end":{"line":45,"column":131}},"32":{"start":{"line":46,"column":6},"end":{"line":70,"column":139}},"33":{"start":{"line":55,"column":60},"end":{"line":55,"column":69}},"34":{"start":{"line":55,"column":70},"end":{"line":65,"column":222}},"35":{"start":{"line":56,"column":105},"end":{"line":56,"column":150}},"36":{"start":{"line":70,"column":53},"end":{"line":70,"column":78}},"37":{"start":{"line":75,"column":10},"end":{"line":75,"column":26}},"38":{"start":{"line":78,"column":22},"end":{"line":78,"column":66}},"39":{"start":{"line":78,"column":55},"end":{"line":78,"column":65}},"40":{"start":{"line":80,"column":25},"end":{"line":80,"column":75}},"41":{"start":{"line":80,"column":64},"end":{"line":80,"column":74}},"42":{"start":{"line":82,"column":0},"end":{"line":82,"column":71}},"43":{"start":{"line":82,"column":72},"end":{"line":82,"column":99}}},"fnMap":{"0":{"name":"(anonymous_0)","decl":{"start":{"line":16,"column":11},"end":{"line":16,"column":12}},"loc":{"start":{"line":16,"column":33},"end":{"line":75,"column":27}},"line":16},"1":{"name":"Settings","decl":{"start":{"line":17,"column":11},"end":{"line":17,"column":19}},"loc":{"start":{"line":17,"column":27},"end":{"line":42,"column":1476}},"line":17},"2":{"name":"(anonymous_2)","decl":{"start":{"line":32,"column":19},"end":{"line":32,"column":20}},"loc":{"start":{"line":32,"column":31},"end":{"line":34,"column":5}},"line":32},"3":{"name":"(anonymous_3)","decl":{"start":{"line":36,"column":18},"end":{"line":36,"column":19}},"loc":{"start":{"line":36,"column":30},"end":{"line":38,"column":5}},"line":36},"4":{"name":"(anonymous_4)","decl":{"start":{"line":40,"column":19},"end":{"line":40,"column":20}},"loc":{"start":{"line":40,"column":31},"end":{"line":42,"column":5}},"line":40},"5":{"name":"render","decl":{"start":{"line":42,"column":1547},"end":{"line":42,"column":1553}},"loc":{"start":{"line":44,"column":4},"end":{"line":75,"column":5}},"line":44},"6":{"name":"renderItem","decl":{"start":{"line":55,"column":31},"end":{"line":55,"column":41}},"loc":{"start":{"line":55,"column":48},"end":{"line":65,"column":223}},"line":55},"7":{"name":"onPress","decl":{"start":{"line":56,"column":94},"end":{"line":56,"column":101}},"loc":{"start":{"line":56,"column":104},"end":{"line":56,"column":151}},"line":56},"8":{"name":"keyExtractor","decl":{"start":{"line":70,"column":33},"end":{"line":70,"column":45}},"loc":{"start":{"line":70,"column":52},"end":{"line":70,"column":79}},"line":70},"9":{"name":"mapStateToProps","decl":{"start":{"line":78,"column":31},"end":{"line":78,"column":46}},"loc":{"start":{"line":78,"column":54},"end":{"line":78,"column":66}},"line":78},"10":{"name":"mapDispatchToProps","decl":{"start":{"line":80,"column":34},"end":{"line":80,"column":52}},"loc":{"start":{"line":80,"column":63},"end":{"line":80,"column":75}},"line":80}},"branchMap":{"0":{"loc":{"start":{"line":33,"column":13},"end":{"line":33,"column":79}},"type":"cond-expr","locations":[{"start":{"line":33,"column":50},"end":{"line":33,"column":64}},{"start":{"line":33,"column":67},"end":{"line":33,"column":79}}],"line":33},"1":{"loc":{"start":{"line":37,"column":13},"end":{"line":37,"column":57}},"type":"cond-expr","locations":[{"start":{"line":37,"column":50},"end":{"line":37,"column":52}},{"start":{"line":37,"column":55},"end":{"line":37,"column":57}}],"line":37},"2":{"loc":{"start":{"line":41,"column":13},"end":{"line":41,"column":86}},"type":"cond-expr","locations":[{"start":{"line":41,"column":50},"end":{"line":41,"column":69}},{"start":{"line":41,"column":72},"end":{"line":41,"column":86}}],"line":41}},"s":{"0":2,"1":2,"2":2,"3":2,"4":2,"5":2,"6":2,"7":2,"8":2,"9":2,"10":2,"11":2,"12":2,"13":2,"14":2,"15":2,"16":2,"17":2,"18":2,"19":2,"20":0,"21":0,"22":0,"23":0,"24":0,"25":0,"26":0,"27":0,"28":0,"29":0,"30":2,"31":0,"32":0,"33":0,"34":0,"35":0,"36":0,"37":2,"38":2,"39":0,"40":2,"41":0,"42":2,"43":2},"f":{"0":2,"1":0,"2":0,"3":0,"4":0,"5":0,"6":0,"7":0,"8":0,"9":0,"10":0},"b":{"0":[0,0],"1":[0,0],"2":[0,0]},"_coverageSchema":"332fd63041d2c1bcb487cc26dd0d5f7d97098a6c","hash":"e782a439a607e04bb2a84b73b8d0adb02f408a45"}
,"/Users/vineet_m/Desktop/eggroup/egGroup-local/src/styles/index.js": {"path":"/Users/vineet_m/Desktop/eggroup/egGroup-local/src/styles/index.js","statementMap":{"0":{"start":{"line":1,"column":13},"end":{"line":1,"column":75}},"1":{"start":{"line":1,"column":75},"end":{"line":1,"column":100}},"2":{"start":{"line":1,"column":119},"end":{"line":1,"column":142}},"3":{"start":{"line":3,"column":18},"end":{"line":3,"column":61}},"4":{"start":{"line":5,"column":13},"end":{"line":800,"column":21}},"5":{"start":{"line":805,"column":0},"end":{"line":805,"column":6}},"6":{"start":{"line":805,"column":7},"end":{"line":805,"column":34}}},"fnMap":{},"branchMap":{"0":{"loc":{"start":{"line":18,"column":15},"end":{"line":18,"column":69}},"type":"cond-expr","locations":[{"start":{"line":18,"column":52},"end":{"line":18,"column":60}},{"start":{"line":18,"column":63},"end":{"line":18,"column":69}}],"line":18},"1":{"loc":{"start":{"line":23,"column":20},"end":{"line":23,"column":63}},"type":"cond-expr","locations":[{"start":{"line":23,"column":57},"end":{"line":23,"column":59}},{"start":{"line":23,"column":62},"end":{"line":23,"column":63}}],"line":23},"2":{"loc":{"start":{"line":56,"column":18},"end":{"line":56,"column":61}},"type":"cond-expr","locations":[{"start":{"line":56,"column":55},"end":{"line":56,"column":57}},{"start":{"line":56,"column":60},"end":{"line":56,"column":61}}],"line":56},"3":{"loc":{"start":{"line":126,"column":20},"end":{"line":126,"column":80}},"type":"cond-expr","locations":[{"start":{"line":126,"column":57},"end":{"line":126,"column":65}},{"start":{"line":126,"column":68},"end":{"line":126,"column":80}}],"line":126},"4":{"loc":{"start":{"line":135,"column":14},"end":{"line":135,"column":74}},"type":"cond-expr","locations":[{"start":{"line":135,"column":51},"end":{"line":135,"column":61}},{"start":{"line":135,"column":64},"end":{"line":135,"column":74}}],"line":135},"5":{"loc":{"start":{"line":136,"column":10},"end":{"line":136,"column":52}},"type":"cond-expr","locations":[{"start":{"line":136,"column":47},"end":{"line":136,"column":48}},{"start":{"line":136,"column":51},"end":{"line":136,"column":52}}],"line":136},"6":{"loc":{"start":{"line":141,"column":14},"end":{"line":141,"column":74}},"type":"cond-expr","locations":[{"start":{"line":141,"column":51},"end":{"line":141,"column":61}},{"start":{"line":141,"column":64},"end":{"line":141,"column":74}}],"line":141},"7":{"loc":{"start":{"line":148,"column":14},"end":{"line":148,"column":74}},"type":"cond-expr","locations":[{"start":{"line":148,"column":51},"end":{"line":148,"column":61}},{"start":{"line":148,"column":64},"end":{"line":148,"column":74}}],"line":148},"8":{"loc":{"start":{"line":185,"column":11},"end":{"line":185,"column":65}},"type":"cond-expr","locations":[{"start":{"line":185,"column":48},"end":{"line":185,"column":59}},{"start":{"line":185,"column":62},"end":{"line":185,"column":65}}],"line":185}},"s":{"0":4,"1":4,"2":4,"3":4,"4":4,"5":4,"6":4},"f":{},"b":{"0":[4,0],"1":[4,0],"2":[4,0],"3":[4,0],"4":[4,0],"5":[4,0],"6":[4,0],"7":[4,0],"8":[4,0]},"_coverageSchema":"332fd63041d2c1bcb487cc26dd0d5f7d97098a6c","hash":"5290b10aae75275b96bb3d614b92d27784b8be05"}
}
