{"/Users/vineet_m/Desktop/eggroup/egGroup-local/App.js": {"path":"/Users/vineet_m/Desktop/eggroup/egGroup-local/App.js","statementMap":{"0":{"start":{"line":1,"column":42},"end":{"line":1,"column":97}},"1":{"start":{"line":1,"column":128},"end":{"line":1,"column":184}},"2":{"start":{"line":1,"column":185},"end":{"line":1,"column":247}},"3":{"start":{"line":1,"column":247},"end":{"line":1,"column":272}},"4":{"start":{"line":1,"column":295},"end":{"line":1,"column":367}},"5":{"start":{"line":1,"column":388},"end":{"line":1,"column":457}},"6":{"start":{"line":1,"column":492},"end":{"line":1,"column":575}},"7":{"start":{"line":1,"column":599},"end":{"line":1,"column":671}},"8":{"start":{"line":1,"column":689},"end":{"line":1,"column":755}},"9":{"start":{"line":1,"column":786},"end":{"line":1,"column":865}},"10":{"start":{"line":8,"column":13},"end":{"line":8,"column":55}},"11":{"start":{"line":9,"column":18},"end":{"line":9,"column":40}},"12":{"start":{"line":10,"column":14},"end":{"line":10,"column":55}},"13":{"start":{"line":11,"column":19},"end":{"line":11,"column":42}},"14":{"start":{"line":12,"column":31},"end":{"line":12,"column":92}},"15":{"start":{"line":13,"column":35},"end":{"line":13,"column":100}},"16":{"start":{"line":16,"column":12},"end":{"line":16,"column":57}},"17":{"start":{"line":17,"column":13},"end":{"line":17,"column":66}},"18":{"start":{"line":17,"column":86},"end":{"line":17,"column":140}},"19":{"start":{"line":22,"column":14},"end":{"line":22,"column":35}},"20":{"start":{"line":29,"column":6},"end":{"line":108,"column":41}},"21":{"start":{"line":29,"column":29},"end":{"line":29,"column":70}},"22":{"start":{"line":30,"column":33},"end":{"line":30,"column":74}},"23":{"start":{"line":31,"column":4},"end":{"line":31,"column":113}},"24":{"start":{"line":32,"column":4},"end":{"line":32,"column":128}},"25":{"start":{"line":32,"column":128},"end":{"line":32,"column":141}},"26":{"start":{"line":33,"column":3},"end":{"line":108,"column":10}},"27":{"start":{"line":41,"column":6},"end":{"line":78,"column":36}},"28":{"start":{"line":46,"column":10},"end":{"line":46,"column":39}},"29":{"start":{"line":52,"column":10},"end":{"line":52,"column":53}},"30":{"start":{"line":55,"column":10},"end":{"line":55,"column":70}},"31":{"start":{"line":80,"column":6},"end":{"line":85,"column":15}},"32":{"start":{"line":82,"column":8},"end":{"line":84,"column":9}},"33":{"start":{"line":83,"column":10},"end":{"line":83,"column":50}},"34":{"start":{"line":90,"column":6},"end":{"line":94,"column":7}},"35":{"start":{"line":91,"column":8},"end":{"line":91,"column":28}},"36":{"start":{"line":93,"column":8},"end":{"line":93,"column":28}},"37":{"start":{"line":101,"column":6},"end":{"line":104,"column":115}},"38":{"start":{"line":108,"column":10},"end":{"line":108,"column":21}},"39":{"start":{"line":111,"column":0},"end":{"line":111,"column":3}},"40":{"start":{"line":111,"column":4},"end":{"line":111,"column":31}}},"fnMap":{"0":{"name":"(anonymous_0)","decl":{"start":{"line":29,"column":6},"end":{"line":29,"column":7}},"loc":{"start":{"line":29,"column":28},"end":{"line":108,"column":22}},"line":29},"1":{"name":"App","decl":{"start":{"line":30,"column":11},"end":{"line":30,"column":14}},"loc":{"start":{"line":30,"column":22},"end":{"line":33,"column":3}},"line":30},"2":{"name":"componentDidMount","decl":{"start":{"line":33,"column":80},"end":{"line":33,"column":97}},"loc":{"start":{"line":39,"column":4},"end":{"line":86,"column":5}},"line":39},"3":{"name":"onRegister","decl":{"start":{"line":45,"column":29},"end":{"line":45,"column":39}},"loc":{"start":{"line":45,"column":47},"end":{"line":47,"column":9}},"line":45},"4":{"name":"onNotification","decl":{"start":{"line":51,"column":33},"end":{"line":51,"column":47}},"loc":{"start":{"line":51,"column":62},"end":{"line":56,"column":9}},"line":51},"5":{"name":"(anonymous_5)","decl":{"start":{"line":80,"column":17},"end":{"line":80,"column":18}},"loc":{"start":{"line":80,"column":29},"end":{"line":85,"column":7}},"line":80},"6":{"name":"myFunction","decl":{"start":{"line":86,"column":46},"end":{"line":86,"column":56}},"loc":{"start":{"line":88,"column":4},"end":{"line":95,"column":5}},"line":88},"7":{"name":"render","decl":{"start":{"line":95,"column":42},"end":{"line":95,"column":48}},"loc":{"start":{"line":100,"column":4},"end":{"line":108,"column":5}},"line":100}},"branchMap":{"0":{"loc":{"start":{"line":82,"column":8},"end":{"line":84,"column":9}},"type":"if","locations":[{"start":{"line":82,"column":8},"end":{"line":84,"column":9}},{"start":{"line":82,"column":8},"end":{"line":84,"column":9}}],"line":82},"1":{"loc":{"start":{"line":90,"column":6},"end":{"line":94,"column":7}},"type":"if","locations":[{"start":{"line":90,"column":6},"end":{"line":94,"column":7}},{"start":{"line":90,"column":6},"end":{"line":94,"column":7}}],"line":90}},"s":{"0":1,"1":1,"2":1,"3":1,"4":1,"5":1,"6":1,"7":1,"8":1,"9":1,"10":1,"11":1,"12":1,"13":1,"14":1,"15":1,"16":1,"17":1,"18":1,"19":1,"20":1,"21":1,"22":1,"23":1,"24":1,"25":1,"26":1,"27":1,"28":0,"29":0,"30":0,"31":1,"32":0,"33":0,"34":0,"35":0,"36":0,"37":1,"38":1,"39":1,"40":1},"f":{"0":1,"1":1,"2":1,"3":0,"4":0,"5":0,"6":0,"7":1},"b":{"0":[0,0],"1":[0,0]},"_coverageSchema":"332fd63041d2c1bcb487cc26dd0d5f7d97098a6c","hash":"f064e41bb837c2c43e981f78998c230ea3283516"}
,"/Users/vineet_m/Desktop/eggroup/egGroup-local/setup.js": {"path":"/Users/vineet_m/Desktop/eggroup/egGroup-local/setup.js","statementMap":{"0":{"start":{"line":1,"column":42},"end":{"line":1,"column":97}},"1":{"start":{"line":1,"column":112},"end":{"line":1,"column":153}},"2":{"start":{"line":2,"column":26},"end":{"line":2,"column":84}},"3":{"start":{"line":3,"column":19},"end":{"line":3,"column":42}},"4":{"start":{"line":5,"column":0},"end":{"line":5,"column":42}},"5":{"start":{"line":7,"column":0},"end":{"line":7,"column":33}},"6":{"start":{"line":8,"column":0},"end":{"line":8,"column":74}}},"fnMap":{},"branchMap":{},"s":{"0":4,"1":4,"2":4,"3":4,"4":4,"5":4,"6":4},"f":{},"b":{},"_coverageSchema":"332fd63041d2c1bcb487cc26dd0d5f7d97098a6c","hash":"14ee3186de73242153a041fdb112530c149a18d9"}
,"/Users/vineet_m/Desktop/eggroup/egGroup-local/src/Main.js": {"path":"/Users/vineet_m/Desktop/eggroup/egGroup-local/src/Main.js","statementMap":{"0":{"start":{"line":1,"column":42},"end":{"line":1,"column":97}},"1":{"start":{"line":1,"column":128},"end":{"line":1,"column":184}},"2":{"start":{"line":1,"column":185},"end":{"line":1,"column":247}},"3":{"start":{"line":1,"column":247},"end":{"line":1,"column":272}},"4":{"start":{"line":1,"column":295},"end":{"line":1,"column":367}},"5":{"start":{"line":1,"column":388},"end":{"line":1,"column":457}},"6":{"start":{"line":1,"column":492},"end":{"line":1,"column":575}},"7":{"start":{"line":1,"column":599},"end":{"line":1,"column":671}},"8":{"start":{"line":1,"column":689},"end":{"line":1,"column":755}},"9":{"start":{"line":8,"column":18},"end":{"line":8,"column":40}},"10":{"start":{"line":9,"column":13},"end":{"line":9,"column":54}},"11":{"start":{"line":10,"column":19},"end":{"line":10,"column":42}},"12":{"start":{"line":13,"column":13},"end":{"line":13,"column":73}},"13":{"start":{"line":16,"column":14},"end":{"line":16,"column":57}},"14":{"start":{"line":16,"column":77},"end":{"line":16,"column":136}},"15":{"start":{"line":23,"column":7},"end":{"line":37,"column":41}},"16":{"start":{"line":23,"column":30},"end":{"line":23,"column":72}},"17":{"start":{"line":23,"column":89},"end":{"line":23,"column":131}},"18":{"start":{"line":23,"column":131},"end":{"line":23,"column":245}},"19":{"start":{"line":23,"column":246},"end":{"line":37,"column":10}},"20":{"start":{"line":29,"column":6},"end":{"line":34,"column":113}},"21":{"start":{"line":37,"column":10},"end":{"line":37,"column":22}},"22":{"start":{"line":46,"column":22},"end":{"line":46,"column":61}},"23":{"start":{"line":46,"column":50},"end":{"line":46,"column":60}},"24":{"start":{"line":54,"column":25},"end":{"line":54,"column":67}},"25":{"start":{"line":54,"column":56},"end":{"line":54,"column":66}},"26":{"start":{"line":56,"column":0},"end":{"line":56,"column":67}},"27":{"start":{"line":56,"column":68},"end":{"line":56,"column":95}}},"fnMap":{"0":{"name":"(anonymous_0)","decl":{"start":{"line":23,"column":7},"end":{"line":23,"column":8}},"loc":{"start":{"line":23,"column":29},"end":{"line":37,"column":23}},"line":23},"1":{"name":"Main","decl":{"start":{"line":23,"column":81},"end":{"line":23,"column":85}},"loc":{"start":{"line":23,"column":88},"end":{"line":23,"column":246}},"line":23},"2":{"name":"render","decl":{"start":{"line":23,"column":313},"end":{"line":23,"column":319}},"loc":{"start":{"line":28,"column":4},"end":{"line":37,"column":5}},"line":28},"3":{"name":"mapStateToProps","decl":{"start":{"line":46,"column":31},"end":{"line":46,"column":46}},"loc":{"start":{"line":46,"column":49},"end":{"line":46,"column":61}},"line":46},"4":{"name":"mapDispatchToProps","decl":{"start":{"line":54,"column":34},"end":{"line":54,"column":52}},"loc":{"start":{"line":54,"column":55},"end":{"line":54,"column":67}},"line":54}},"branchMap":{},"s":{"0":2,"1":2,"2":2,"3":2,"4":2,"5":2,"6":2,"7":2,"8":2,"9":2,"10":2,"11":2,"12":2,"13":2,"14":2,"15":2,"16":2,"17":0,"18":0,"19":2,"20":0,"21":2,"22":2,"23":0,"24":2,"25":0,"26":2,"27":2},"f":{"0":2,"1":0,"2":0,"3":0,"4":0},"b":{},"_coverageSchema":"332fd63041d2c1bcb487cc26dd0d5f7d97098a6c","hash":"064421c952dd2ea7d3aecfa88039a15bf7f30322"}
,"/Users/vineet_m/Desktop/eggroup/egGroup-local/src/assets/images/go_fuel_card.png": {"path":"/Users/vineet_m/Desktop/eggroup/egGroup-local/src/assets/images/go_fuel_card.png","statementMap":{"0":{"start":{"line":1,"column":0},"end":{"line":4,"column":6}}},"fnMap":{},"branchMap":{},"s":{"0":2},"f":{},"b":{},"_coverageSchema":"332fd63041d2c1bcb487cc26dd0d5f7d97098a6c","hash":"1a9bd561cbb9f5fb9626b871fd06e94e512d65ce"}
,"/Users/vineet_m/Desktop/eggroup/egGroup-local/src/assets/images/img_banner_esso.png": {"path":"/Users/vineet_m/Desktop/eggroup/egGroup-local/src/assets/images/img_banner_esso.png","statementMap":{"0":{"start":{"line":1,"column":0},"end":{"line":4,"column":6}}},"fnMap":{},"branchMap":{},"s":{"0":2},"f":{},"b":{},"_coverageSchema":"332fd63041d2c1bcb487cc26dd0d5f7d97098a6c","hash":"7367892374b05247742a24d35f87dfeeda5ac377"}
,"/Users/vineet_m/Desktop/eggroup/egGroup-local/src/assets/images/noimage.jpg": {"path":"/Users/vineet_m/Desktop/eggroup/egGroup-local/src/assets/images/noimage.jpg","statementMap":{"0":{"start":{"line":1,"column":0},"end":{"line":4,"column":6}}},"fnMap":{},"branchMap":{},"s":{"0":1},"f":{},"b":{},"_coverageSchema":"332fd63041d2c1bcb487cc26dd0d5f7d97098a6c","hash":"f1992d4079d174be5a1f1a385e148b33295277d9"}
,"/Users/vineet_m/Desktop/eggroup/egGroup-local/src/assets/images/signup/Loginlogo.png": {"path":"/Users/vineet_m/Desktop/eggroup/egGroup-local/src/assets/images/signup/Loginlogo.png","statementMap":{"0":{"start":{"line":1,"column":0},"end":{"line":4,"column":6}}},"fnMap":{},"branchMap":{},"s":{"0":2},"f":{},"b":{},"_coverageSchema":"332fd63041d2c1bcb487cc26dd0d5f7d97098a6c","hash":"d60bb89137ef01457003c737894509650685dae3"}
,"/Users/vineet_m/Desktop/eggroup/egGroup-local/src/components/ExpandCollapseView.js": {"path":"/Users/vineet_m/Desktop/eggroup/egGroup-local/src/components/ExpandCollapseView.js","statementMap":{"0":{"start":{"line":1,"column":42},"end":{"line":1,"column":97}},"1":{"start":{"line":1,"column":128},"end":{"line":1,"column":184}},"2":{"start":{"line":1,"column":185},"end":{"line":1,"column":247}},"3":{"start":{"line":1,"column":247},"end":{"line":1,"column":272}},"4":{"start":{"line":1,"column":295},"end":{"line":1,"column":367}},"5":{"start":{"line":1,"column":388},"end":{"line":1,"column":457}},"6":{"start":{"line":1,"column":492},"end":{"line":1,"column":575}},"7":{"start":{"line":1,"column":599},"end":{"line":1,"column":671}},"8":{"start":{"line":1,"column":689},"end":{"line":1,"column":755}},"9":{"start":{"line":1,"column":769},"end":{"line":1,"column":810}},"10":{"start":{"line":2,"column":19},"end":{"line":2,"column":42}},"11":{"start":{"line":3,"column":27},"end":{"line":3,"column":59}},"12":{"start":{"line":4,"column":23},"end":{"line":4,"column":83}},"13":{"start":{"line":4,"column":103},"end":{"line":4,"column":187}},"14":{"start":{"line":6,"column":21},"end":{"line":52,"column":55}},"15":{"start":{"line":6,"column":44},"end":{"line":6,"column":100}},"16":{"start":{"line":8,"column":48},"end":{"line":8,"column":104}},"17":{"start":{"line":9,"column":4},"end":{"line":9,"column":128}},"18":{"start":{"line":11,"column":4},"end":{"line":14,"column":24}},"19":{"start":{"line":14,"column":24},"end":{"line":14,"column":37}},"20":{"start":{"line":16,"column":3},"end":{"line":52,"column":10}},"21":{"start":{"line":19,"column":6},"end":{"line":20,"column":42}},"22":{"start":{"line":25,"column":6},"end":{"line":46,"column":193}},"23":{"start":{"line":52,"column":10},"end":{"line":52,"column":36}},"24":{"start":{"line":55,"column":0},"end":{"line":55,"column":18}},"25":{"start":{"line":55,"column":19},"end":{"line":55,"column":46}}},"fnMap":{"0":{"name":"(anonymous_0)","decl":{"start":{"line":6,"column":21},"end":{"line":6,"column":22}},"loc":{"start":{"line":6,"column":43},"end":{"line":52,"column":37}},"line":6},"1":{"name":"ExpandCollapseView","decl":{"start":{"line":8,"column":11},"end":{"line":8,"column":29}},"loc":{"start":{"line":8,"column":37},"end":{"line":16,"column":3}},"line":8},"2":{"name":"toggle","decl":{"start":{"line":16,"column":84},"end":{"line":16,"column":90}},"loc":{"start":{"line":18,"column":4},"end":{"line":22,"column":5}},"line":18},"3":{"name":"render","decl":{"start":{"line":22,"column":42},"end":{"line":22,"column":48}},"loc":{"start":{"line":24,"column":4},"end":{"line":52,"column":5}},"line":24}},"branchMap":{"0":{"loc":{"start":{"line":35,"column":16},"end":{"line":35,"column":54}},"type":"cond-expr","locations":[{"start":{"line":35,"column":38},"end":{"line":35,"column":45}},{"start":{"line":35,"column":48},"end":{"line":35,"column":54}}],"line":35},"1":{"loc":{"start":{"line":44,"column":8},"end":{"line":46,"column":189}},"type":"binary-expr","locations":[{"start":{"line":44,"column":8},"end":{"line":44,"column":27}},{"start":{"line":45,"column":8},"end":{"line":46,"column":189}}],"line":44}},"s":{"0":2,"1":2,"2":2,"3":2,"4":2,"5":2,"6":2,"7":2,"8":2,"9":2,"10":2,"11":2,"12":2,"13":2,"14":2,"15":2,"16":0,"17":0,"18":0,"19":0,"20":2,"21":0,"22":0,"23":2,"24":2,"25":2},"f":{"0":2,"1":0,"2":0,"3":0},"b":{"0":[0,0],"1":[0,0]},"_coverageSchema":"332fd63041d2c1bcb487cc26dd0d5f7d97098a6c","hash":"6b6e92e68b74d53485f5b30776081eeca7e12088"}
,"/Users/vineet_m/Desktop/eggroup/egGroup-local/src/components/index.js": {"path":"/Users/vineet_m/Desktop/eggroup/egGroup-local/src/components/index.js","statementMap":{"0":{"start":{"line":1,"column":42},"end":{"line":1,"column":97}},"1":{"start":{"line":1,"column":98},"end":{"line":1,"column":160}},"2":{"start":{"line":1,"column":160},"end":{"line":1,"column":270}},"3":{"start":{"line":1,"column":242},"end":{"line":1,"column":265}},"4":{"start":{"line":1,"column":270},"end":{"line":1,"column":386}},"5":{"start":{"line":1,"column":355},"end":{"line":1,"column":381}},"6":{"start":{"line":1,"column":386},"end":{"line":1,"column":496}},"7":{"start":{"line":1,"column":468},"end":{"line":1,"column":491}},"8":{"start":{"line":1,"column":496},"end":{"line":1,"column":614}},"9":{"start":{"line":1,"column":582},"end":{"line":1,"column":609}},"10":{"start":{"line":1,"column":614},"end":{"line":1,"column":726}},"11":{"start":{"line":1,"column":697},"end":{"line":1,"column":721}},"12":{"start":{"line":1,"column":726},"end":{"line":1,"column":858}},"13":{"start":{"line":1,"column":819},"end":{"line":1,"column":853}},"14":{"start":{"line":1,"column":858},"end":{"line":1,"column":982}},"15":{"start":{"line":1,"column":947},"end":{"line":1,"column":977}},"16":{"start":{"line":1,"column":982},"end":{"line":1,"column":1090}},"17":{"start":{"line":1,"column":1063},"end":{"line":1,"column":1085}},"18":{"start":{"line":1,"column":1090},"end":{"line":1,"column":1204}},"19":{"start":{"line":1,"column":1174},"end":{"line":1,"column":1199}},"20":{"start":{"line":1,"column":1204},"end":{"line":1,"column":1322}},"21":{"start":{"line":1,"column":1290},"end":{"line":1,"column":1317}},"22":{"start":{"line":1,"column":1322},"end":{"line":1,"column":1442}},"23":{"start":{"line":1,"column":1409},"end":{"line":1,"column":1437}},"24":{"start":{"line":1,"column":1442},"end":{"line":1,"column":1564}},"25":{"start":{"line":1,"column":1530},"end":{"line":1,"column":1559}},"26":{"start":{"line":1,"column":1564},"end":{"line":1,"column":1674}},"27":{"start":{"line":1,"column":1648},"end":{"line":1,"column":1669}},"28":{"start":{"line":1,"column":1688},"end":{"line":1,"column":1731}},"29":{"start":{"line":2,"column":17},"end":{"line":2,"column":63}},"30":{"start":{"line":3,"column":14},"end":{"line":3,"column":57}},"31":{"start":{"line":4,"column":18},"end":{"line":4,"column":65}},"32":{"start":{"line":5,"column":15},"end":{"line":5,"column":59}},"33":{"start":{"line":6,"column":25},"end":{"line":6,"column":79}},"34":{"start":{"line":7,"column":21},"end":{"line":7,"column":71}},"35":{"start":{"line":8,"column":13},"end":{"line":8,"column":55}},"36":{"start":{"line":9,"column":16},"end":{"line":9,"column":61}},"37":{"start":{"line":10,"column":18},"end":{"line":10,"column":65}},"38":{"start":{"line":11,"column":19},"end":{"line":11,"column":67}},"39":{"start":{"line":12,"column":20},"end":{"line":12,"column":69}},"40":{"start":{"line":13,"column":12},"end":{"line":13,"column":53}}},"fnMap":{"0":{"name":"get","decl":{"start":{"line":1,"column":235},"end":{"line":1,"column":238}},"loc":{"start":{"line":1,"column":241},"end":{"line":1,"column":266}},"line":1},"1":{"name":"get","decl":{"start":{"line":1,"column":348},"end":{"line":1,"column":351}},"loc":{"start":{"line":1,"column":354},"end":{"line":1,"column":382}},"line":1},"2":{"name":"get","decl":{"start":{"line":1,"column":461},"end":{"line":1,"column":464}},"loc":{"start":{"line":1,"column":467},"end":{"line":1,"column":492}},"line":1},"3":{"name":"get","decl":{"start":{"line":1,"column":575},"end":{"line":1,"column":578}},"loc":{"start":{"line":1,"column":581},"end":{"line":1,"column":610}},"line":1},"4":{"name":"get","decl":{"start":{"line":1,"column":690},"end":{"line":1,"column":693}},"loc":{"start":{"line":1,"column":696},"end":{"line":1,"column":722}},"line":1},"5":{"name":"get","decl":{"start":{"line":1,"column":812},"end":{"line":1,"column":815}},"loc":{"start":{"line":1,"column":818},"end":{"line":1,"column":854}},"line":1},"6":{"name":"get","decl":{"start":{"line":1,"column":940},"end":{"line":1,"column":943}},"loc":{"start":{"line":1,"column":946},"end":{"line":1,"column":978}},"line":1},"7":{"name":"get","decl":{"start":{"line":1,"column":1056},"end":{"line":1,"column":1059}},"loc":{"start":{"line":1,"column":1062},"end":{"line":1,"column":1086}},"line":1},"8":{"name":"get","decl":{"start":{"line":1,"column":1167},"end":{"line":1,"column":1170}},"loc":{"start":{"line":1,"column":1173},"end":{"line":1,"column":1200}},"line":1},"9":{"name":"get","decl":{"start":{"line":1,"column":1283},"end":{"line":1,"column":1286}},"loc":{"start":{"line":1,"column":1289},"end":{"line":1,"column":1318}},"line":1},"10":{"name":"get","decl":{"start":{"line":1,"column":1402},"end":{"line":1,"column":1405}},"loc":{"start":{"line":1,"column":1408},"end":{"line":1,"column":1438}},"line":1},"11":{"name":"get","decl":{"start":{"line":1,"column":1523},"end":{"line":1,"column":1526}},"loc":{"start":{"line":1,"column":1529},"end":{"line":1,"column":1560}},"line":1},"12":{"name":"get","decl":{"start":{"line":1,"column":1641},"end":{"line":1,"column":1644}},"loc":{"start":{"line":1,"column":1647},"end":{"line":1,"column":1670}},"line":1}},"branchMap":{},"s":{"0":2,"1":2,"2":2,"3":0,"4":2,"5":0,"6":2,"7":0,"8":2,"9":0,"10":2,"11":0,"12":2,"13":0,"14":2,"15":0,"16":2,"17":0,"18":2,"19":0,"20":2,"21":0,"22":2,"23":0,"24":2,"25":0,"26":2,"27":0,"28":2,"29":2,"30":2,"31":2,"32":2,"33":2,"34":2,"35":2,"36":2,"37":2,"38":2,"39":2,"40":2},"f":{"0":0,"1":0,"2":0,"3":0,"4":0,"5":0,"6":0,"7":0,"8":0,"9":0,"10":0,"11":0,"12":0},"b":{},"_coverageSchema":"332fd63041d2c1bcb487cc26dd0d5f7d97098a6c","hash":"119f1e3093ac285d9f6da642a08e3d426b46d071"}
,"/Users/vineet_m/Desktop/eggroup/egGroup-local/src/components/Button/index.js": {"path":"/Users/vineet_m/Desktop/eggroup/egGroup-local/src/components/Button/index.js","statementMap":{"0":{"start":{"line":1,"column":42},"end":{"line":1,"column":97}},"1":{"start":{"line":1,"column":128},"end":{"line":1,"column":184}},"2":{"start":{"line":1,"column":185},"end":{"line":1,"column":247}},"3":{"start":{"line":1,"column":247},"end":{"line":1,"column":272}},"4":{"start":{"line":1,"column":295},"end":{"line":1,"column":367}},"5":{"start":{"line":1,"column":388},"end":{"line":1,"column":457}},"6":{"start":{"line":1,"column":492},"end":{"line":1,"column":575}},"7":{"start":{"line":1,"column":599},"end":{"line":1,"column":671}},"8":{"start":{"line":1,"column":689},"end":{"line":1,"column":755}},"9":{"start":{"line":1,"column":769},"end":{"line":1,"column":810}},"10":{"start":{"line":2,"column":19},"end":{"line":2,"column":42}},"11":{"start":{"line":3,"column":27},"end":{"line":3,"column":59}},"12":{"start":{"line":5,"column":23},"end":{"line":5,"column":86}},"13":{"start":{"line":5,"column":106},"end":{"line":5,"column":184}},"14":{"start":{"line":7,"column":19},"end":{"line":12,"column":19}},"15":{"start":{"line":15,"column":9},"end":{"line":34,"column":43}},"16":{"start":{"line":15,"column":32},"end":{"line":15,"column":76}},"17":{"start":{"line":15,"column":95},"end":{"line":15,"column":139}},"18":{"start":{"line":15,"column":139},"end":{"line":15,"column":255}},"19":{"start":{"line":15,"column":256},"end":{"line":34,"column":10}},"20":{"start":{"line":18,"column":6},"end":{"line":29,"column":181}},"21":{"start":{"line":34,"column":10},"end":{"line":34,"column":24}},"22":{"start":{"line":37,"column":0},"end":{"line":37,"column":35}},"23":{"start":{"line":39,"column":0},"end":{"line":39,"column":6}},"24":{"start":{"line":39,"column":7},"end":{"line":39,"column":34}}},"fnMap":{"0":{"name":"onPress","decl":{"start":{"line":11,"column":20},"end":{"line":11,"column":27}},"loc":{"start":{"line":11,"column":30},"end":{"line":11,"column":32}},"line":11},"1":{"name":"(anonymous_1)","decl":{"start":{"line":15,"column":9},"end":{"line":15,"column":10}},"loc":{"start":{"line":15,"column":31},"end":{"line":34,"column":25}},"line":15},"2":{"name":"Button","decl":{"start":{"line":15,"column":85},"end":{"line":15,"column":91}},"loc":{"start":{"line":15,"column":94},"end":{"line":15,"column":256}},"line":15},"3":{"name":"render","decl":{"start":{"line":15,"column":325},"end":{"line":15,"column":331}},"loc":{"start":{"line":17,"column":4},"end":{"line":34,"column":5}},"line":17}},"branchMap":{"0":{"loc":{"start":{"line":22,"column":8},"end":{"line":27,"column":96}},"type":"binary-expr","locations":[{"start":{"line":22,"column":8},"end":{"line":22,"column":38}},{"start":{"line":23,"column":8},"end":{"line":27,"column":96}}],"line":22}},"s":{"0":3,"1":3,"2":3,"3":3,"4":3,"5":3,"6":3,"7":3,"8":3,"9":3,"10":3,"11":3,"12":3,"13":3,"14":3,"15":3,"16":3,"17":1,"18":1,"19":3,"20":1,"21":3,"22":3,"23":3,"24":3},"f":{"0":0,"1":3,"2":1,"3":1},"b":{"0":[1,0]},"_coverageSchema":"332fd63041d2c1bcb487cc26dd0d5f7d97098a6c","hash":"974a24766068dc26859ec7a158a8b25679bac497"}
,"/Users/vineet_m/Desktop/eggroup/egGroup-local/src/components/Card/index.js": {"path":"/Users/vineet_m/Desktop/eggroup/egGroup-local/src/components/Card/index.js","statementMap":{"0":{"start":{"line":1,"column":42},"end":{"line":1,"column":97}},"1":{"start":{"line":1,"column":128},"end":{"line":1,"column":184}},"2":{"start":{"line":1,"column":185},"end":{"line":1,"column":247}},"3":{"start":{"line":1,"column":247},"end":{"line":1,"column":272}},"4":{"start":{"line":1,"column":295},"end":{"line":1,"column":367}},"5":{"start":{"line":1,"column":388},"end":{"line":1,"column":457}},"6":{"start":{"line":1,"column":492},"end":{"line":1,"column":575}},"7":{"start":{"line":1,"column":599},"end":{"line":1,"column":671}},"8":{"start":{"line":1,"column":689},"end":{"line":1,"column":755}},"9":{"start":{"line":1,"column":769},"end":{"line":1,"column":810}},"10":{"start":{"line":2,"column":19},"end":{"line":2,"column":42}},"11":{"start":{"line":3,"column":33},"end":{"line":3,"column":96}},"12":{"start":{"line":4,"column":23},"end":{"line":4,"column":86}},"13":{"start":{"line":4,"column":106},"end":{"line":4,"column":182}},"14":{"start":{"line":6,"column":19},"end":{"line":9,"column":20}},"15":{"start":{"line":12,"column":11},"end":{"line":66,"column":45}},"16":{"start":{"line":12,"column":34},"end":{"line":12,"column":80}},"17":{"start":{"line":12,"column":101},"end":{"line":12,"column":147}},"18":{"start":{"line":12,"column":147},"end":{"line":12,"column":265}},"19":{"start":{"line":12,"column":266},"end":{"line":66,"column":10}},"20":{"start":{"line":22,"column":6},"end":{"line":22,"column":16}},"21":{"start":{"line":22,"column":25},"end":{"line":22,"column":42}},"22":{"start":{"line":22,"column":53},"end":{"line":22,"column":72}},"23":{"start":{"line":22,"column":86},"end":{"line":22,"column":108}},"24":{"start":{"line":22,"column":126},"end":{"line":22,"column":152}},"25":{"start":{"line":22,"column":161},"end":{"line":22,"column":178}},"26":{"start":{"line":22,"column":194},"end":{"line":22,"column":218}},"27":{"start":{"line":23,"column":6},"end":{"line":59,"column":233}},"28":{"start":{"line":66,"column":10},"end":{"line":66,"column":26}},"29":{"start":{"line":69,"column":0},"end":{"line":69,"column":37}},"30":{"start":{"line":71,"column":0},"end":{"line":71,"column":8}},"31":{"start":{"line":71,"column":9},"end":{"line":71,"column":36}}},"fnMap":{"0":{"name":"onPress","decl":{"start":{"line":8,"column":20},"end":{"line":8,"column":27}},"loc":{"start":{"line":8,"column":30},"end":{"line":8,"column":32}},"line":8},"1":{"name":"(anonymous_1)","decl":{"start":{"line":12,"column":11},"end":{"line":12,"column":12}},"loc":{"start":{"line":12,"column":33},"end":{"line":66,"column":27}},"line":12},"2":{"name":"CardItem","decl":{"start":{"line":12,"column":89},"end":{"line":12,"column":97}},"loc":{"start":{"line":12,"column":100},"end":{"line":12,"column":266}},"line":12},"3":{"name":"render","decl":{"start":{"line":12,"column":337},"end":{"line":12,"column":343}},"loc":{"start":{"line":14,"column":4},"end":{"line":66,"column":5}},"line":14}},"branchMap":{"0":{"loc":{"start":{"line":32,"column":18},"end":{"line":32,"column":87}},"type":"cond-expr","locations":[{"start":{"line":32,"column":26},"end":{"line":32,"column":40}},{"start":{"line":32,"column":43},"end":{"line":32,"column":87}}],"line":32},"1":{"loc":{"start":{"line":40,"column":162},"end":{"line":40,"column":189}},"type":"cond-expr","locations":[{"start":{"line":40,"column":170},"end":{"line":40,"column":175}},{"start":{"line":40,"column":178},"end":{"line":40,"column":189}}],"line":40},"2":{"loc":{"start":{"line":43,"column":164},"end":{"line":43,"column":196}},"type":"cond-expr","locations":[{"start":{"line":43,"column":179},"end":{"line":43,"column":191}},{"start":{"line":43,"column":194},"end":{"line":43,"column":196}}],"line":43},"3":{"loc":{"start":{"line":43,"column":198},"end":{"line":43,"column":221}},"type":"cond-expr","locations":[{"start":{"line":43,"column":208},"end":{"line":43,"column":215}},{"start":{"line":43,"column":218},"end":{"line":43,"column":221}}],"line":43},"4":{"loc":{"start":{"line":53,"column":161},"end":{"line":53,"column":203}},"type":"cond-expr","locations":[{"start":{"line":53,"column":174},"end":{"line":53,"column":184}},{"start":{"line":53,"column":187},"end":{"line":53,"column":203}}],"line":53},"5":{"loc":{"start":{"line":59,"column":178},"end":{"line":59,"column":225}},"type":"cond-expr","locations":[{"start":{"line":59,"column":195},"end":{"line":59,"column":209}},{"start":{"line":59,"column":212},"end":{"line":59,"column":225}}],"line":59}},"s":{"0":3,"1":3,"2":3,"3":3,"4":3,"5":3,"6":3,"7":3,"8":3,"9":3,"10":3,"11":3,"12":3,"13":3,"14":3,"15":3,"16":3,"17":1,"18":1,"19":3,"20":1,"21":1,"22":1,"23":1,"24":1,"25":1,"26":1,"27":1,"28":3,"29":3,"30":3,"31":3},"f":{"0":0,"1":3,"2":1,"3":1},"b":{"0":[0,1],"1":[0,1],"2":[0,1],"3":[0,1],"4":[0,1],"5":[0,1]},"_coverageSchema":"332fd63041d2c1bcb487cc26dd0d5f7d97098a6c","hash":"6e3221024b6b9dc25fc032b59508a1bd72587929"}
,"/Users/vineet_m/Desktop/eggroup/egGroup-local/src/components/Checkbox/index.js": {"path":"/Users/vineet_m/Desktop/eggroup/egGroup-local/src/components/Checkbox/index.js","statementMap":{"0":{"start":{"line":1,"column":42},"end":{"line":1,"column":97}},"1":{"start":{"line":1,"column":128},"end":{"line":1,"column":184}},"2":{"start":{"line":1,"column":185},"end":{"line":1,"column":247}},"3":{"start":{"line":1,"column":247},"end":{"line":1,"column":272}},"4":{"start":{"line":1,"column":295},"end":{"line":1,"column":367}},"5":{"start":{"line":1,"column":388},"end":{"line":1,"column":457}},"6":{"start":{"line":1,"column":492},"end":{"line":1,"column":575}},"7":{"start":{"line":1,"column":599},"end":{"line":1,"column":671}},"8":{"start":{"line":1,"column":689},"end":{"line":1,"column":755}},"9":{"start":{"line":1,"column":769},"end":{"line":1,"column":810}},"10":{"start":{"line":2,"column":19},"end":{"line":2,"column":42}},"11":{"start":{"line":3,"column":27},"end":{"line":3,"column":59}},"12":{"start":{"line":5,"column":23},"end":{"line":5,"column":86}},"13":{"start":{"line":5,"column":106},"end":{"line":5,"column":186}},"14":{"start":{"line":7,"column":19},"end":{"line":9,"column":18}},"15":{"start":{"line":12,"column":11},"end":{"line":27,"column":45}},"16":{"start":{"line":12,"column":34},"end":{"line":12,"column":80}},"17":{"start":{"line":12,"column":101},"end":{"line":12,"column":147}},"18":{"start":{"line":12,"column":147},"end":{"line":12,"column":265}},"19":{"start":{"line":12,"column":266},"end":{"line":27,"column":10}},"20":{"start":{"line":15,"column":6},"end":{"line":24,"column":36}},"21":{"start":{"line":27,"column":10},"end":{"line":27,"column":26}},"22":{"start":{"line":30,"column":0},"end":{"line":30,"column":37}},"23":{"start":{"line":32,"column":0},"end":{"line":32,"column":8}},"24":{"start":{"line":32,"column":9},"end":{"line":32,"column":36}}},"fnMap":{"0":{"name":"(anonymous_0)","decl":{"start":{"line":12,"column":11},"end":{"line":12,"column":12}},"loc":{"start":{"line":12,"column":33},"end":{"line":27,"column":27}},"line":12},"1":{"name":"Checkbox","decl":{"start":{"line":12,"column":89},"end":{"line":12,"column":97}},"loc":{"start":{"line":12,"column":100},"end":{"line":12,"column":266}},"line":12},"2":{"name":"render","decl":{"start":{"line":12,"column":337},"end":{"line":12,"column":343}},"loc":{"start":{"line":14,"column":4},"end":{"line":27,"column":5}},"line":14}},"branchMap":{"0":{"loc":{"start":{"line":19,"column":16},"end":{"line":19,"column":81}},"type":"cond-expr","locations":[{"start":{"line":19,"column":37},"end":{"line":19,"column":54}},{"start":{"line":19,"column":57},"end":{"line":19,"column":81}}],"line":19}},"s":{"0":2,"1":2,"2":2,"3":2,"4":2,"5":2,"6":2,"7":2,"8":2,"9":2,"10":2,"11":2,"12":2,"13":2,"14":2,"15":2,"16":2,"17":0,"18":0,"19":2,"20":0,"21":2,"22":2,"23":2,"24":2},"f":{"0":2,"1":0,"2":0},"b":{"0":[0,0]},"_coverageSchema":"332fd63041d2c1bcb487cc26dd0d5f7d97098a6c","hash":"82755b12d547d7c8073201e232036ff5eb7286b1"}
,"/Users/vineet_m/Desktop/eggroup/egGroup-local/src/components/DatePickerAndroid/index.js": {"path":"/Users/vineet_m/Desktop/eggroup/egGroup-local/src/components/DatePickerAndroid/index.js","statementMap":{"0":{"start":{"line":1,"column":42},"end":{"line":1,"column":97}},"1":{"start":{"line":1,"column":128},"end":{"line":1,"column":184}},"2":{"start":{"line":1,"column":185},"end":{"line":1,"column":247}},"3":{"start":{"line":1,"column":247},"end":{"line":1,"column":272}},"4":{"start":{"line":1,"column":291},"end":{"line":1,"column":352}},"5":{"start":{"line":1,"column":376},"end":{"line":1,"column":448}},"6":{"start":{"line":1,"column":469},"end":{"line":1,"column":538}},"7":{"start":{"line":1,"column":573},"end":{"line":1,"column":656}},"8":{"start":{"line":1,"column":680},"end":{"line":1,"column":752}},"9":{"start":{"line":1,"column":770},"end":{"line":1,"column":836}},"10":{"start":{"line":1,"column":850},"end":{"line":1,"column":891}},"11":{"start":{"line":2,"column":19},"end":{"line":2,"column":42}},"12":{"start":{"line":3,"column":27},"end":{"line":3,"column":59}},"13":{"start":{"line":5,"column":23},"end":{"line":5,"column":86}},"14":{"start":{"line":5,"column":106},"end":{"line":5,"column":195}},"15":{"start":{"line":7,"column":19},"end":{"line":18,"column":48}},"16":{"start":{"line":21,"column":13},"end":{"line":67,"column":47}},"17":{"start":{"line":21,"column":36},"end":{"line":21,"column":84}},"18":{"start":{"line":21,"column":138},"end":{"line":21,"column":186}},"19":{"start":{"line":21,"column":186},"end":{"line":21,"column":306}},"20":{"start":{"line":21,"column":276},"end":{"line":21,"column":305}},"21":{"start":{"line":21,"column":306},"end":{"line":21,"column":475}},"22":{"start":{"line":21,"column":475},"end":{"line":25,"column":6}},"23":{"start":{"line":24,"column":6},"end":{"line":24,"column":30}},"24":{"start":{"line":25,"column":6},"end":{"line":39,"column":135}},"25":{"start":{"line":27,"column":91},"end":{"line":39,"column":133}},"26":{"start":{"line":27,"column":154},"end":{"line":39,"column":107}},"27":{"start":{"line":27,"column":165},"end":{"line":39,"column":106}},"28":{"start":{"line":27,"column":212},"end":{"line":27,"column":230}},"29":{"start":{"line":27,"column":230},"end":{"line":27,"column":248}},"30":{"start":{"line":27,"column":248},"end":{"line":30,"column":54}},"31":{"start":{"line":30,"column":61},"end":{"line":30,"column":82}},"32":{"start":{"line":30,"column":82},"end":{"line":30,"column":103}},"33":{"start":{"line":30,"column":103},"end":{"line":30,"column":120}},"34":{"start":{"line":30,"column":120},"end":{"line":30,"column":139}},"35":{"start":{"line":30,"column":139},"end":{"line":30,"column":154}},"36":{"start":{"line":32,"column":14},"end":{"line":37,"column":15}},"37":{"start":{"line":33,"column":16},"end":{"line":33,"column":79}},"38":{"start":{"line":34,"column":16},"end":{"line":34,"column":40}},"39":{"start":{"line":35,"column":21},"end":{"line":37,"column":15}},"40":{"start":{"line":36,"column":16},"end":{"line":36,"column":40}},"41":{"start":{"line":37,"column":15},"end":{"line":37,"column":34}},"42":{"start":{"line":37,"column":34},"end":{"line":37,"column":40}},"43":{"start":{"line":37,"column":48},"end":{"line":37,"column":67}},"44":{"start":{"line":37,"column":67},"end":{"line":37,"column":102}},"45":{"start":{"line":38,"column":14},"end":{"line":38,"column":38}},"46":{"start":{"line":38,"column":38},"end":{"line":38,"column":68}},"47":{"start":{"line":39,"column":14},"end":{"line":39,"column":63}},"48":{"start":{"line":39,"column":82},"end":{"line":39,"column":105}},"49":{"start":{"line":39,"column":135},"end":{"line":39,"column":148}},"50":{"start":{"line":39,"column":149},"end":{"line":67,"column":10}},"51":{"start":{"line":44,"column":6},"end":{"line":62,"column":163}},"52":{"start":{"line":67,"column":10},"end":{"line":67,"column":28}},"53":{"start":{"line":70,"column":0},"end":{"line":70,"column":39}},"54":{"start":{"line":72,"column":0},"end":{"line":72,"column":10}},"55":{"start":{"line":72,"column":11},"end":{"line":72,"column":38}}},"fnMap":{"0":{"name":"mapElement","decl":{"start":{"line":8,"column":23},"end":{"line":8,"column":33}},"loc":{"start":{"line":8,"column":37},"end":{"line":8,"column":39}},"line":8},"1":{"name":"onSubmitEditing","decl":{"start":{"line":9,"column":28},"end":{"line":9,"column":43}},"loc":{"start":{"line":9,"column":46},"end":{"line":9,"column":48}},"line":9},"2":{"name":"openDatePicker","decl":{"start":{"line":18,"column":27},"end":{"line":18,"column":41}},"loc":{"start":{"line":18,"column":44},"end":{"line":18,"column":46}},"line":18},"3":{"name":"(anonymous_3)","decl":{"start":{"line":21,"column":13},"end":{"line":21,"column":14}},"loc":{"start":{"line":21,"column":35},"end":{"line":67,"column":29}},"line":21},"4":{"name":"DatePicker","decl":{"start":{"line":21,"column":93},"end":{"line":21,"column":103}},"loc":{"start":{"line":21,"column":106},"end":{"line":39,"column":149}},"line":21},"5":{"name":"(anonymous_5)","decl":{"start":{"line":23,"column":17},"end":{"line":23,"column":18}},"loc":{"start":{"line":23,"column":33},"end":{"line":25,"column":5}},"line":23},"6":{"name":"_callee","decl":{"start":{"line":27,"column":30},"end":{"line":27,"column":37}},"loc":{"start":{"line":27,"column":40},"end":{"line":39,"column":134}},"line":27},"7":{"name":"_callee$","decl":{"start":{"line":27,"column":134},"end":{"line":27,"column":142}},"loc":{"start":{"line":27,"column":153},"end":{"line":39,"column":108}},"line":27},"8":{"name":"render","decl":{"start":{"line":39,"column":222},"end":{"line":39,"column":228}},"loc":{"start":{"line":43,"column":4},"end":{"line":67,"column":5}},"line":43}},"branchMap":{"0":{"loc":{"start":{"line":27,"column":165},"end":{"line":39,"column":106}},"type":"switch","locations":[{"start":{"line":27,"column":205},"end":{"line":30,"column":54}},{"start":{"line":30,"column":54},"end":{"line":37,"column":40}},{"start":{"line":37,"column":40},"end":{"line":39,"column":63}},{"start":{"line":39,"column":63},"end":{"line":39,"column":71}},{"start":{"line":39,"column":71},"end":{"line":39,"column":105}}],"line":27},"1":{"loc":{"start":{"line":32,"column":14},"end":{"line":37,"column":15}},"type":"if","locations":[{"start":{"line":32,"column":14},"end":{"line":37,"column":15}},{"start":{"line":32,"column":14},"end":{"line":37,"column":15}}],"line":32},"2":{"loc":{"start":{"line":35,"column":21},"end":{"line":37,"column":15}},"type":"if","locations":[{"start":{"line":35,"column":21},"end":{"line":37,"column":15}},{"start":{"line":35,"column":21},"end":{"line":37,"column":15}}],"line":35}},"s":{"0":2,"1":2,"2":2,"3":2,"4":2,"5":2,"6":2,"7":2,"8":2,"9":2,"10":2,"11":2,"12":2,"13":2,"14":2,"15":2,"16":2,"17":2,"18":0,"19":0,"20":0,"21":0,"22":0,"23":0,"24":0,"25":0,"26":0,"27":0,"28":0,"29":0,"30":0,"31":0,"32":0,"33":0,"34":0,"35":0,"36":0,"37":0,"38":0,"39":0,"40":0,"41":0,"42":0,"43":0,"44":0,"45":0,"46":0,"47":0,"48":0,"49":0,"50":2,"51":0,"52":2,"53":2,"54":2,"55":2},"f":{"0":0,"1":0,"2":0,"3":2,"4":0,"5":0,"6":0,"7":0,"8":0},"b":{"0":[0,0,0,0,0],"1":[0,0],"2":[0,0]},"_coverageSchema":"332fd63041d2c1bcb487cc26dd0d5f7d97098a6c","hash":"efa27c94c0c18633f37296ac630a593d4c2beb6d"}
,"/Users/vineet_m/Desktop/eggroup/egGroup-local/src/components/DatePickerIos/index.js": {"path":"/Users/vineet_m/Desktop/eggroup/egGroup-local/src/components/DatePickerIos/index.js","statementMap":{"0":{"start":{"line":1,"column":42},"end":{"line":1,"column":97}},"1":{"start":{"line":1,"column":128},"end":{"line":1,"column":184}},"2":{"start":{"line":1,"column":185},"end":{"line":1,"column":247}},"3":{"start":{"line":1,"column":247},"end":{"line":1,"column":272}},"4":{"start":{"line":1,"column":295},"end":{"line":1,"column":367}},"5":{"start":{"line":1,"column":388},"end":{"line":1,"column":457}},"6":{"start":{"line":1,"column":492},"end":{"line":1,"column":575}},"7":{"start":{"line":1,"column":599},"end":{"line":1,"column":671}},"8":{"start":{"line":1,"column":689},"end":{"line":1,"column":755}},"9":{"start":{"line":1,"column":769},"end":{"line":1,"column":810}},"10":{"start":{"line":2,"column":19},"end":{"line":2,"column":42}},"11":{"start":{"line":3,"column":27},"end":{"line":3,"column":59}},"12":{"start":{"line":5,"column":14},"end":{"line":5,"column":61}},"13":{"start":{"line":5,"column":81},"end":{"line":5,"column":166}},"14":{"start":{"line":7,"column":19},"end":{"line":18,"column":48}},"15":{"start":{"line":21,"column":13},"end":{"line":110,"column":47}},"16":{"start":{"line":21,"column":36},"end":{"line":21,"column":84}},"17":{"start":{"line":21,"column":138},"end":{"line":21,"column":186}},"18":{"start":{"line":21,"column":186},"end":{"line":21,"column":306}},"19":{"start":{"line":21,"column":276},"end":{"line":21,"column":305}},"20":{"start":{"line":21,"column":306},"end":{"line":21,"column":475}},"21":{"start":{"line":21,"column":475},"end":{"line":25,"column":32}},"22":{"start":{"line":25,"column":32},"end":{"line":30,"column":6}},"23":{"start":{"line":29,"column":6},"end":{"line":29,"column":30}},"24":{"start":{"line":30,"column":6},"end":{"line":60,"column":6}},"25":{"start":{"line":33,"column":6},"end":{"line":56,"column":103}},"26":{"start":{"line":39,"column":12},"end":{"line":39,"column":50}},"27":{"start":{"line":60,"column":6},"end":{"line":66,"column":6}},"28":{"start":{"line":63,"column":6},"end":{"line":64,"column":29}},"29":{"start":{"line":66,"column":6},"end":{"line":77,"column":6}},"30":{"start":{"line":69,"column":17},"end":{"line":69,"column":49}},"31":{"start":{"line":70,"column":18},"end":{"line":70,"column":33}},"32":{"start":{"line":71,"column":16},"end":{"line":71,"column":30}},"33":{"start":{"line":72,"column":17},"end":{"line":72,"column":35}},"34":{"start":{"line":73,"column":6},"end":{"line":73,"column":69}},"35":{"start":{"line":74,"column":6},"end":{"line":75,"column":35}},"36":{"start":{"line":77,"column":6},"end":{"line":83,"column":6}},"37":{"start":{"line":80,"column":6},"end":{"line":81,"column":34}},"38":{"start":{"line":83,"column":6},"end":{"line":83,"column":19}},"39":{"start":{"line":83,"column":20},"end":{"line":110,"column":10}},"40":{"start":{"line":86,"column":6},"end":{"line":107,"column":65}},"41":{"start":{"line":110,"column":10},"end":{"line":110,"column":28}},"42":{"start":{"line":113,"column":0},"end":{"line":113,"column":39}},"43":{"start":{"line":115,"column":0},"end":{"line":115,"column":10}},"44":{"start":{"line":115,"column":11},"end":{"line":115,"column":38}}},"fnMap":{"0":{"name":"mapElement","decl":{"start":{"line":8,"column":23},"end":{"line":8,"column":33}},"loc":{"start":{"line":8,"column":37},"end":{"line":8,"column":39}},"line":8},"1":{"name":"onSubmitEditing","decl":{"start":{"line":9,"column":28},"end":{"line":9,"column":43}},"loc":{"start":{"line":9,"column":46},"end":{"line":9,"column":48}},"line":9},"2":{"name":"openDatePicker","decl":{"start":{"line":18,"column":27},"end":{"line":18,"column":41}},"loc":{"start":{"line":18,"column":44},"end":{"line":18,"column":46}},"line":18},"3":{"name":"(anonymous_3)","decl":{"start":{"line":21,"column":13},"end":{"line":21,"column":14}},"loc":{"start":{"line":21,"column":35},"end":{"line":110,"column":29}},"line":21},"4":{"name":"DatePicker","decl":{"start":{"line":21,"column":93},"end":{"line":21,"column":103}},"loc":{"start":{"line":21,"column":106},"end":{"line":83,"column":20}},"line":21},"5":{"name":"(anonymous_5)","decl":{"start":{"line":28,"column":17},"end":{"line":28,"column":18}},"loc":{"start":{"line":28,"column":33},"end":{"line":30,"column":5}},"line":28},"6":{"name":"(anonymous_6)","decl":{"start":{"line":32,"column":23},"end":{"line":32,"column":24}},"loc":{"start":{"line":32,"column":35},"end":{"line":60,"column":5}},"line":32},"7":{"name":"onRequestClose","decl":{"start":{"line":38,"column":35},"end":{"line":38,"column":49}},"loc":{"start":{"line":38,"column":52},"end":{"line":40,"column":11}},"line":38},"8":{"name":"(anonymous_8)","decl":{"start":{"line":62,"column":19},"end":{"line":62,"column":20}},"loc":{"start":{"line":62,"column":36},"end":{"line":66,"column":5}},"line":62},"9":{"name":"(anonymous_9)","decl":{"start":{"line":68,"column":30},"end":{"line":68,"column":31}},"loc":{"start":{"line":68,"column":42},"end":{"line":77,"column":5}},"line":68},"10":{"name":"(anonymous_10)","decl":{"start":{"line":79,"column":21},"end":{"line":79,"column":22}},"loc":{"start":{"line":79,"column":33},"end":{"line":83,"column":5}},"line":79},"11":{"name":"render","decl":{"start":{"line":83,"column":93},"end":{"line":83,"column":99}},"loc":{"start":{"line":85,"column":4},"end":{"line":110,"column":5}},"line":85}},"branchMap":{"0":{"loc":{"start":{"line":107,"column":8},"end":{"line":107,"column":62}},"type":"binary-expr","locations":[{"start":{"line":107,"column":8},"end":{"line":107,"column":35}},{"start":{"line":107,"column":39},"end":{"line":107,"column":62}}],"line":107}},"s":{"0":2,"1":2,"2":2,"3":2,"4":2,"5":2,"6":2,"7":2,"8":2,"9":2,"10":2,"11":2,"12":2,"13":2,"14":2,"15":2,"16":2,"17":0,"18":0,"19":0,"20":0,"21":0,"22":0,"23":0,"24":0,"25":0,"26":0,"27":0,"28":0,"29":0,"30":0,"31":0,"32":0,"33":0,"34":0,"35":0,"36":0,"37":0,"38":0,"39":2,"40":0,"41":2,"42":2,"43":2,"44":2},"f":{"0":0,"1":0,"2":0,"3":2,"4":0,"5":0,"6":0,"7":0,"8":0,"9":0,"10":0,"11":0},"b":{"0":[0,0]},"_coverageSchema":"332fd63041d2c1bcb487cc26dd0d5f7d97098a6c","hash":"2a619c6fc4cd18d2d6940206282bb484423b596a"}
,"/Users/vineet_m/Desktop/eggroup/egGroup-local/src/components/InputText/index.js": {"path":"/Users/vineet_m/Desktop/eggroup/egGroup-local/src/components/InputText/index.js","statementMap":{"0":{"start":{"line":1,"column":42},"end":{"line":1,"column":97}},"1":{"start":{"line":1,"column":128},"end":{"line":1,"column":184}},"2":{"start":{"line":1,"column":185},"end":{"line":1,"column":247}},"3":{"start":{"line":1,"column":247},"end":{"line":1,"column":272}},"4":{"start":{"line":1,"column":295},"end":{"line":1,"column":367}},"5":{"start":{"line":1,"column":388},"end":{"line":1,"column":457}},"6":{"start":{"line":1,"column":492},"end":{"line":1,"column":575}},"7":{"start":{"line":1,"column":599},"end":{"line":1,"column":671}},"8":{"start":{"line":1,"column":689},"end":{"line":1,"column":755}},"9":{"start":{"line":1,"column":769},"end":{"line":1,"column":810}},"10":{"start":{"line":2,"column":19},"end":{"line":2,"column":42}},"11":{"start":{"line":3,"column":27},"end":{"line":3,"column":59}},"12":{"start":{"line":5,"column":23},"end":{"line":5,"column":86}},"13":{"start":{"line":5,"column":106},"end":{"line":5,"column":187}},"14":{"start":{"line":7,"column":19},"end":{"line":19,"column":42}},"15":{"start":{"line":22,"column":12},"end":{"line":59,"column":46}},"16":{"start":{"line":22,"column":35},"end":{"line":22,"column":82}},"17":{"start":{"line":22,"column":135},"end":{"line":22,"column":182}},"18":{"start":{"line":22,"column":182},"end":{"line":22,"column":302}},"19":{"start":{"line":22,"column":272},"end":{"line":22,"column":301}},"20":{"start":{"line":22,"column":302},"end":{"line":22,"column":470}},"21":{"start":{"line":22,"column":470},"end":{"line":26,"column":6}},"22":{"start":{"line":25,"column":6},"end":{"line":25,"column":35}},"23":{"start":{"line":26,"column":6},"end":{"line":26,"column":19}},"24":{"start":{"line":26,"column":20},"end":{"line":59,"column":10}},"25":{"start":{"line":29,"column":6},"end":{"line":51,"column":80}},"26":{"start":{"line":59,"column":10},"end":{"line":59,"column":27}},"27":{"start":{"line":62,"column":0},"end":{"line":62,"column":38}},"28":{"start":{"line":64,"column":0},"end":{"line":64,"column":9}},"29":{"start":{"line":64,"column":10},"end":{"line":64,"column":37}}},"fnMap":{"0":{"name":"mapElement","decl":{"start":{"line":8,"column":23},"end":{"line":8,"column":33}},"loc":{"start":{"line":8,"column":37},"end":{"line":8,"column":39}},"line":8},"1":{"name":"onSubmitEditing","decl":{"start":{"line":9,"column":28},"end":{"line":9,"column":43}},"loc":{"start":{"line":9,"column":46},"end":{"line":9,"column":48}},"line":9},"2":{"name":"onIconPress","decl":{"start":{"line":19,"column":24},"end":{"line":19,"column":35}},"loc":{"start":{"line":19,"column":38},"end":{"line":19,"column":40}},"line":19},"3":{"name":"(anonymous_3)","decl":{"start":{"line":22,"column":12},"end":{"line":22,"column":13}},"loc":{"start":{"line":22,"column":34},"end":{"line":59,"column":28}},"line":22},"4":{"name":"InputText","decl":{"start":{"line":22,"column":91},"end":{"line":22,"column":100}},"loc":{"start":{"line":22,"column":103},"end":{"line":26,"column":20}},"line":22},"5":{"name":"(anonymous_5)","decl":{"start":{"line":24,"column":17},"end":{"line":24,"column":18}},"loc":{"start":{"line":24,"column":33},"end":{"line":26,"column":5}},"line":24},"6":{"name":"render","decl":{"start":{"line":26,"column":92},"end":{"line":26,"column":98}},"loc":{"start":{"line":28,"column":4},"end":{"line":59,"column":5}},"line":28}},"branchMap":{"0":{"loc":{"start":{"line":44,"column":8},"end":{"line":51,"column":77}},"type":"binary-expr","locations":[{"start":{"line":44,"column":8},"end":{"line":44,"column":29}},{"start":{"line":45,"column":8},"end":{"line":51,"column":77}}],"line":44},"1":{"loc":{"start":{"line":48,"column":16},"end":{"line":48,"column":62}},"type":"cond-expr","locations":[{"start":{"line":48,"column":45},"end":{"line":48,"column":50}},{"start":{"line":48,"column":53},"end":{"line":48,"column":62}}],"line":48}},"s":{"0":2,"1":2,"2":2,"3":2,"4":2,"5":2,"6":2,"7":2,"8":2,"9":2,"10":2,"11":2,"12":2,"13":2,"14":2,"15":2,"16":2,"17":0,"18":0,"19":0,"20":0,"21":0,"22":0,"23":0,"24":2,"25":0,"26":2,"27":2,"28":2,"29":2},"f":{"0":0,"1":0,"2":0,"3":2,"4":0,"5":0,"6":0},"b":{"0":[0,0],"1":[0,0]},"_coverageSchema":"332fd63041d2c1bcb487cc26dd0d5f7d97098a6c","hash":"d964b1d2fc8273a986c888ec888a9cfee891541f"}
,"/Users/vineet_m/Desktop/eggroup/egGroup-local/src/components/LinkButton/index.js": {"path":"/Users/vineet_m/Desktop/eggroup/egGroup-local/src/components/LinkButton/index.js","statementMap":{"0":{"start":{"line":1,"column":42},"end":{"line":1,"column":97}},"1":{"start":{"line":1,"column":128},"end":{"line":1,"column":184}},"2":{"start":{"line":1,"column":185},"end":{"line":1,"column":247}},"3":{"start":{"line":1,"column":247},"end":{"line":1,"column":272}},"4":{"start":{"line":1,"column":295},"end":{"line":1,"column":367}},"5":{"start":{"line":1,"column":388},"end":{"line":1,"column":457}},"6":{"start":{"line":1,"column":492},"end":{"line":1,"column":575}},"7":{"start":{"line":1,"column":599},"end":{"line":1,"column":671}},"8":{"start":{"line":1,"column":689},"end":{"line":1,"column":755}},"9":{"start":{"line":1,"column":769},"end":{"line":1,"column":810}},"10":{"start":{"line":2,"column":19},"end":{"line":2,"column":42}},"11":{"start":{"line":4,"column":23},"end":{"line":4,"column":86}},"12":{"start":{"line":4,"column":106},"end":{"line":4,"column":188}},"13":{"start":{"line":6,"column":19},"end":{"line":10,"column":19}},"14":{"start":{"line":13,"column":13},"end":{"line":24,"column":47}},"15":{"start":{"line":13,"column":36},"end":{"line":13,"column":84}},"16":{"start":{"line":13,"column":107},"end":{"line":13,"column":155}},"17":{"start":{"line":13,"column":155},"end":{"line":13,"column":275}},"18":{"start":{"line":13,"column":276},"end":{"line":24,"column":10}},"19":{"start":{"line":16,"column":6},"end":{"line":20,"column":28}},"20":{"start":{"line":24,"column":10},"end":{"line":24,"column":28}},"21":{"start":{"line":27,"column":0},"end":{"line":27,"column":39}},"22":{"start":{"line":29,"column":0},"end":{"line":29,"column":10}},"23":{"start":{"line":29,"column":11},"end":{"line":29,"column":38}}},"fnMap":{"0":{"name":"onPress","decl":{"start":{"line":8,"column":20},"end":{"line":8,"column":27}},"loc":{"start":{"line":8,"column":30},"end":{"line":8,"column":32}},"line":8},"1":{"name":"(anonymous_1)","decl":{"start":{"line":13,"column":13},"end":{"line":13,"column":14}},"loc":{"start":{"line":13,"column":35},"end":{"line":24,"column":29}},"line":13},"2":{"name":"LinkButton","decl":{"start":{"line":13,"column":93},"end":{"line":13,"column":103}},"loc":{"start":{"line":13,"column":106},"end":{"line":13,"column":276}},"line":13},"3":{"name":"render","decl":{"start":{"line":13,"column":349},"end":{"line":13,"column":355}},"loc":{"start":{"line":15,"column":4},"end":{"line":24,"column":5}},"line":15}},"branchMap":{},"s":{"0":2,"1":2,"2":2,"3":2,"4":2,"5":2,"6":2,"7":2,"8":2,"9":2,"10":2,"11":2,"12":2,"13":2,"14":2,"15":2,"16":0,"17":0,"18":2,"19":0,"20":2,"21":2,"22":2,"23":2},"f":{"0":0,"1":2,"2":0,"3":0},"b":{},"_coverageSchema":"332fd63041d2c1bcb487cc26dd0d5f7d97098a6c","hash":"d26c13124718025f082edc8e5d0dbaf44750708a"}
,"/Users/vineet_m/Desktop/eggroup/egGroup-local/src/components/ListPicker/index.js": {"path":"/Users/vineet_m/Desktop/eggroup/egGroup-local/src/components/ListPicker/index.js","statementMap":{"0":{"start":{"line":1,"column":42},"end":{"line":1,"column":97}},"1":{"start":{"line":1,"column":128},"end":{"line":1,"column":184}},"2":{"start":{"line":1,"column":185},"end":{"line":1,"column":247}},"3":{"start":{"line":1,"column":247},"end":{"line":1,"column":272}},"4":{"start":{"line":1,"column":295},"end":{"line":1,"column":367}},"5":{"start":{"line":1,"column":388},"end":{"line":1,"column":457}},"6":{"start":{"line":1,"column":492},"end":{"line":1,"column":575}},"7":{"start":{"line":1,"column":599},"end":{"line":1,"column":671}},"8":{"start":{"line":1,"column":689},"end":{"line":1,"column":755}},"9":{"start":{"line":1,"column":769},"end":{"line":1,"column":810}},"10":{"start":{"line":2,"column":19},"end":{"line":2,"column":42}},"11":{"start":{"line":3,"column":23},"end":{"line":3,"column":86}},"12":{"start":{"line":3,"column":106},"end":{"line":3,"column":188}},"13":{"start":{"line":5,"column":13},"end":{"line":35,"column":47}},"14":{"start":{"line":5,"column":36},"end":{"line":5,"column":84}},"15":{"start":{"line":6,"column":40},"end":{"line":6,"column":88}},"16":{"start":{"line":7,"column":4},"end":{"line":7,"column":120}},"17":{"start":{"line":7,"column":120},"end":{"line":18,"column":6}},"18":{"start":{"line":14,"column":6},"end":{"line":15,"column":30}},"19":{"start":{"line":17,"column":6},"end":{"line":17,"column":45}},"20":{"start":{"line":18,"column":6},"end":{"line":18,"column":51}},"21":{"start":{"line":18,"column":51},"end":{"line":18,"column":64}},"22":{"start":{"line":18,"column":65},"end":{"line":35,"column":10}},"23":{"start":{"line":21,"column":6},"end":{"line":31,"column":160}},"24":{"start":{"line":35,"column":10},"end":{"line":35,"column":28}},"25":{"start":{"line":38,"column":0},"end":{"line":38,"column":10}},"26":{"start":{"line":38,"column":11},"end":{"line":38,"column":38}}},"fnMap":{"0":{"name":"(anonymous_0)","decl":{"start":{"line":5,"column":13},"end":{"line":5,"column":14}},"loc":{"start":{"line":5,"column":35},"end":{"line":35,"column":29}},"line":5},"1":{"name":"ListPicker","decl":{"start":{"line":6,"column":11},"end":{"line":6,"column":21}},"loc":{"start":{"line":6,"column":29},"end":{"line":18,"column":65}},"line":6},"2":{"name":"(anonymous_2)","decl":{"start":{"line":13,"column":15},"end":{"line":13,"column":16}},"loc":{"start":{"line":13,"column":32},"end":{"line":18,"column":5}},"line":13},"3":{"name":"render","decl":{"start":{"line":18,"column":138},"end":{"line":18,"column":144}},"loc":{"start":{"line":20,"column":4},"end":{"line":35,"column":5}},"line":20}},"branchMap":{},"s":{"0":2,"1":2,"2":2,"3":2,"4":2,"5":2,"6":2,"7":2,"8":2,"9":2,"10":2,"11":2,"12":2,"13":2,"14":2,"15":0,"16":0,"17":0,"18":0,"19":0,"20":0,"21":0,"22":2,"23":0,"24":2,"25":2,"26":2},"f":{"0":2,"1":0,"2":0,"3":0},"b":{},"_coverageSchema":"332fd63041d2c1bcb487cc26dd0d5f7d97098a6c","hash":"5bb6c661595f2bed7a2fecf2b099d9a3c17794ce"}
,"/Users/vineet_m/Desktop/eggroup/egGroup-local/src/components/Phone/index.js": {"path":"/Users/vineet_m/Desktop/eggroup/egGroup-local/src/components/Phone/index.js","statementMap":{"0":{"start":{"line":1,"column":42},"end":{"line":1,"column":97}},"1":{"start":{"line":1,"column":128},"end":{"line":1,"column":184}},"2":{"start":{"line":1,"column":185},"end":{"line":1,"column":247}},"3":{"start":{"line":1,"column":247},"end":{"line":1,"column":272}},"4":{"start":{"line":1,"column":295},"end":{"line":1,"column":367}},"5":{"start":{"line":1,"column":388},"end":{"line":1,"column":457}},"6":{"start":{"line":1,"column":492},"end":{"line":1,"column":575}},"7":{"start":{"line":1,"column":599},"end":{"line":1,"column":671}},"8":{"start":{"line":1,"column":689},"end":{"line":1,"column":755}},"9":{"start":{"line":1,"column":769},"end":{"line":1,"column":810}},"10":{"start":{"line":2,"column":19},"end":{"line":2,"column":42}},"11":{"start":{"line":3,"column":27},"end":{"line":3,"column":59}},"12":{"start":{"line":5,"column":23},"end":{"line":5,"column":86}},"13":{"start":{"line":5,"column":106},"end":{"line":5,"column":183}},"14":{"start":{"line":7,"column":19},"end":{"line":19,"column":42}},"15":{"start":{"line":22,"column":8},"end":{"line":60,"column":42}},"16":{"start":{"line":22,"column":31},"end":{"line":22,"column":74}},"17":{"start":{"line":22,"column":123},"end":{"line":22,"column":166}},"18":{"start":{"line":22,"column":166},"end":{"line":22,"column":286}},"19":{"start":{"line":22,"column":256},"end":{"line":22,"column":285}},"20":{"start":{"line":22,"column":286},"end":{"line":22,"column":450}},"21":{"start":{"line":22,"column":450},"end":{"line":26,"column":6}},"22":{"start":{"line":25,"column":6},"end":{"line":25,"column":35}},"23":{"start":{"line":26,"column":6},"end":{"line":26,"column":19}},"24":{"start":{"line":26,"column":20},"end":{"line":60,"column":10}},"25":{"start":{"line":29,"column":6},"end":{"line":56,"column":108}},"26":{"start":{"line":60,"column":10},"end":{"line":60,"column":23}},"27":{"start":{"line":63,"column":0},"end":{"line":63,"column":34}},"28":{"start":{"line":65,"column":0},"end":{"line":65,"column":5}},"29":{"start":{"line":65,"column":6},"end":{"line":65,"column":33}}},"fnMap":{"0":{"name":"mapElement","decl":{"start":{"line":8,"column":23},"end":{"line":8,"column":33}},"loc":{"start":{"line":8,"column":37},"end":{"line":8,"column":39}},"line":8},"1":{"name":"onSubmitEditing","decl":{"start":{"line":9,"column":28},"end":{"line":9,"column":43}},"loc":{"start":{"line":9,"column":46},"end":{"line":9,"column":48}},"line":9},"2":{"name":"onIconPress","decl":{"start":{"line":19,"column":24},"end":{"line":19,"column":35}},"loc":{"start":{"line":19,"column":38},"end":{"line":19,"column":40}},"line":19},"3":{"name":"(anonymous_3)","decl":{"start":{"line":22,"column":8},"end":{"line":22,"column":9}},"loc":{"start":{"line":22,"column":30},"end":{"line":60,"column":24}},"line":22},"4":{"name":"Phone","decl":{"start":{"line":22,"column":83},"end":{"line":22,"column":88}},"loc":{"start":{"line":22,"column":91},"end":{"line":26,"column":20}},"line":22},"5":{"name":"(anonymous_5)","decl":{"start":{"line":24,"column":17},"end":{"line":24,"column":18}},"loc":{"start":{"line":24,"column":33},"end":{"line":26,"column":5}},"line":24},"6":{"name":"render","decl":{"start":{"line":26,"column":88},"end":{"line":26,"column":94}},"loc":{"start":{"line":28,"column":4},"end":{"line":60,"column":5}},"line":28}},"branchMap":{},"s":{"0":2,"1":2,"2":2,"3":2,"4":2,"5":2,"6":2,"7":2,"8":2,"9":2,"10":2,"11":2,"12":2,"13":2,"14":2,"15":2,"16":2,"17":0,"18":0,"19":0,"20":0,"21":0,"22":0,"23":0,"24":2,"25":0,"26":2,"27":2,"28":2,"29":2},"f":{"0":0,"1":0,"2":0,"3":2,"4":0,"5":0,"6":0},"b":{},"_coverageSchema":"332fd63041d2c1bcb487cc26dd0d5f7d97098a6c","hash":"cc370cf1c6a749cd0281bcf4377f7347be04c81c"}
,"/Users/vineet_m/Desktop/eggroup/egGroup-local/src/components/PickerImage/index.js": {"path":"/Users/vineet_m/Desktop/eggroup/egGroup-local/src/components/PickerImage/index.js","statementMap":{"0":{"start":{"line":1,"column":42},"end":{"line":1,"column":97}},"1":{"start":{"line":1,"column":128},"end":{"line":1,"column":184}},"2":{"start":{"line":1,"column":185},"end":{"line":1,"column":247}},"3":{"start":{"line":1,"column":247},"end":{"line":1,"column":272}},"4":{"start":{"line":1,"column":295},"end":{"line":1,"column":367}},"5":{"start":{"line":1,"column":388},"end":{"line":1,"column":457}},"6":{"start":{"line":1,"column":492},"end":{"line":1,"column":575}},"7":{"start":{"line":1,"column":599},"end":{"line":1,"column":671}},"8":{"start":{"line":1,"column":689},"end":{"line":1,"column":755}},"9":{"start":{"line":1,"column":769},"end":{"line":1,"column":810}},"10":{"start":{"line":2,"column":19},"end":{"line":2,"column":42}},"11":{"start":{"line":3,"column":27},"end":{"line":3,"column":59}},"12":{"start":{"line":4,"column":30},"end":{"line":4,"column":90}},"13":{"start":{"line":5,"column":35},"end":{"line":5,"column":101}},"14":{"start":{"line":6,"column":30},"end":{"line":6,"column":89}},"15":{"start":{"line":8,"column":23},"end":{"line":8,"column":86}},"16":{"start":{"line":8,"column":106},"end":{"line":8,"column":189}},"17":{"start":{"line":10,"column":14},"end":{"line":35,"column":48}},"18":{"start":{"line":10,"column":37},"end":{"line":10,"column":86}},"19":{"start":{"line":12,"column":41},"end":{"line":12,"column":90}},"20":{"start":{"line":13,"column":4},"end":{"line":13,"column":121}},"21":{"start":{"line":13,"column":121},"end":{"line":25,"column":6}},"22":{"start":{"line":22,"column":6},"end":{"line":24,"column":7}},"23":{"start":{"line":23,"column":8},"end":{"line":23,"column":34}},"24":{"start":{"line":25,"column":7},"end":{"line":25,"column":44}},"25":{"start":{"line":25,"column":45},"end":{"line":25,"column":58}},"26":{"start":{"line":25,"column":59},"end":{"line":35,"column":10}},"27":{"start":{"line":28,"column":6},"end":{"line":32,"column":199}},"28":{"start":{"line":35,"column":10},"end":{"line":35,"column":29}},"29":{"start":{"line":38,"column":0},"end":{"line":38,"column":11}},"30":{"start":{"line":38,"column":12},"end":{"line":38,"column":39}}},"fnMap":{"0":{"name":"(anonymous_0)","decl":{"start":{"line":10,"column":14},"end":{"line":10,"column":15}},"loc":{"start":{"line":10,"column":36},"end":{"line":35,"column":30}},"line":10},"1":{"name":"PickerImage","decl":{"start":{"line":12,"column":11},"end":{"line":12,"column":22}},"loc":{"start":{"line":12,"column":30},"end":{"line":25,"column":59}},"line":12},"2":{"name":"(anonymous_2)","decl":{"start":{"line":21,"column":24},"end":{"line":21,"column":25}},"loc":{"start":{"line":21,"column":41},"end":{"line":25,"column":5}},"line":21},"3":{"name":"render","decl":{"start":{"line":25,"column":133},"end":{"line":25,"column":139}},"loc":{"start":{"line":27,"column":4},"end":{"line":35,"column":5}},"line":27}},"branchMap":{"0":{"loc":{"start":{"line":22,"column":6},"end":{"line":24,"column":7}},"type":"if","locations":[{"start":{"line":22,"column":6},"end":{"line":24,"column":7}},{"start":{"line":22,"column":6},"end":{"line":24,"column":7}}],"line":22}},"s":{"0":2,"1":2,"2":2,"3":2,"4":2,"5":2,"6":2,"7":2,"8":2,"9":2,"10":2,"11":2,"12":2,"13":2,"14":2,"15":2,"16":2,"17":2,"18":2,"19":0,"20":0,"21":0,"22":0,"23":0,"24":0,"25":0,"26":2,"27":0,"28":2,"29":2,"30":2},"f":{"0":2,"1":0,"2":0,"3":0},"b":{"0":[0,0]},"_coverageSchema":"332fd63041d2c1bcb487cc26dd0d5f7d97098a6c","hash":"9684125e898174722efadac48333d02d632290bd"}
,"/Users/vineet_m/Desktop/eggroup/egGroup-local/src/components/Routes/index.js": {"path":"/Users/vineet_m/Desktop/eggroup/egGroup-local/src/components/Routes/index.js","statementMap":{"0":{"start":{"line":1,"column":42},"end":{"line":1,"column":97}},"1":{"start":{"line":1,"column":128},"end":{"line":1,"column":184}},"2":{"start":{"line":1,"column":185},"end":{"line":1,"column":247}},"3":{"start":{"line":1,"column":247},"end":{"line":1,"column":272}},"4":{"start":{"line":1,"column":295},"end":{"line":1,"column":367}},"5":{"start":{"line":1,"column":388},"end":{"line":1,"column":457}},"6":{"start":{"line":1,"column":492},"end":{"line":1,"column":575}},"7":{"start":{"line":1,"column":599},"end":{"line":1,"column":671}},"8":{"start":{"line":1,"column":689},"end":{"line":1,"column":755}},"9":{"start":{"line":1,"column":769},"end":{"line":1,"column":810}},"10":{"start":{"line":2,"column":29},"end":{"line":2,"column":64}},"11":{"start":{"line":3,"column":27},"end":{"line":3,"column":59}},"12":{"start":{"line":5,"column":13},"end":{"line":5,"column":67}},"13":{"start":{"line":6,"column":22},"end":{"line":6,"column":85}},"14":{"start":{"line":7,"column":16},"end":{"line":7,"column":73}},"15":{"start":{"line":8,"column":20},"end":{"line":8,"column":81}},"16":{"start":{"line":9,"column":20},"end":{"line":9,"column":81}},"17":{"start":{"line":10,"column":23},"end":{"line":10,"column":87}},"18":{"start":{"line":11,"column":24},"end":{"line":11,"column":89}},"19":{"start":{"line":12,"column":30},"end":{"line":12,"column":101}},"20":{"start":{"line":13,"column":23},"end":{"line":13,"column":87}},"21":{"start":{"line":14,"column":20},"end":{"line":14,"column":81}},"22":{"start":{"line":15,"column":24},"end":{"line":15,"column":89}},"23":{"start":{"line":16,"column":15},"end":{"line":16,"column":71}},"24":{"start":{"line":17,"column":19},"end":{"line":17,"column":79}},"25":{"start":{"line":18,"column":22},"end":{"line":18,"column":85}},"26":{"start":{"line":19,"column":21},"end":{"line":19,"column":83}},"27":{"start":{"line":20,"column":19},"end":{"line":20,"column":79}},"28":{"start":{"line":21,"column":26},"end":{"line":21,"column":93}},"29":{"start":{"line":22,"column":12},"end":{"line":22,"column":65}},"30":{"start":{"line":23,"column":24},"end":{"line":23,"column":89}},"31":{"start":{"line":24,"column":19},"end":{"line":24,"column":79}},"32":{"start":{"line":25,"column":25},"end":{"line":25,"column":91}},"33":{"start":{"line":26,"column":22},"end":{"line":26,"column":85}},"34":{"start":{"line":27,"column":11},"end":{"line":27,"column":63}},"35":{"start":{"line":27,"column":83},"end":{"line":27,"column":161}},"36":{"start":{"line":29,"column":9},"end":{"line":102,"column":43}},"37":{"start":{"line":29,"column":32},"end":{"line":29,"column":76}},"38":{"start":{"line":29,"column":126},"end":{"line":29,"column":170}},"39":{"start":{"line":29,"column":170},"end":{"line":29,"column":290}},"40":{"start":{"line":29,"column":260},"end":{"line":29,"column":289}},"41":{"start":{"line":29,"column":290},"end":{"line":29,"column":455}},"42":{"start":{"line":29,"column":455},"end":{"line":34,"column":94}},"43":{"start":{"line":31,"column":38},"end":{"line":34,"column":92}},"44":{"start":{"line":34,"column":94},"end":{"line":39,"column":94}},"45":{"start":{"line":36,"column":34},"end":{"line":39,"column":92}},"46":{"start":{"line":39,"column":94},"end":{"line":44,"column":94}},"47":{"start":{"line":41,"column":34},"end":{"line":44,"column":92}},"48":{"start":{"line":44,"column":94},"end":{"line":49,"column":94}},"49":{"start":{"line":46,"column":36},"end":{"line":49,"column":92}},"50":{"start":{"line":49,"column":94},"end":{"line":54,"column":94}},"51":{"start":{"line":51,"column":38},"end":{"line":54,"column":92}},"52":{"start":{"line":54,"column":94},"end":{"line":59,"column":94}},"53":{"start":{"line":56,"column":39},"end":{"line":59,"column":92}},"54":{"start":{"line":59,"column":94},"end":{"line":59,"column":107}},"55":{"start":{"line":59,"column":108},"end":{"line":102,"column":10}},"56":{"start":{"line":63,"column":6},"end":{"line":97,"column":204}},"57":{"start":{"line":102,"column":10},"end":{"line":102,"column":24}},"58":{"start":{"line":102,"column":44},"end":{"line":102,"column":69}}},"fnMap":{"0":{"name":"(anonymous_0)","decl":{"start":{"line":29,"column":9},"end":{"line":29,"column":10}},"loc":{"start":{"line":29,"column":31},"end":{"line":102,"column":25}},"line":29},"1":{"name":"Routes","decl":{"start":{"line":29,"column":85},"end":{"line":29,"column":91}},"loc":{"start":{"line":29,"column":94},"end":{"line":59,"column":108}},"line":29},"2":{"name":"(anonymous_2)","decl":{"start":{"line":31,"column":25},"end":{"line":31,"column":26}},"loc":{"start":{"line":31,"column":37},"end":{"line":34,"column":93}},"line":31},"3":{"name":"(anonymous_3)","decl":{"start":{"line":36,"column":21},"end":{"line":36,"column":22}},"loc":{"start":{"line":36,"column":33},"end":{"line":39,"column":93}},"line":36},"4":{"name":"(anonymous_4)","decl":{"start":{"line":41,"column":21},"end":{"line":41,"column":22}},"loc":{"start":{"line":41,"column":33},"end":{"line":44,"column":93}},"line":41},"5":{"name":"(anonymous_5)","decl":{"start":{"line":46,"column":23},"end":{"line":46,"column":24}},"loc":{"start":{"line":46,"column":35},"end":{"line":49,"column":93}},"line":46},"6":{"name":"(anonymous_6)","decl":{"start":{"line":51,"column":25},"end":{"line":51,"column":26}},"loc":{"start":{"line":51,"column":37},"end":{"line":54,"column":93}},"line":51},"7":{"name":"(anonymous_7)","decl":{"start":{"line":56,"column":26},"end":{"line":56,"column":27}},"loc":{"start":{"line":56,"column":38},"end":{"line":59,"column":93}},"line":56},"8":{"name":"render","decl":{"start":{"line":59,"column":177},"end":{"line":59,"column":183}},"loc":{"start":{"line":62,"column":4},"end":{"line":102,"column":5}},"line":62}},"branchMap":{},"s":{"0":2,"1":2,"2":2,"3":2,"4":2,"5":2,"6":2,"7":2,"8":2,"9":2,"10":2,"11":2,"12":2,"13":2,"14":2,"15":2,"16":2,"17":2,"18":2,"19":2,"20":2,"21":2,"22":2,"23":2,"24":2,"25":2,"26":2,"27":2,"28":2,"29":2,"30":2,"31":2,"32":2,"33":2,"34":2,"35":2,"36":2,"37":2,"38":0,"39":0,"40":0,"41":0,"42":0,"43":0,"44":0,"45":0,"46":0,"47":0,"48":0,"49":0,"50":0,"51":0,"52":0,"53":0,"54":0,"55":2,"56":0,"57":2,"58":2},"f":{"0":2,"1":0,"2":0,"3":0,"4":0,"5":0,"6":0,"7":0,"8":0},"b":{},"_coverageSchema":"332fd63041d2c1bcb487cc26dd0d5f7d97098a6c","hash":"8ab4209ada52d39339292afad1e20a360a3f0778"}
,"/Users/vineet_m/Desktop/eggroup/egGroup-local/src/components/Sidebar/Sidebar.js": {"path":"/Users/vineet_m/Desktop/eggroup/egGroup-local/src/components/Sidebar/Sidebar.js","statementMap":{"0":{"start":{"line":1,"column":42},"end":{"line":1,"column":97}},"1":{"start":{"line":1,"column":98},"end":{"line":1,"column":160}},"2":{"start":{"line":1,"column":160},"end":{"line":1,"column":185}},"3":{"start":{"line":1,"column":208},"end":{"line":1,"column":280}},"4":{"start":{"line":1,"column":301},"end":{"line":1,"column":370}},"5":{"start":{"line":1,"column":405},"end":{"line":1,"column":488}},"6":{"start":{"line":1,"column":512},"end":{"line":1,"column":584}},"7":{"start":{"line":1,"column":602},"end":{"line":1,"column":668}},"8":{"start":{"line":1,"column":682},"end":{"line":1,"column":722}},"9":{"start":{"line":2,"column":19},"end":{"line":2,"column":42}},"10":{"start":{"line":3,"column":23},"end":{"line":3,"column":86}},"11":{"start":{"line":4,"column":15},"end":{"line":4,"column":41}},"12":{"start":{"line":4,"column":61},"end":{"line":4,"column":142}},"13":{"start":{"line":5,"column":10},"end":{"line":78,"column":52}},"14":{"start":{"line":5,"column":39},"end":{"line":5,"column":90}},"15":{"start":{"line":5,"column":110},"end":{"line":5,"column":155}},"16":{"start":{"line":5,"column":155},"end":{"line":5,"column":272}},"17":{"start":{"line":5,"column":273},"end":{"line":78,"column":10}},"18":{"start":{"line":8,"column":6},"end":{"line":72,"column":131}},"19":{"start":{"line":10,"column":106},"end":{"line":10,"column":150}},"20":{"start":{"line":23,"column":106},"end":{"line":23,"column":147}},"21":{"start":{"line":36,"column":106},"end":{"line":36,"column":156}},"22":{"start":{"line":49,"column":106},"end":{"line":49,"column":153}},"23":{"start":{"line":63,"column":106},"end":{"line":63,"column":150}},"24":{"start":{"line":78,"column":10},"end":{"line":78,"column":25}},"25":{"start":{"line":81,"column":0},"end":{"line":81,"column":7}},"26":{"start":{"line":81,"column":8},"end":{"line":81,"column":35}}},"fnMap":{"0":{"name":"(anonymous_0)","decl":{"start":{"line":5,"column":10},"end":{"line":5,"column":11}},"loc":{"start":{"line":5,"column":38},"end":{"line":78,"column":26}},"line":5},"1":{"name":"Sidebar","decl":{"start":{"line":5,"column":99},"end":{"line":5,"column":106}},"loc":{"start":{"line":5,"column":109},"end":{"line":5,"column":273}},"line":5},"2":{"name":"render","decl":{"start":{"line":5,"column":343},"end":{"line":5,"column":349}},"loc":{"start":{"line":6,"column":4},"end":{"line":78,"column":5}},"line":6},"3":{"name":"onPress","decl":{"start":{"line":10,"column":95},"end":{"line":10,"column":102}},"loc":{"start":{"line":10,"column":105},"end":{"line":10,"column":151}},"line":10},"4":{"name":"onPress","decl":{"start":{"line":23,"column":95},"end":{"line":23,"column":102}},"loc":{"start":{"line":23,"column":105},"end":{"line":23,"column":148}},"line":23},"5":{"name":"onPress","decl":{"start":{"line":36,"column":95},"end":{"line":36,"column":102}},"loc":{"start":{"line":36,"column":105},"end":{"line":36,"column":157}},"line":36},"6":{"name":"onPress","decl":{"start":{"line":49,"column":95},"end":{"line":49,"column":102}},"loc":{"start":{"line":49,"column":105},"end":{"line":49,"column":154}},"line":49},"7":{"name":"onPress","decl":{"start":{"line":63,"column":95},"end":{"line":63,"column":102}},"loc":{"start":{"line":63,"column":105},"end":{"line":63,"column":151}},"line":63}},"branchMap":{},"s":{"0":2,"1":2,"2":2,"3":2,"4":2,"5":2,"6":2,"7":2,"8":2,"9":2,"10":2,"11":2,"12":2,"13":2,"14":2,"15":0,"16":0,"17":2,"18":0,"19":0,"20":0,"21":0,"22":0,"23":0,"24":2,"25":2,"26":2},"f":{"0":2,"1":0,"2":0,"3":0,"4":0,"5":0,"6":0,"7":0},"b":{},"_coverageSchema":"332fd63041d2c1bcb487cc26dd0d5f7d97098a6c","hash":"68e3273d04d03e6346692290a60ca1f063eb0cab"}
,"/Users/vineet_m/Desktop/eggroup/egGroup-local/src/components/ToggleSwitch/index.js": {"path":"/Users/vineet_m/Desktop/eggroup/egGroup-local/src/components/ToggleSwitch/index.js","statementMap":{"0":{"start":{"line":1,"column":42},"end":{"line":1,"column":97}},"1":{"start":{"line":1,"column":128},"end":{"line":1,"column":184}},"2":{"start":{"line":1,"column":185},"end":{"line":1,"column":247}},"3":{"start":{"line":1,"column":247},"end":{"line":1,"column":272}},"4":{"start":{"line":1,"column":295},"end":{"line":1,"column":367}},"5":{"start":{"line":1,"column":388},"end":{"line":1,"column":457}},"6":{"start":{"line":1,"column":492},"end":{"line":1,"column":575}},"7":{"start":{"line":1,"column":599},"end":{"line":1,"column":671}},"8":{"start":{"line":1,"column":689},"end":{"line":1,"column":755}},"9":{"start":{"line":1,"column":769},"end":{"line":1,"column":810}},"10":{"start":{"line":2,"column":19},"end":{"line":2,"column":42}},"11":{"start":{"line":2,"column":62},"end":{"line":2,"column":146}},"12":{"start":{"line":4,"column":15},"end":{"line":13,"column":49}},"13":{"start":{"line":4,"column":38},"end":{"line":4,"column":88}},"14":{"start":{"line":4,"column":113},"end":{"line":4,"column":163}},"15":{"start":{"line":4,"column":163},"end":{"line":4,"column":285}},"16":{"start":{"line":4,"column":286},"end":{"line":13,"column":10}},"17":{"start":{"line":6,"column":6},"end":{"line":9,"column":97}},"18":{"start":{"line":13,"column":10},"end":{"line":13,"column":30}},"19":{"start":{"line":16,"column":0},"end":{"line":16,"column":12}},"20":{"start":{"line":16,"column":13},"end":{"line":16,"column":40}}},"fnMap":{"0":{"name":"(anonymous_0)","decl":{"start":{"line":4,"column":15},"end":{"line":4,"column":16}},"loc":{"start":{"line":4,"column":37},"end":{"line":13,"column":31}},"line":4},"1":{"name":"ToggleSwitch","decl":{"start":{"line":4,"column":97},"end":{"line":4,"column":109}},"loc":{"start":{"line":4,"column":112},"end":{"line":4,"column":286}},"line":4},"2":{"name":"render","decl":{"start":{"line":4,"column":361},"end":{"line":4,"column":367}},"loc":{"start":{"line":5,"column":4},"end":{"line":13,"column":5}},"line":5}},"branchMap":{},"s":{"0":2,"1":2,"2":2,"3":2,"4":2,"5":2,"6":2,"7":2,"8":2,"9":2,"10":2,"11":2,"12":2,"13":2,"14":0,"15":0,"16":2,"17":0,"18":2,"19":2,"20":2},"f":{"0":2,"1":0,"2":0},"b":{},"_coverageSchema":"332fd63041d2c1bcb487cc26dd0d5f7d97098a6c","hash":"bb68ca26e4b153b675c987f745e362af8a2499bd"}
,"/Users/vineet_m/Desktop/eggroup/egGroup-local/src/components/Toolbar/index.js": {"path":"/Users/vineet_m/Desktop/eggroup/egGroup-local/src/components/Toolbar/index.js","statementMap":{"0":{"start":{"line":1,"column":42},"end":{"line":1,"column":97}},"1":{"start":{"line":1,"column":128},"end":{"line":1,"column":184}},"2":{"start":{"line":1,"column":185},"end":{"line":1,"column":247}},"3":{"start":{"line":1,"column":247},"end":{"line":1,"column":272}},"4":{"start":{"line":1,"column":295},"end":{"line":1,"column":367}},"5":{"start":{"line":1,"column":388},"end":{"line":1,"column":457}},"6":{"start":{"line":1,"column":492},"end":{"line":1,"column":575}},"7":{"start":{"line":1,"column":599},"end":{"line":1,"column":671}},"8":{"start":{"line":1,"column":689},"end":{"line":1,"column":755}},"9":{"start":{"line":1,"column":769},"end":{"line":1,"column":810}},"10":{"start":{"line":2,"column":19},"end":{"line":2,"column":42}},"11":{"start":{"line":3,"column":27},"end":{"line":3,"column":59}},"12":{"start":{"line":5,"column":13},"end":{"line":5,"column":32}},"13":{"start":{"line":7,"column":23},"end":{"line":7,"column":86}},"14":{"start":{"line":7,"column":106},"end":{"line":7,"column":185}},"15":{"start":{"line":9,"column":19},"end":{"line":13,"column":23}},"16":{"start":{"line":16,"column":10},"end":{"line":75,"column":44}},"17":{"start":{"line":16,"column":33},"end":{"line":16,"column":78}},"18":{"start":{"line":16,"column":129},"end":{"line":16,"column":174}},"19":{"start":{"line":16,"column":174},"end":{"line":16,"column":294}},"20":{"start":{"line":16,"column":264},"end":{"line":16,"column":293}},"21":{"start":{"line":16,"column":294},"end":{"line":16,"column":460}},"22":{"start":{"line":16,"column":460},"end":{"line":27,"column":6}},"23":{"start":{"line":19,"column":6},"end":{"line":25,"column":33}},"24":{"start":{"line":21,"column":10},"end":{"line":21,"column":84}},"25":{"start":{"line":23,"column":10},"end":{"line":23,"column":24}},"26":{"start":{"line":25,"column":10},"end":{"line":25,"column":32}},"27":{"start":{"line":27,"column":6},"end":{"line":31,"column":6}},"28":{"start":{"line":30,"column":6},"end":{"line":30,"column":58}},"29":{"start":{"line":31,"column":6},"end":{"line":35,"column":6}},"30":{"start":{"line":34,"column":6},"end":{"line":34,"column":87}},"31":{"start":{"line":35,"column":6},"end":{"line":35,"column":19}},"32":{"start":{"line":35,"column":20},"end":{"line":75,"column":10}},"33":{"start":{"line":38,"column":6},"end":{"line":70,"column":97}},"34":{"start":{"line":75,"column":10},"end":{"line":75,"column":25}},"35":{"start":{"line":78,"column":0},"end":{"line":78,"column":36}},"36":{"start":{"line":80,"column":0},"end":{"line":80,"column":7}},"37":{"start":{"line":80,"column":8},"end":{"line":80,"column":35}}},"fnMap":{"0":{"name":"(anonymous_0)","decl":{"start":{"line":16,"column":10},"end":{"line":16,"column":11}},"loc":{"start":{"line":16,"column":32},"end":{"line":75,"column":26}},"line":16},"1":{"name":"Toolbar","decl":{"start":{"line":16,"column":87},"end":{"line":16,"column":94}},"loc":{"start":{"line":16,"column":97},"end":{"line":35,"column":20}},"line":16},"2":{"name":"(anonymous_2)","decl":{"start":{"line":18,"column":19},"end":{"line":18,"column":20}},"loc":{"start":{"line":18,"column":39},"end":{"line":27,"column":5}},"line":18},"3":{"name":"(anonymous_3)","decl":{"start":{"line":29,"column":18},"end":{"line":29,"column":19}},"loc":{"start":{"line":29,"column":30},"end":{"line":31,"column":5}},"line":29},"4":{"name":"(anonymous_4)","decl":{"start":{"line":33,"column":19},"end":{"line":33,"column":20}},"loc":{"start":{"line":33,"column":31},"end":{"line":35,"column":5}},"line":33},"5":{"name":"render","decl":{"start":{"line":35,"column":90},"end":{"line":35,"column":96}},"loc":{"start":{"line":37,"column":4},"end":{"line":75,"column":5}},"line":37}},"branchMap":{"0":{"loc":{"start":{"line":19,"column":6},"end":{"line":25,"column":33}},"type":"switch","locations":[{"start":{"line":20,"column":8},"end":{"line":21,"column":84}},{"start":{"line":22,"column":8},"end":{"line":23,"column":24}},{"start":{"line":24,"column":8},"end":{"line":25,"column":32}}],"line":19},"1":{"loc":{"start":{"line":21,"column":17},"end":{"line":21,"column":83}},"type":"cond-expr","locations":[{"start":{"line"
[...]
,"/Users/vineet_m/Desktop/eggroup/egGroup-local/src/screens/TermsAndConditions.js": {"path":"/Users/vineet_m/Desktop/eggroup/egGroup-local/src/screens/TermsAndConditions.js","statementMap":{"0":{"start":{"line":1,"column":42},"end":{"line":1,"column":97}},"1":{"start":{"line":1,"column":128},"end":{"line":1,"column":184}},"2":{"start":{"line":1,"column":185},"end":{"line":1,"column":247}},"3":{"start":{"line":1,"column":247},"end":{"line":1,"column":272}},"4":{"start":{"line":1,"column":295},"end":{"line":1,"column":367}},"5":{"start":{"line":1,"column":388},"end":{"line":1,"column":457}},"6":{"start":{"line":1,"column":492},"end":{"line":1,"column":575}},"7":{"start":{"line":1,"column":599},"end":{"line":1,"column":671}},"8":{"start":{"line":1,"column":689},"end":{"line":1,"column":755}},"9":{"start":{"line":1,"column":774},"end":{"line":1,"column":796}},"10":{"start":{"line":2,"column":13},"end":{"line":2,"column":54}},"11":{"start":{"line":3,"column":19},"end":{"line":3,"column":42}},"12":{"start":{"line":8,"column":27},"end":{"line":8,"column":59}},"13":{"start":{"line":9,"column":18},"end":{"line":9,"column":42}},"14":{"start":{"line":10,"column":15},"end":{"line":10,"column":36}},"15":{"start":{"line":12,"column":20},"end":{"line":12,"column":77}},"16":{"start":{"line":12,"column":97},"end":{"line":12,"column":178}},"17":{"start":{"line":14,"column":21},"end":{"line":45,"column":55}},"18":{"start":{"line":14,"column":44},"end":{"line":14,"column":100}},"19":{"start":{"line":15,"column":48},"end":{"line":15,"column":104}},"20":{"start":{"line":16,"column":4},"end":{"line":16,"column":128}},"21":{"start":{"line":17,"column":4},"end":{"line":20,"column":409}},"22":{"start":{"line":20,"column":409},"end":{"line":20,"column":422}},"23":{"start":{"line":23,"column":3},"end":{"line":45,"column":10}},"24":{"start":{"line":26,"column":6},"end":{"line":41,"column":133}},"25":{"start":{"line":35,"column":60},"end":{"line":35,"column":69}},"26":{"start":{"line":35,"column":70},"end":{"line":38,"column":178}},"27":{"start":{"line":41,"column":53},"end":{"line":41,"column":72}},"28":{"start":{"line":45,"column":10},"end":{"line":45,"column":36}},"29":{"start":{"line":48,"column":22},"end":{"line":48,"column":66}},"30":{"start":{"line":48,"column":55},"end":{"line":48,"column":65}},"31":{"start":{"line":50,"column":25},"end":{"line":50,"column":75}},"32":{"start":{"line":50,"column":64},"end":{"line":50,"column":74}},"33":{"start":{"line":52,"column":0},"end":{"line":52,"column":81}},"34":{"start":{"line":52,"column":82},"end":{"line":52,"column":109}}},"fnMap":{"0":{"name":"(anonymous_0)","decl":{"start":{"line":14,"column":21},"end":{"line":14,"column":22}},"loc":{"start":{"line":14,"column":43},"end":{"line":45,"column":37}},"line":14},"1":{"name":"TermsAndConditions","decl":{"start":{"line":15,"column":11},"end":{"line":15,"column":29}},"loc":{"start":{"line":15,"column":37},"end":{"line":23,"column":3}},"line":15},"2":{"name":"render","decl":{"start":{"line":23,"column":84},"end":{"line":23,"column":90}},"loc":{"start":{"line":25,"column":4},"end":{"line":45,"column":5}},"line":25},"3":{"name":"renderItem","decl":{"start":{"line":35,"column":31},"end":{"line":35,"column":41}},"loc":{"start":{"line":35,"column":48},"end":{"line":38,"column":179}},"line":35},"4":{"name":"keyExtractor","decl":{"start":{"line":41,"column":33},"end":{"line":41,"column":45}},"loc":{"start":{"line":41,"column":52},"end":{"line":41,"column":73}},"line":41},"5":{"name":"mapStateToProps","decl":{"start":{"line":48,"column":31},"end":{"line":48,"column":46}},"loc":{"start":{"line":48,"column":54},"end":{"line":48,"column":66}},"line":48},"6":{"name":"mapDispatchToProps","decl":{"start":{"line":50,"column":34},"end":{"line":50,"column":52}},"loc":{"start":{"line":50,"column":63},"end":{"line":50,"column":75}},"line":50}},"branchMap":{},"s":{"0":2,"1":2,"2":2,"3":2,"4":2,"5":2,"6":2,"7":2,"8":2,"9":2,"10":2,"11":2,"12":2,"13":2,"14":2,"15":2,"16":2,"17":2,"18":2,"19":0,"20":0,"21":0,"22":0,"23":2,"24":0,"25":0,"26":0,"27":0,"28":2,"29":2,"30":0,"31":2,"32":0,"33":2,"34":2},"f":{"0":2,"1":0,"2":0,"3":0,"4":0,"5":0,"6":0},"b":{},"_coverageSchema":"332fd63041d2c1bcb487cc26dd0d5f7d97098a6c","hash":"d0e76c1df4ce296ecb248e258e48b85af7dc832a"}
,"/Users/vineet_m/Desktop/eggroup/egGroup-local/src/screens/UserSettings.js": {"path":"/Users/vineet_m/Desktop/eggroup/egGroup-local/src/screens/UserSettings.js","statementMap":{"0":{"start":{"line":1,"column":42},"end":{"line":1,"column":97}},"1":{"start":{"line":1,"column":128},"end":{"line":1,"column":184}},"2":{"start":{"line":1,"column":185},"end":{"line":1,"column":247}},"3":{"start":{"line":1,"column":247},"end":{"line":1,"column":272}},"4":{"start":{"line":1,"column":295},"end":{"line":1,"column":367}},"5":{"start":{"line":1,"column":388},"end":{"line":1,"column":457}},"6":{"start":{"line":1,"column":492},"end":{"line":1,"column":575}},"7":{"start":{"line":1,"column":599},"end":{"line":1,"column":671}},"8":{"start":{"line":1,"column":689},"end":{"line":1,"column":755}},"9":{"start":{"line":1,"column":774},"end":{"line":1,"column":796}},"10":{"start":{"line":2,"column":13},"end":{"line":2,"column":54}},"11":{"start":{"line":3,"column":19},"end":{"line":3,"column":42}},"12":{"start":{"line":9,"column":27},"end":{"line":9,"column":59}},"13":{"start":{"line":10,"column":18},"end":{"line":10,"column":42}},"14":{"start":{"line":11,"column":15},"end":{"line":11,"column":79}},"15":{"start":{"line":12,"column":15},"end":{"line":12,"column":36}},"16":{"start":{"line":14,"column":20},"end":{"line":14,"column":77}},"17":{"start":{"line":14,"column":97},"end":{"line":14,"column":172}},"18":{"start":{"line":16,"column":11},"end":{"line":76,"column":45}},"19":{"start":{"line":16,"column":34},"end":{"line":16,"column":80}},"20":{"start":{"line":17,"column":38},"end":{"line":17,"column":84}},"21":{"start":{"line":18,"column":4},"end":{"line":18,"column":118}},"22":{"start":{"line":18,"column":118},"end":{"line":35,"column":6}},"23":{"start":{"line":34,"column":6},"end":{"line":34,"column":80}},"24":{"start":{"line":35,"column":6},"end":{"line":39,"column":6}},"25":{"start":{"line":38,"column":6},"end":{"line":38,"column":58}},"26":{"start":{"line":39,"column":6},"end":{"line":43,"column":6}},"27":{"start":{"line":42,"column":6},"end":{"line":42,"column":87}},"28":{"start":{"line":43,"column":6},"end":{"line":43,"column":1658}},"29":{"start":{"line":43,"column":1658},"end":{"line":43,"column":1671}},"30":{"start":{"line":43,"column":1672},"end":{"line":76,"column":10}},"31":{"start":{"line":46,"column":27},"end":{"line":46,"column":131}},"32":{"start":{"line":47,"column":6},"end":{"line":71,"column":139}},"33":{"start":{"line":56,"column":60},"end":{"line":56,"column":69}},"34":{"start":{"line":56,"column":70},"end":{"line":66,"column":228}},"35":{"start":{"line":57,"column":105},"end":{"line":57,"column":150}},"36":{"start":{"line":71,"column":53},"end":{"line":71,"column":78}},"37":{"start":{"line":76,"column":10},"end":{"line":76,"column":26}},"38":{"start":{"line":79,"column":22},"end":{"line":79,"column":66}},"39":{"start":{"line":79,"column":55},"end":{"line":79,"column":65}},"40":{"start":{"line":81,"column":25},"end":{"line":81,"column":75}},"41":{"start":{"line":81,"column":64},"end":{"line":81,"column":74}},"42":{"start":{"line":83,"column":0},"end":{"line":83,"column":71}},"43":{"start":{"line":83,"column":72},"end":{"line":83,"column":99}}},"fnMap":{"0":{"name":"(anonymous_0)","decl":{"start":{"line":16,"column":11},"end":{"line":16,"column":12}},"loc":{"start":{"line":16,"column":33},"end":{"line":76,"column":27}},"line":16},"1":{"name":"Settings","decl":{"start":{"line":17,"column":11},"end":{"line":17,"column":19}},"loc":{"start":{"line":17,"column":27},"end":{"line":43,"column":1672}},"line":17},"2":{"name":"(anonymous_2)","decl":{"start":{"line":33,"column":19},"end":{"line":33,"column":20}},"loc":{"start":{"line":33,"column":31},"end":{"line":35,"column":5}},"line":33},"3":{"name":"(anonymous_3)","decl":{"start":{"line":37,"column":18},"end":{"line":37,"column":19}},"loc":{"start":{"line":37,"column":30},"end":{"line":39,"column":5}},"line":37},"4":{"name":"(anonymous_4)","decl":{"start":{"line":41,"column":19},"end":{"line":41,"column":20}},"loc":{"start":{"line":41,"column":31},"end":{"line":43,"column":5}},"line":41},"5":{"name":"render","decl":{"start":{"line":43,"column":1743},"end":{"line":43,"column":1749}},"loc":{"start":{"line":45,"column":4},"end":{"line":76,"column":5}},"line":45},"6":{"name":"renderItem","decl":{"start":{"line":56,"column":31},"end":{"line":56,"column":41}},"loc":{"start":{"line":56,"column":48},"end":{"line":66,"column":229}},"line":56},"7":{"name":"onPress","decl":{"start":{"line":57,"column":94},"end":{"line":57,"column":101}},"loc":{"start":{"line":57,"column":104},"end":{"line":57,"column":151}},"line":57},"8":{"name":"keyExtractor","decl":{"start":{"line":71,"column":33},"end":{"line":71,"column":45}},"loc":{"start":{"line":71,"column":52},"end":{"line":71,"column":79}},"line":71},"9":{"name":"mapStateToProps","decl":{"start":{"line":79,"column":31},"end":{"line":79,"column":46}},"loc":{"start":{"line":79,"column":54},"end":{"line":79,"column":66}},"line":79},"10":{"name":"mapDispatchToProps","decl":{"start":{"line":81,"column":34},"end":{"line":81,"column":52}},"loc":{"start":{"line":81,"column":63},"end":{"line":81,"column":75}},"line":81}},"branchMap":{"0":{"loc":{"start":{"line":34,"column":13},"end":{"line":34,"column":79}},"type":"cond-expr","locations":[{"start":{"line":34,"column":50},"end":{"line":34,"column":64}},{"start":{"line":34,"column":67},"end":{"line":34,"column":79}}],"line":34},"1":{"loc":{"start":{"line":38,"column":13},"end":{"line":38,"column":57}},"type":"cond-expr","locations":[{"start":{"line":38,"column":50},"end":{"line":38,"column":52}},{"start":{"line":38,"column":55},"end":{"line":38,"column":57}}],"line":38},"2":{"loc":{"start":{"line":42,"column":13},"end":{"line":42,"column":86}},"type":"cond-expr","locations":[{"start":{"line":42,"column":50},"end":{"line":42,"column":69}},{"start":{"line":42,"column":72},"end":{"line":42,"column":86}}],"line":42}},"s":{"0":2,"1":2,"2":2,"3":2,"4":2,"5":2,"6":2,"7":2,"8":2,"9":2,"10":2,"11":2,"12":2,"13":2,"14":2,"15":2,"16":2,"17":2,"18":2,"19":2,"20":0,"21":0,"22":0,"23":0,"24":0,"25":0,"26":0,"27":0,"28":0,"29":0,"30":2,"31":0,"32":0,"33":0,"34":0,"35":0,"36":0,"37":2,"38":2,"39":0,"40":2,"41":0,"42":2,"43":2},"f":{"0":2,"1":0,"2":0,"3":0,"4":0,"5":0,"6":0,"7":0,"8":0,"9":0,"10":0},"b":{"0":[0,0],"1":[0,0],"2":[0,0]},"_coverageSchema":"332fd63041d2c1bcb487cc26dd0d5f7d97098a6c","hash":"3c4d0cd6d01cac92f09ba29c72d65f5692e3afc4"}
,"/Users/vineet_m/Desktop/eggroup/egGroup-local/src/styles/componentStyles.js": {"path":"/Users/vineet_m/Desktop/eggroup/egGroup-local/src/styles/componentStyles.js","statementMap":{"0":{"start":{"line":1,"column":13},"end":{"line":1,"column":75}},"1":{"start":{"line":1,"column":75},"end":{"line":1,"column":100}},"2":{"start":{"line":1,"column":119},"end":{"line":1,"column":142}},"3":{"start":{"line":3,"column":18},"end":{"line":3,"column":61}},"4":{"start":{"line":5,"column":13},"end":{"line":282,"column":21}},"5":{"start":{"line":287,"column":0},"end":{"line":287,"column":6}},"6":{"start":{"line":287,"column":7},"end":{"line":287,"column":34}}},"fnMap":{},"branchMap":{"0":{"loc":{"start":{"line":13,"column":18},"end":{"line":13,"column":61}},"type":"cond-expr","locations":[{"start":{"line":13,"column":55},"end":{"line":13,"column":57}},{"start":{"line":13,"column":60},"end":{"line":13,"column":61}}],"line":13},"1":{"loc":{"start":{"line":167,"column":11},"end":{"line":167,"column":65}},"type":"cond-expr","locations":[{"start":{"line":167,"column":48},"end":{"line":167,"column":59}},{"start":{"line":167,"column":62},"end":{"line":167,"column":65}}],"line":167},"2":{"loc":{"start":{"line":214,"column":14},"end":{"line":214,"column":74}},"type":"cond-expr","locations":[{"start":{"line":214,"column":51},"end":{"line":214,"column":61}},{"start":{"line":214,"column":64},"end":{"line":214,"column":74}}],"line":214},"3":{"loc":{"start":{"line":215,"column":10},"end":{"line":215,"column":52}},"type":"cond-expr","locations":[{"start":{"line":215,"column":47},"end":{"line":215,"column":48}},{"start":{"line":215,"column":51},"end":{"line":215,"column":52}}],"line":215},"4":{"loc":{"start":{"line":228,"column":20},"end":{"line":228,"column":80}},"type":"cond-expr","locations":[{"start":{"line":228,"column":57},"end":{"line":228,"column":65}},{"start":{"line":228,"column":68},"end":{"line":228,"column":80}}],"line":228},"5":{"loc":{"start":{"line":233,"column":15},"end":{"line":233,"column":69}},"type":"cond-expr","locations":[{"start":{"line":233,"column":52},"end":{"line":233,"column":60}},{"start":{"line":233,"column":63},"end":{"line":233,"column":69}}],"line":233},"6":{"loc":{"start":{"line":237,"column":14},"end":{"line":237,"column":74}},"type":"cond-expr","locations":[{"start":{"line":237,"column":51},"end":{"line":237,"column":61}},{"start":{"line":237,"column":64},"end":{"line":237,"column":74}}],"line":237},"7":{"loc":{"start":{"line":243,"column":14},"end":{"line":243,"column":74}},"type":"cond-expr","locations":[{"start":{"line":243,"column":51},"end":{"line":243,"column":61}},{"start":{"line":243,"column":64},"end":{"line":243,"column":74}}],"line":243}},"s":{"0":4,"1":4,"2":4,"3":4,"4":4,"5":4,"6":4},"f":{},"b":{"0":[4,0],"1":[4,0],"2":[4,0],"3":[4,0],"4":[4,0],"5":[4,0],"6":[4,0],"7":[4,0]},"_coverageSchema":"332fd63041d2c1bcb487cc26dd0d5f7d97098a6c","hash":"e5ebc6a105af9f262a5ca9cd28fcd5ad02cfbe38"}
,"/Users/vineet_m/Desktop/eggroup/egGroup-local/src/styles/index.js": {"path":"/Users/vineet_m/Desktop/eggroup/egGroup-local/src/styles/index.js","statementMap":{"0":{"start":{"line":1,"column":13},"end":{"line":1,"column":75}},"1":{"start":{"line":1,"column":75},"end":{"line":1,"column":100}},"2":{"start":{"line":1,"column":119},"end":{"line":1,"column":142}},"3":{"start":{"line":3,"column":18},"end":{"line":3,"column":61}},"4":{"start":{"line":5,"column":13},"end":{"line":812,"column":21}},"5":{"start":{"line":816,"column":0},"end":{"line":816,"column":6}},"6":{"start":{"line":816,"column":7},"end":{"line":816,"column":34}}},"fnMap":{},"branchMap":{"0":{"loc":{"start":{"line":18,"column":15},"end":{"line":18,"column":69}},"type":"cond-expr","locations":[{"start":{"line":18,"column":52},"end":{"line":18,"column":60}},{"start":{"line":18,"column":63},"end":{"line":18,"column":69}}],"line":18},"1":{"loc":{"start":{"line":23,"column":20},"end":{"line":23,"column":63}},"type":"cond-expr","locations":[{"start":{"line":23,"column":57},"end":{"line":23,"column":59}},{"start":{"line":23,"column":62},"end":{"line":23,"column":63}}],"line":23},"2":{"loc":{"start":{"line":56,"column":18},"end":{"line":56,"column":61}},"type":"cond-expr","locations":[{"start":{"line":56,"column":55},"end":{"line":56,"column":57}},{"start":{"line":56,"column":60},"end":{"line":56,"column":61}}],"line":56},"3":{"loc":{"start":{"line":126,"column":20},"end":{"line":126,"column":80}},"type":"cond-expr","locations":[{"start":{"line":126,"column":57},"end":{"line":126,"column":65}},{"start":{"line":126,"column":68},"end":{"line":126,"column":80}}],"line":126},"4":{"loc":{"start":{"line":135,"column":14},"end":{"line":135,"column":74}},"type":"cond-expr","locations":[{"start":{"line":135,"column":51},"end":{"line":135,"column":61}},{"start":{"line":135,"column":64},"end":{"line":135,"column":74}}],"line":135},"5":{"loc":{"start":{"line":136,"column":10},"end":{"line":136,"column":52}},"type":"cond-expr","locations":[{"start":{"line":136,"column":47},"end":{"line":136,"column":48}},{"start":{"line":136,"column":51},"end":{"line":136,"column":52}}],"line":136},"6":{"loc":{"start":{"line":141,"column":14},"end":{"line":141,"column":74}},"type":"cond-expr","locations":[{"start":{"line":141,"column":51},"end":{"line":141,"column":61}},{"start":{"line":141,"column":64},"end":{"line":141,"column":74}}],"line":141},"7":{"loc":{"start":{"line":148,"column":14},"end":{"line":148,"column":74}},"type":"cond-expr","locations":[{"start":{"line":148,"column":51},"end":{"line":148,"column":61}},{"start":{"line":148,"column":64},"end":{"line":148,"column":74}}],"line":148},"8":{"loc":{"start":{"line":185,"column":11},"end":{"line":185,"column":65}},"type":"cond-expr","locations":[{"start":{"line":185,"column":48},"end":{"line":185,"column":59}},{"start":{"line":185,"column":62},"end":{"line":185,"column":65}}],"line":185}},"s":{"0":2,"1":2,"2":2,"3":2,"4":2,"5":2,"6":2},"f":{},"b":{"0":[2,0],"1":[2,0],"2":[2,0],"3":[2,0],"4":[2,0],"5":[2,0],"6":[2,0],"7":[2,0],"8":[2,0]},"_coverageSchema":"332fd63041d2c1bcb487cc26dd0d5f7d97098a6c","hash":"b4c50604fe345a839d0f34c615cfce3cc1fac2e4"}
,"/Users/vineet_m/Desktop/eggroup/egGroup-local/src/styles/screenStyles.js": {"path":"/Users/vineet_m/Desktop/eggroup/egGroup-local/src/styles/screenStyles.js","statementMap":{"0":{"start":{"line":1,"column":13},"end":{"line":1,"column":75}},"1":{"start":{"line":1,"column":75},"end":{"line":1,"column":100}},"2":{"start":{"line":1,"column":119},"end":{"line":1,"column":142}},"3":{"start":{"line":3,"column":18},"end":{"line":3,"column":61}},"4":{"start":{"line":5,"column":13},"end":{"line":504,"column":25}},"5":{"start":{"line":510,"column":0},"end":{"line":510,"column":6}},"6":{"start":{"line":510,"column":7},"end":{"line":510,"column":34}}},"fnMap":{},"branchMap":{"0":{"loc":{"start":{"line":18,"column":15},"end":{"line":18,"column":69}},"type":"cond-expr","locations":[{"start":{"line":18,"column":52},"end":{"line":18,"column":60}},{"start":{"line":18,"column":63},"end":{"line":18,"column":69}}],"line":18},"1":{"loc":{"start":{"line":24,"column":20},"end":{"line":24,"column":63}},"type":"cond-expr","locations":[{"start":{"line":24,"column":57},"end":{"line":24,"column":59}},{"start":{"line":24,"column":62},"end":{"line":24,"column":63}}],"line":24},"2":{"loc":{"start":{"line":173,"column":20},"end":{"line":173,"column":80}},"type":"cond-expr","locations":[{"start":{"line":173,"column":57},"end":{"line":173,"column":65}},{"start":{"line":173,"column":68},"end":{"line":173,"column":80}}],"line":173}},"s":{"0":2,"1":2,"2":2,"3":2,"4":2,"5":2,"6":2},"f":{},"b":{"0":[2,0],"1":[2,0],"2":[2,0]},"_coverageSchema":"332fd63041d2c1bcb487cc26dd0d5f7d97098a6c","hash":"c0ee9e69001ae99087a71cbe2c8e189a26a187bc"}
}
