TN:
SF:/Users/vineet_m/Desktop/eggroup/egGroup-local/App.js
FN:29,(anonymous_0)
FN:30,App
FN:33,componentDidMount
FN:45,onRegister
FN:51,onNotification
FN:80,(anonymous_5)
FN:86,myFunction
FN:95,render
FNF:8
FNH:4
FNDA:1,(anonymous_0)
FNDA:1,App
FNDA:1,componentDidMount
FNDA:0,onRegister
FNDA:0,onNotification
FNDA:0,(anonymous_5)
FNDA:0,myFunction
FNDA:1,render
DA:1,1
DA:8,1
DA:9,1
DA:10,1
DA:11,1
DA:12,1
DA:13,1
DA:16,1
DA:17,1
DA:22,1
DA:29,1
DA:30,1
DA:31,1
DA:32,1
DA:33,1
DA:41,1
DA:46,0
DA:52,0
DA:55,0
DA:80,1
DA:82,0
DA:83,0
DA:90,0
DA:91,0
DA:93,0
DA:101,1
DA:108,1
DA:111,1
LF:28
LH:20
BRDA:82,0,0,0
BRDA:82,0,1,0
BRDA:90,1,0,0
BRDA:90,1,1,0
BRF:4
BRH:0
end_of_record
TN:
SF:/Users/vineet_m/Desktop/eggroup/egGroup-local/setup.js
FNF:0
FNH:0
DA:1,4
DA:2,4
DA:3,4
DA:5,4
DA:7,4
DA:8,4
LF:6
LH:6
BRF:0
BRH:0
end_of_record
TN:
SF:/Users/vineet_m/Desktop/eggroup/egGroup-local/src/Main.js
FN:23,(anonymous_0)
FN:23,Main
FN:23,render
FN:46,mapStateToProps
FN:54,mapDispatchToProps
FNF:5
FNH:1
FNDA:2,(anonymous_0)
FNDA:0,Main
FNDA:0,render
FNDA:0,mapStateToProps
FNDA:0,mapDispatchToProps
DA:1,2
DA:8,2
DA:9,2
DA:10,2
DA:13,2
DA:16,2
DA:23,2
DA:29,0
DA:37,2
DA:46,2
DA:54,2
DA:56,2
LF:12
LH:11
BRF:0
BRH:0
end_of_record
TN:
SF:/Users/vineet_m/Desktop/eggroup/egGroup-local/src/assets/images/go_fuel_card.png
FNF:0
FNH:0
DA:1,2
LF:1
LH:1
BRF:0
BRH:0
end_of_record
TN:
SF:/Users/vineet_m/Desktop/eggroup/egGroup-local/src/assets/images/img_banner_esso.png
FNF:0
FNH:0
DA:1,2
LF:1
LH:1
BRF:0
BRH:0
end_of_record
TN:
SF:/Users/vineet_m/Desktop/eggroup/egGroup-local/src/assets/images/noimage.jpg
FNF:0
FNH:0
DA:1,1
LF:1
LH:1
BRF:0
BRH:0
end_of_record
TN:
SF:/Users/vineet_m/Desktop/eggroup/egGroup-local/src/assets/images/signup/Loginlogo.png
FNF:0
FNH:0
DA:1,2
LF:1
LH:1
BRF:0
BRH:0
end_of_record
TN:
SF:/Users/vineet_m/Desktop/eggroup/egGroup-local/src/components/ExpandCollapseView.js
FN:6,(anonymous_0)
FN:8,ExpandCollapseView
FN:16,toggle
FN:22,render
FNF:4
FNH:1
FNDA:2,(anonymous_0)
FNDA:0,ExpandCollapseView
FNDA:0,toggle
FNDA:0,render
DA:1,2
DA:2,2
DA:3,2
DA:4,2
DA:6,2
DA:8,0
DA:9,0
DA:11,0
DA:14,0
DA:16,2
DA:19,0
DA:25,0
DA:52,2
DA:55,2
LF:14
LH:8
BRDA:35,0,0,0
BRDA:35,0,1,0
BRDA:44,1,0,0
BRDA:44,1,1,0
BRF:4
BRH:0
end_of_record
TN:
SF:/Users/vineet_m/Desktop/eggroup/egGroup-local/src/components/index.js
FN:1,get
FN:1,get
FN:1,get
FN:1,get
FN:1,get
FN:1,get
FN:1,get
FN:1,get
FN:1,get
FN:1,get
FN:1,get
FN:1,get
FN:1,get
FNF:13
FNH:0
FNDA:0,get
FNDA:0,get
FNDA:0,get
FNDA:0,get
FNDA:0,get
FNDA:0,get
FNDA:0,get
FNDA:0,get
FNDA:0,get
FNDA:0,get
FNDA:0,get
FNDA:0,get
FNDA:0,get
DA:1,2
DA:2,2
DA:3,2
DA:4,2
DA:5,2
DA:6,2
DA:7,2
DA:8,2
DA:9,2
DA:10,2
DA:11,2
DA:12,2
DA:13,2
LF:13
LH:13
BRF:0
BRH:0
end_of_record
TN:
SF:/Users/vineet_m/Desktop/eggroup/egGroup-local/src/components/Button/index.js
FN:11,onPress
FN:15,(anonymous_1)
FN:15,Button
FN:15,render
FNF:4
FNH:3
FNDA:0,onPress
FNDA:3,(anonymous_1)
FNDA:1,Button
FNDA:1,render
DA:1,3
DA:2,3
DA:3,3
DA:5,3
DA:7,3
DA:15,3
DA:18,1
DA:34,3
DA:37,3
DA:39,3
LF:10
LH:10
BRDA:22,0,0,1
BRDA:22,0,1,0
BRF:2
BRH:1
end_of_record
TN:
SF:/Users/vineet_m/Desktop/eggroup/egGroup-local/src/components/Card/index.js
FN:8,onPress
FN:12,(anonymous_1)
FN:12,CardItem
FN:12,render
FNF:4
FNH:3
FNDA:0,onPress
FNDA:3,(anonymous_1)
FNDA:1,CardItem
FNDA:1,render
DA:1,3
DA:2,3
DA:3,3
DA:4,3
DA:6,3
DA:12,3
DA:22,1
DA:23,1
DA:66,3
DA:69,3
DA:71,3
LF:11
LH:11
BRDA:32,0,0,0
BRDA:32,0,1,1
BRDA:40,1,0,0
BRDA:40,1,1,1
BRDA:43,2,0,0
BRDA:43,2,1,1
BRDA:43,3,0,0
BRDA:43,3,1,1
BRDA:53,4,0,0
BRDA:53,4,1,1
BRDA:59,5,0,0
BRDA:59,5,1,1
BRF:12
BRH:6
end_of_record
TN:
SF:/Users/vineet_m/Desktop/eggroup/egGroup-local/src/components/Checkbox/index.js
FN:12,(anonymous_0)
FN:12,Checkbox
FN:12,render
FNF:3
FNH:1
FNDA:2,(anonymous_0)
FNDA:0,Checkbox
FNDA:0,render
DA:1,2
DA:2,2
DA:3,2
DA:5,2
DA:7,2
DA:12,2
DA:15,0
DA:27,2
DA:30,2
DA:32,2
LF:10
LH:9
BRDA:19,0,0,0
BRDA:19,0,1,0
BRF:2
BRH:0
end_of_record
TN:
SF:/Users/vineet_m/Desktop/eggroup/egGroup-local/src/components/DatePickerAndroid/index.js
FN:8,mapElement
FN:9,onSubmitEditing
FN:18,openDatePicker
FN:21,(anonymous_3)
FN:21,DatePicker
FN:23,(anonymous_5)
FN:27,_callee
FN:27,_callee$
FN:39,render
FNF:9
FNH:1
FNDA:0,mapElement
FNDA:0,onSubmitEditing
FNDA:0,openDatePicker
FNDA:2,(anonymous_3)
FNDA:0,DatePicker
FNDA:0,(anonymous_5)
FNDA:0,_callee
FNDA:0,_callee$
FNDA:0,render
DA:1,2
DA:2,2
DA:3,2
DA:5,2
DA:7,2
DA:21,2
DA:24,0
DA:25,0
DA:27,0
DA:30,0
DA:32,0
DA:33,0
DA:34,0
DA:35,0
DA:36,0
DA:37,0
DA:38,0
DA:39,2
DA:44,0
DA:67,2
DA:70,2
DA:72,2
LF:22
LH:10
BRDA:27,0,0,0
BRDA:27,0,1,0
BRDA:27,0,2,0
BRDA:27,0,3,0
BRDA:27,0,4,0
BRDA:32,1,0,0
BRDA:32,1,1,0
BRDA:35,2,0,0
BRDA:35,2,1,0
BRF:9
BRH:0
end_of_record
TN:
SF:/Users/vineet_m/Desktop/eggroup/egGroup-local/src/components/DatePickerIos/index.js
FN:8,mapElement
FN:9,onSubmitEditing
FN:18,openDatePicker
FN:21,(anonymous_3)
FN:21,DatePicker
FN:28,(anonymous_5)
FN:32,(anonymous_6)
FN:38,onRequestClose
FN:62,(anonymous_8)
FN:68,(anonymous_9)
FN:79,(anonymous_10)
FN:83,render
FNF:12
FNH:1
FNDA:0,mapElement
FNDA:0,onSubmitEditing
FNDA:0,openDatePicker
FNDA:2,(anonymous_3)
FNDA:0,DatePicker
FNDA:0,(anonymous_5)
FNDA:0,(anonymous_6)
FNDA:0,onRequestClose
FNDA:0,(anonymous_8)
FNDA:0,(anonymous_9)
FNDA:0,(anonymous_10)
FNDA:0,render
DA:1,2
DA:2,2
DA:3,2
DA:5,2
DA:7,2
DA:21,2
DA:25,0
DA:29,0
DA:30,0
DA:33,0
DA:39,0
DA:60,0
DA:63,0
DA:66,0
DA:69,0
DA:70,0
DA:71,0
DA:72,0
DA:73,0
DA:74,0
DA:77,0
DA:80,0
DA:83,2
DA:86,0
DA:110,2
DA:113,2
DA:115,2
LF:27
LH:10
BRDA:107,0,0,0
BRDA:107,0,1,0
BRF:2
BRH:0
end_of_record
TN:
SF:/Users/vineet_m/Desktop/eggroup/egGroup-local/src/components/InputText/index.js
FN:8,mapElement
FN:9,onSubmitEditing
FN:19,onIconPress
FN:22,(anonymous_3)
FN:22,InputText
FN:24,(anonymous_5)
FN:26,render
FNF:7
FNH:1
FNDA:0,mapElement
FNDA:0,onSubmitEditing
FNDA:0,onIconPress
FNDA:2,(anonymous_3)
FNDA:0,InputText
FNDA:0,(anonymous_5)
FNDA:0,render
DA:1,2
DA:2,2
DA:3,2
DA:5,2
DA:7,2
DA:22,2
DA:25,0
DA:26,2
DA:29,0
DA:59,2
DA:62,2
DA:64,2
LF:12
LH:10
BRDA:44,0,0,0
BRDA:44,0,1,0
BRDA:48,1,0,0
BRDA:48,1,1,0
BRF:4
BRH:0
end_of_record
TN:
SF:/Users/vineet_m/Desktop/eggroup/egGroup-local/src/components/LinkButton/index.js
FN:8,onPress
FN:13,(anonymous_1)
FN:13,LinkButton
FN:13,render
FNF:4
FNH:1
FNDA:0,onPress
FNDA:2,(anonymous_1)
FNDA:0,LinkButton
FNDA:0,render
DA:1,2
DA:2,2
DA:4,2
DA:6,2
DA:13,2
DA:16,0
DA:24,2
DA:27,2
DA:29,2
LF:9
LH:8
BRF:0
BRH:0
end_of_record
TN:
SF:/Users/vineet_m/Desktop/eggroup/egGroup-local/src/components/ListPicker/index.js
FN:5,(anonymous_0)
FN:6,ListPicker
FN:13,(anonymous_2)
FN:18,render
FNF:4
FNH:1
FNDA:2,(anonymous_0)
FNDA:0,ListPicker
FNDA:0,(anonymous_2)
FNDA:0,render
DA:1,2
DA:2,2
DA:3,2
DA:5,2
DA:6,0
DA:7,0
DA:14,0
DA:17,0
DA:18,2
DA:21,0
DA:35,2
DA:38,2
LF:12
LH:7
BRF:0
BRH:0
end_of_record
TN:
SF:/Users/vineet_m/Desktop/eggroup/egGroup-local/src/components/Phone/index.js
FN:8,mapElement
FN:9,onSubmitEditing
FN:19,onIconPress
FN:22,(anonymous_3)
FN:22,Phone
FN:24,(anonymous_5)
FN:26,render
FNF:7
FNH:1
FNDA:0,mapElement
FNDA:0,onSubmitEditing
FNDA:0,onIconPress
FNDA:2,(anonymous_3)
FNDA:0,Phone
FNDA:0,(anonymous_5)
FNDA:0,render
DA:1,2
DA:2,2
DA:3,2
DA:5,2
DA:7,2
DA:22,2
DA:25,0
DA:26,2
DA:29,0
DA:60,2
DA:63,2
DA:65,2
LF:12
LH:10
BRF:0
BRH:0
end_of_record
TN:
SF:/Users/vineet_m/Desktop/eggroup/egGroup-local/src/components/PickerImage/index.js
FN:10,(anonymous_0)
FN:12,PickerImage
FN:21,(anonymous_2)
FN:25,render
FNF:4
FNH:1
FNDA:2,(anonymous_0)
FNDA:0,PickerImage
FNDA:0,(anonymous_2)
FNDA:0,render
DA:1,2
DA:2,2
DA:3,2
DA:4,2
DA:5,2
DA:6,2
DA:8,2
DA:10,2
DA:12,0
DA:13,0
DA:22,0
DA:23,0
DA:25,2
DA:28,0
DA:35,2
DA:38,2
LF:16
LH:11
BRDA:22,0,0,0
BRDA:22,0,1,0
BRF:2
BRH:0
end_of_record
TN:
SF:/Users/vineet_m/Desktop/eggroup/egGroup-local/src/components/Routes/index.js
FN:29,(anonymous_0)
FN:29,Routes
FN:31,(anonymous_2)
FN:36,(anonymous_3)
FN:41,(anonymous_4)
FN:46,(anonymous_5)
FN:51,(anonymous_6)
FN:56,(anonymous_7)
FN:59,render
FNF:9
FNH:1
FNDA:2,(anonymous_0)
FNDA:0,Routes
FNDA:0,(anonymous_2)
FNDA:0,(anonymous_3)
FNDA:0,(anonymous_4)
FNDA:0,(anonymous_5)
FNDA:0,(anonymous_6)
FNDA:0,(anonymous_7)
FNDA:0,render
DA:1,2
DA:2,2
DA:3,2
DA:5,2
DA:6,2
DA:7,2
DA:8,2
DA:9,2
DA:10,2
DA:11,2
DA:12,2
DA:13,2
DA:14,2
DA:15,2
DA:16,2
DA:17,2
DA:18,2
DA:19,2
DA:20,2
DA:21,2
DA:22,2
DA:23,2
DA:24,2
DA:25,2
DA:26,2
DA:27,2
DA:29,2
DA:31,0
DA:34,0
DA:36,0
DA:39,0
DA:41,0
DA:44,0
DA:46,0
DA:49,0
DA:51,0
DA:54,0
DA:56,0
DA:59,2
DA:63,0
DA:102,2
LF:41
LH:29
BRF:0
BRH:0
end_of_record
TN:
SF:/Users/vineet_m/Desktop/eggroup/egGroup-local/src/components/Sidebar/Sidebar.js
FN:5,(anonymous_0)
FN:5,Sidebar
FN:5,render
FN:10,onPress
FN:23,onPress
FN:36,onPress
FN:49,onPress
FN:63,onPress
FNF:8
FNH:1
FNDA:2,(anonymous_0)
FNDA:0,Sidebar
FNDA:0,render
FNDA:0,onPress
FNDA:0,onPress
FNDA:0,onPress
FNDA:0,onPress
FNDA:0,onPress
DA:1,2
DA:2,2
DA:3,2
DA:4,2
DA:5,2
DA:8,0
DA:10,0
DA:23,0
DA:36,0
DA:49,0
DA:63,0
DA:78,2
DA:81,2
LF:13
LH:7
BRF:0
BRH:0
end_of_record
TN:
SF:/Users/vineet_m/Desktop/eggroup/egGroup-local/src/components/ToggleSwitch/index.js
FN:4,(anonymous_0)
FN:4,ToggleSwitch
FN:4,render
FNF:3
FNH:1
FNDA:2,(anonymous_0)
FNDA:0,ToggleSwitch
FNDA:0,render
DA:1,2
DA:2,2
DA:4,2
DA:6,0
DA:13,2
DA:16,2
LF:6
LH:5
BRF:0
BRH:0
end_of_record
TN:
SF:/Users/vineet_m/Desktop/eggroup/egGroup-local/src/components/Toolbar/index.js
FN:16,(anonymous_0)
FN:16,Toolbar
FN:18,(anonymous_2)
FN:29,(anonymous_3)
FN:33,(anonymous_4)
FN:35,render
FNF:6
FNH:1
FNDA:2,(anonymous_0)
FNDA:0,Toolbar
FNDA:0,(anonymous_2)
FNDA:0,(anonymous_3)
FNDA:0,(anonymous_4)
FNDA:0,render
DA:1,2
DA:2,2
DA:3,2
DA:5,2
DA:7,2
DA:9,2
DA:16,2
DA:19,0
DA:21,0
DA:23,0
DA:25,0
DA:27,0
DA:30,0
DA:31,0
DA:34,0
DA:35,2
DA:38,0
DA:75,2
DA:78,2
DA:80,2
LF:20
LH:11
BRDA:19,0,0,0
BRDA:19,0,1,0
BRDA:19,0,2,0
BRDA:21,1,0,0
BRDA:21,1,1,0
BRDA:30,2,0,0
BRDA:30,2,1,0
BRDA:34,3,0,0
BRDA:34,3,1,0
BRDA:40,4,0,0
BRDA:40,4,1,0
BRDA:54,5,0,0
BRDA:54,5,1,0
BRDA:65,6,0,0
BRDA:65,6,1,0
BRF:15
BRH:0
end_of_record
TN:
SF:/Users/vineet_m/Desktop/eggroup/egGroup-local/src/config/store.js
FN:17,_default
FNF:1
FNH:1
FNDA:1,_default
DA:1,1
DA:2,1
DA:3,1
DA:4,1
DA:6,1
DA:8,1
DA:15,1
DA:17,1
DA:18,1
DA:19,1
DA:20,1
DA:21,1
LF:12
LH:12
BRF:0
BRH:0
end_of_record
TN:
SF:/Users/vineet_m/Desktop/eggroup/egGroup-local/src/helpers/index.js
FN:4,redirectTo
FN:8,navigateTo
FN:16,navigateBack
FNF:3
FNH:0
FNDA:0,redirectTo
FNDA:0,navigateTo
FNDA:0,navigateBack
DA:1,2
DA:4,2
DA:5,0
DA:6,2
DA:8,2
DA:9,0
DA:10,0
DA:12,0
DA:14,2
DA:16,2
LF:10
LH:6
BRDA:5,0,0,0
BRDA:5,0,1,0
BRDA:8,1,0,0
BRDA:8,1,1,0
BRDA:8,2,0,0
BRDA:8,2,1,0
BRDA:9,3,0,0
BRDA:9,3,1,0
BRF:8
BRH:0
end_of_record
TN:
SF:/Users/vineet_m/Desktop/eggroup/egGroup-local/src/reducers/appReducer.js
FN:3,_default
FNF:1
FNH:1
FNDA:4,_default
DA:1,1
DA:3,4
DA:4,4
DA:6,4
DA:8,1
LF:5
LH:5
BRDA:3,0,0,1
BRDA:3,0,1,3
BRDA:3,1,0,4
BRDA:3,1,1,4
BRDA:3,2,0,4
BRDA:3,2,1,0
BRDA:4,3,0,4
BRF:7
BRH:6
end_of_record
TN:
SF:/Users/vineet_m/Desktop/eggroup/egGroup-local/src/reducers/index.js
FNF:0
FNH:0
DA:1,1
DA:2,1
DA:4,1
DA:6,1
DA:8,1
DA:12,1
LF:6
LH:6
BRF:0
BRH:0
end_of_record
TN:
SF:/Users/vineet_m/Desktop/eggroup/egGroup-local/src/screens/AddLoyalityCard.js
FN:11,(anonymous_0)
FN:13,AddLoyaltyCard
FN:20,(anonymous_2)
FN:24,render
FN:35,onPress
FN:61,mapStateToProps
FN:62,mapDispatchToProps
FNF:7
FNH:1
FNDA:2,(anonymous_0)
FNDA:0,AddLoyaltyCard
FNDA:0,(anonymous_2)
FNDA:0,render
FNDA:0,onPress
FNDA:0,mapStateToProps
FNDA:0,mapDispatchToProps
DA:1,2
DA:2,2
DA:3,2
DA:4,2
DA:6,2
DA:7,2
DA:9,2
DA:11,2
DA:13,0
DA:14,0
DA:21,0
DA:24,2
DA:27,0
DA:35,0
DA:58,2
DA:61,2
DA:62,2
DA:63,2
LF:18
LH:13
BRF:0
BRH:0
end_of_record
TN:
SF:/Users/vineet_m/Desktop/eggroup/egGroup-local/src/screens/AddLoyaltyCardManually.js
FN:13,(anonymous_0)
FN:14,AddLoyaltyCardManually
FN:26,(anonymous_2)
FN:31,(anonymous_3)
FN:36,(anonymous_4)
FN:55,(anonymous_5)
FN:69,componentWillReceiveProps
FN:69,render
FN:106,validate
FN:121,normalizePhone
FN:144,mapStateToProps
FN:148,mapDispatchToProps
FNF:12
FNH:1
FNDA:2,(anonymous_0)
FNDA:0,AddLoyaltyCardManually
FNDA:0,(anonymous_2)
FNDA:0,(anonymous_3)
FNDA:0,(anonymous_4)
FNDA:0,(anonymous_5)
FNDA:0,componentWillReceiveProps
FNDA:0,render
FNDA:0,validate
FNDA:0,normalizePhone
FNDA:0,mapStateToProps
FNDA:0,mapDispatchToProps
DA:1,2
DA:2,2
DA:3,2
DA:4,2
DA:5,2
DA:6,2
DA:8,2
DA:9,2
DA:11,2
DA:13,2
DA:14,0
DA:15,0
DA:27,0
DA:30,0
DA:32,0
DA:33,0
DA:34,0
DA:37,0
DA:38,0
DA:54,0
DA:56,0
DA:57,0
DA:69,2
DA:71,0
DA:72,0
DA:103,2
DA:106,2
DA:107,0
DA:109,0
DA:110,0
DA:111,0
DA:112,0
DA:115,0
DA:116,0
DA:118,0
DA:121,2
DA:122,0
DA:123,0
DA:125,0
DA:126,0
DA:127,0
DA:128,0
DA:130,0
DA:131,0
DA:134,0
DA:135,0
DA:137,0
DA:138,0
DA:140,0
DA:144,2
DA:148,2
DA:151,2
DA:154,2
LF:53
LH:18
BRDA:51,0,0,0
BRDA:51,0,1,0
BRDA:66,1,0,0
BRDA:66,1,1,0
BRDA:69,2,0,0
BRDA:69,2,1,0
BRDA:97,3,0,0
BRDA:97,3,1,0
BRDA:97,3,2,0
BRDA:109,4,0,0
BRDA:109,4,1,0
BRDA:111,5,0,0
BRDA:111,5,1,0
BRDA:115,6,0,0
BRDA:115,6,1,0
BRDA:122,7,0,0
BRDA:122,7,1,0
BRDA:126,8,0,0
BRDA:126,8,1,0
BRDA:126,9,0,0
BRDA:126,9,1,0
BRDA:127,10,0,0
BRDA:127,10,1,0
BRDA:130,11,0,0
BRDA:130,11,1,0
BRDA:134,12,0,0
BRDA:134,12,1,0
BRDA:137,13,0,0
BRDA:137,13,1,0
BRF:29
BRH:0
end_of_record
TN:
SF:/Users/vineet_m/Desktop/eggroup/egGroup-local/src/screens/CoupensList.js
FN:14,(anonymous_0)
FN:16,CoupensList
FN:44,(anonymous_2)
FN:50,(anonymous_3)
FN:54,(anonymous_4)
FN:65,onPress
FN:70,(anonymous_6)
FN:74,(anonymous_7)
FN:77,toggleModal
FN:77,_renderRefreshControl
FN:89,render
FN:107,onRequestClose
FN:117,onPress
FN:169,mapStateToProps
FN:171,mapDispatchToProps
FNF:15
FNH:1
FNDA:2,(anonymous_0)
FNDA:0,CoupensList
FNDA:0,(anonymous_2)
FNDA:0,(anonymous_3)
FNDA:0,(anonymous_4)
FNDA:0,onPress
FNDA:0,(anonymous_6)
FNDA:0,(anonymous_7)
FNDA:0,toggleModal
FNDA:0,_renderRefreshControl
FNDA:0,render
FNDA:0,onRequestClose
FNDA:0,onPress
FNDA:0,mapStateToProps
FNDA:0,mapDispatchToProps
DA:1,2
DA:2,2
DA:3,2
DA:7,2
DA:8,2
DA:9,2
DA:10,2
DA:12,2
DA:14,2
DA:16,0
DA:17,0
DA:37,0
DA:44,0
DA:46,0
DA:51,0
DA:52,0
DA:54,0
DA:55,0
DA:56,0
DA:65,0
DA:68,0
DA:71,0
DA:72,0
DA:76,0
DA:77,2
DA:80,0
DA:94,0
DA:95,0
DA:117,0
DA:166,2
DA:169,2
DA:171,2
DA:173,2
LF:33
LH:14
BRDA:44,0,0,0
BRDA:44,0,1,0
BRDA:44,1,0,0
BRDA:44,1,1,0
BRDA:44,2,0,0
BRDA:44,2,1,0
BRDA:44,3,0,0
BRDA:44,3,1,0
BRDA:102,4,0,0
BRDA:102,4,1,0
BRF:10
BRH:0
end_of_record
TN:
SF:/Users/vineet_m/Desktop/eggroup/egGroup-local/src/screens/EditProfile.js
FN:17,(anonymous_0)
FN:18,EditProfile
FN:31,(anonymous_2)
FN:35,(anonymous_3)
FN:42,onPress
FN:47,onPress
FN:56,(anonymous_6)
FN:83,(anonymous_7)
FN:122,(anonymous_8)
FN:144,setDate
FN:144,selectPhotoTapped
FN:156,(anonymous_11)
FN:177,render
FN:251,validate
FN:296,mapStateToProps
FN:298,mapDispatchToProps
FNF:16
FNH:1
FNDA:2,(anonymous_0)
FNDA:0,EditProfile
FNDA:0,(anonymous_2)
FNDA:0,(anonymous_3)
FNDA:0,onPress
FNDA:0,onPress
FNDA:0,(anonymous_6)
FNDA:0,(anonymous_7)
FNDA:0,(anonymous_8)
FNDA:0,setDate
FNDA:0,selectPhotoTapped
FNDA:0,(anonymous_11)
FNDA:0,render
FNDA:0,validate
FNDA:0,mapStateToProps
FNDA:0,mapDispatchToProps
DA:1,2
DA:2,2
DA:3,2
DA:4,2
DA:5,2
DA:6,2
DA:7,2
DA:8,2
DA:10,2
DA:11,2
DA:12,2
DA:14,2
DA:17,2
DA:18,0
DA:19,0
DA:32,0
DA:33,0
DA:36,0
DA:42,0
DA:48,0
DA:54,0
DA:63,0
DA:64,0
DA:76,0
DA:89,0
DA:91,0
DA:92,0
DA:106,0
DA:120,0
DA:130,0
DA:131,0
DA:144,2
DA:146,0
DA:147,0
DA:156,0
DA:157,0
DA:159,0
DA:160,0
DA:162,0
DA:163,0
DA:165,0
DA:166,0
DA:169,0
DA:172,0
DA:180,0
DA:181,0
DA:248,2
DA:251,2
DA:252,0
DA:253,0
DA:254,0
DA:255,0
DA:256,0
DA:257,0
DA:258,0
DA:259,0
DA:260,0
DA:263,0
DA:264,0
DA:265,0
DA:266,0
DA:267,0
DA:268,0
DA:269,0
DA:270,0
DA:273,0
DA:274,0
DA:275,0
DA:276,0
DA:279,0
DA:280,0
DA:283,0
DA:284,0
DA:286,0
DA:287,0
DA:288,0
DA:289,0
DA:290,0
DA:291,0
DA:293,0
DA:296,2
DA:298,2
DA:300,2
DA:309,2
LF:84
LH:20
BRDA:73,0,0,0
BRDA:73,0,1,0
BRDA:91,1,0,0
BRDA:91,1,1,0
BRDA:102,2,0,0
BRDA:102,2,1,0
BRDA:116,3,0,0
BRDA:116,3,1,0
BRDA:141,4,0,0
BRDA:141,4,1,0
BRDA:159,5,0,0
BRDA:159,5,1,0
BRDA:162,6,0,0
BRDA:162,6,1,0
BRDA:165,7,0,0
BRDA:165,7,1,0
BRDA:193,8,0,0
BRDA:193,8,1,0
BRDA:196,9,0,0
BRDA:196,9,1,0
BRDA:253,10,0,0
BRDA:253,10,1,0
BRDA:255,11,0,0
BRDA:255,11,1,0
BRDA:257,12,0,0
BRDA:257,12,1,0
BRDA:259,13,0,0
BRDA:259,13,1,0
BRDA:263,14,0,0
BRDA:263,14,1,0
BRDA:265,15,0,0
BRDA:265,15,1,0
BRDA:267,16,0,0
BRDA:267,16,1,0
BRDA:269,17,0,0
BRDA:269,17,1,0
BRDA:273,18,0,0
BRDA:273,18,1,0
BRDA:275,19,0,0
BRDA:275,19,1,0
BRDA:279,20,0,0
BRDA:279,20,1,0
BRDA:283,21,0,0
BRDA:283,21,1,0
BRDA:286,22,0,0
BRDA:286,22,1,0
BRDA:288,23,0,0
BRDA:288,23,1,0
BRDA:290,24,0,0
BRDA:290,24,1,0
BRF:50
BRH:0
end_of_record
TN:
SF:/Users/vineet_m/Desktop/eggroup/egGroup-local/src/screens/Faq.js
FN:8,(anonymous_0)
FN:8,Faq
FN:21,(anonymous_2)
FN:25,render
FN:39,renderItem
FN:44,keyExtractor
FNF:6
FNH:1
FNDA:2,(anonymous_0)
FNDA:0,Faq
FNDA:0,(anonymous_2)
FNDA:0,render
FNDA:0,renderItem
FNDA:0,keyExtractor
DA:1,2
DA:2,2
DA:3,2
DA:4,2
DA:5,2
DA:6,2
DA:8,2
DA:17,0
DA:22,0
DA:25,2
DA:28,0
DA:39,0
DA:44,0
DA:49,2
DA:52,2
LF:15
LH:10
BRF:0
BRH:0
end_of_record
TN:
SF:/Users/vineet_m/Desktop/eggroup/egGroup-local/src/screens/ForgotPassword.js
FN:15,(anonymous_0)
FN:17,ForgotPassword
FN:32,(anonymous_2)
FN:37,(anonymous_3)
FN:43,(anonymous_4)
FN:48,onPress
FN:55,(anonymous_6)
FN:68,componentDidMount
FN:68,componentWillUnmount
FN:68,render
FN:101,validate
FN:112,mapStateToProps
FN:116,mapDispatchToProps
FNF:13
FNH:1
FNDA:2,(anonymous_0)
FNDA:0,ForgotPassword
FNDA:0,(anonymous_2)
FNDA:0,(anonymous_3)
FNDA:0,(anonymous_4)
FNDA:0,onPress
FNDA:0,(anonymous_6)
FNDA:0,componentDidMount
FNDA:0,componentWillUnmount
FNDA:0,render
FNDA:0,validate
FNDA:0,mapStateToProps
FNDA:0,mapDispatchToProps
DA:1,2
DA:2,2
DA:3,2
DA:4,2
DA:5,2
DA:6,2
DA:7,2
DA:9,2
DA:10,2
DA:13,2
DA:15,2
DA:17,0
DA:18,0
DA:33,0
DA:34,0
DA:35,0
DA:38,0
DA:41,0
DA:44,0
DA:48,0
DA:53,0
DA:56,0
DA:57,0
DA:68,2
DA:71,0
DA:72,0
DA:98,2
DA:101,2
DA:102,0
DA:103,0
DA:104,0
DA:106,0
DA:107,0
DA:109,0
DA:112,2
DA:116,2
DA:118,2
DA:124,2
LF:38
LH:18
BRDA:65,0,0,0
BRDA:65,0,1,0
BRDA:103,1,0,0
BRDA:103,1,1,0
BRDA:106,2,0,0
BRDA:106,2,1,0
BRF:6
BRH:0
end_of_record
TN:
SF:/Users/vineet_m/Desktop/eggroup/egGroup-local/src/screens/Home.js
FN:11,(anonymous_0)
FN:13,Home
FN:15,render
FN:35,mapStateToProps
FN:37,mapDispatchToProps
FNF:5
FNH:1
FNDA:2,(anonymous_0)
FNDA:0,Home
FNDA:0,render
FNDA:0,mapStateToProps
FNDA:0,mapDispatchToProps
DA:1,2
DA:2,2
DA:3,2
DA:4,2
DA:6,2
DA:7,2
DA:9,2
DA:11,2
DA:13,0
DA:15,2
DA:18,0
DA:32,2
DA:35,2
DA:37,2
DA:39,2
LF:15
LH:13
BRF:0
BRH:0
end_of_record
TN:
SF:/Users/vineet_m/Desktop/eggroup/egGroup-local/src/screens/Login.js
FN:12,(anonymous_0)
FN:14,Login
FN:26,(anonymous_2)
FN:32,(anonymous_3)
FN:38,(anonymous_4)
FN:42,(anonymous_5)
FN:59,(anonymous_6)
FN:65,(anonymous_7)
FN:70,(anonymous_8)
FN:100,(anonymous_9)
FN:102,render
FN:141,onPress
FN:162,onPress
FN:172,validate
FN:185,mapStateToProps
FN:187,mapDispatchToProps
FNF:16
FNH:1
FNDA:2,(anonymous_0)
FNDA:0,Login
FNDA:0,(anonymous_2)
FNDA:0,(anonymous_3)
FNDA:0,(anonymous_4)
FNDA:0,(anonymous_5)
FNDA:0,(anonymous_6)
FNDA:0,(anonymous_7)
FNDA:0,(anonymous_8)
FNDA:0,(anonymous_9)
FNDA:0,render
FNDA:0,onPress
FNDA:0,onPress
FNDA:0,validate
FNDA:0,mapStateToProps
FNDA:0,mapDispatchToProps
DA:1,2
DA:2,2
DA:3,2
DA:4,2
DA:5,2
DA:6,2
DA:7,2
DA:8,2
DA:9,2
DA:10,2
DA:12,2
DA:14,0
DA:15,0
DA:27,0
DA:30,0
DA:33,0
DA:36,0
DA:39,0
DA:40,0
DA:43,0
DA:44,0
DA:58,0
DA:60,0
DA:63,0
DA:66,0
DA:67,0
DA:71,0
DA:72,0
DA:73,0
DA:74,0
DA:79,0
DA:80,0
DA:99,0
DA:101,0
DA:102,2
DA:106,0
DA:108,0
DA:141,0
DA:162,0
DA:169,2
DA:172,2
DA:173,0
DA:174,0
DA:175,0
DA:176,0
DA:177,0
DA:179,0
DA:180,0
DA:182,0
DA:185,2
DA:187,2
DA:189,2
DA:195,2
LF:53
LH:18
BRDA:55,0,0,0
BRDA:55,0,1,0
BRDA:71,1,0,0
BRDA:71,1,1,0
BRDA:73,2,0,0
BRDA:73,2,1,0
BRDA:79,3,0,0
BRDA:79,3,1,0
BRDA:134,4,0,0
BRDA:134,4,1,0
BRDA:174,5,0,0
BRDA:174,5,1,0
BRDA:176,6,0,0
BRDA:176,6,1,0
BRDA:179,7,0,0
BRDA:179,7,1,0
BRF:16
BRH:0
end_of_record
TN:
SF:/Users/vineet_m/Desktop/eggroup/egGroup-local/src/screens/LoyaltyCardsList.js
FN:12,(anonymous_0)
FN:12,LoyaltyCardsList
FN:22,(anonymous_2)
FN:24,setModalVisible
FN:24,render
FN:36,onClickRightIcon
FN:43,onRequestClose
FN:70,onRequestClose
FN:97,onRequestClose
FN:126,mapStateToProps
FN:128,mapDispatchToProps
FNF:11
FNH:1
FNDA:2,(anonymous_0)
FNDA:0,LoyaltyCardsList
FNDA:0,(anonymous_2)
FNDA:0,setModalVisible
FNDA:0,render
FNDA:0,onClickRightIcon
FNDA:0,onRequestClose
FNDA:0,onRequestClose
FNDA:0,onRequestClose
FNDA:0,mapStateToProps
FNDA:0,mapDispatchToProps
DA:1,2
DA:2,2
DA:3,2
DA:4,2
DA:5,2
DA:6,2
DA:7,2
DA:8,2
DA:10,2
DA:12,2
DA:15,0
DA:23,0
DA:24,2
DA:28,0
DA:37,0
DA:43,0
DA:70,0
DA:97,0
DA:124,2
DA:126,2
DA:128,2
DA:130,2
LF:22
LH:15
BRF:0
BRH:0
end_of_record
TN:
SF:/Users/vineet_m/Desktop/eggroup/egGroup-local/src/screens/NewsLetters.js
FN:14,(anonymous_0)
FN:16,NewsLetters
FN:23,(anonymous_2)
FN:25,render
FN:55,mapStateToProps
FN:57,mapDispatchToProps
FNF:6
FNH:1
FNDA:2,(anonymous_0)
FNDA:0,NewsLetters
FNDA:0,(anonymous_2)
FNDA:0,render
FNDA:0,mapStateToProps
FNDA:0,mapDispatchToProps
DA:1,2
DA:2,2
DA:3,2
DA:8,2
DA:9,2
DA:10,2
DA:12,2
DA:14,2
DA:16,0
DA:17,0
DA:24,0
DA:25,2
DA:28,0
DA:52,2
DA:55,2
DA:57,2
DA:59,2
LF:17
LH:13
BRF:0
BRH:0
end_of_record
TN:
SF:/Users/vineet_m/Desktop/eggroup/egGroup-local/src/screens/Notifications.js
FN:15,(anonymous_0)
FN:16,Notifications
FN:23,(anonymous_2)
FN:25,render
FN:57,mapStateToProps
FN:59,mapDispatchToProps
FNF:6
FNH:1
FNDA:2,(anonymous_0)
FNDA:0,Notifications
FNDA:0,(anonymous_2)
FNDA:0,render
FNDA:0,mapStateToProps
FNDA:0,mapDispatchToProps
DA:1,2
DA:2,2
DA:3,2
DA:7,2
DA:9,2
DA:10,2
DA:12,2
DA:15,2
DA:16,0
DA:17,0
DA:24,0
DA:25,2
DA:28,0
DA:54,2
DA:57,2
DA:59,2
DA:61,2
LF:17
LH:13
BRF:0
BRH:0
end_of_record
TN:
SF:/Users/vineet_m/Desktop/eggroup/egGroup-local/src/screens/PreferredStation.js
FN:17,(anonymous_0)
FN:18,PreferredStation
FN:27,render
FN:45,renderItem
FN:46,onPress
FN:69,keyExtractor
FN:78,mapStateToProps
FN:80,mapDispatchToProps
FNF:8
FNH:1
FNDA:2,(anonymous_0)
FNDA:0,PreferredStation
FNDA:0,render
FNDA:0,renderItem
FNDA:0,onPress
FNDA:0,keyExtractor
FNDA:0,mapStateToProps
FNDA:0,mapDispatchToProps
DA:1,2
DA:2,2
DA:3,2
DA:10,2
DA:11,2
DA:12,2
DA:13,2
DA:15,2
DA:17,2
DA:18,0
DA:19,0
DA:20,0
DA:24,0
DA:27,2
DA:30,0
DA:31,0
DA:45,0
DA:46,0
DA:69,0
DA:75,2
DA:78,2
DA:80,2
DA:82,2
LF:23
LH:14
BRF:0
BRH:0
end_of_record
TN:
SF:/Users/vineet_m/Desktop/eggroup/egGroup-local/src/screens/PrivarcyPolicy.js
FN:15,(anonymous_0)
FN:16,PrivacyPolicy
FN:24,render
FN:36,renderItem
FN:42,keyExtractor
FN:52,mapStateToProps
FN:54,mapDispatchToProps
FNF:7
FNH:1
FNDA:2,(anonymous_0)
FNDA:0,PrivacyPolicy
FNDA:0,render
FNDA:0,renderItem
FNDA:0,keyExtractor
FNDA:0,mapStateToProps
FNDA:0,mapDispatchToProps
DA:1,2
DA:2,2
DA:3,2
DA:8,2
DA:9,2
DA:10,2
DA:12,2
DA:15,2
DA:16,0
DA:17,0
DA:18,0
DA:21,0
DA:24,2
DA:27,0
DA:36,0
DA:42,0
DA:46,2
DA:52,2
DA:54,2
DA:56,2
LF:20
LH:13
BRF:0
BRH:0
end_of_record
TN:
SF:/Users/vineet_m/Desktop/eggroup/egGroup-local/src/screens/PromotionsDetails.js
FN:13,(anonymous_0)
FN:13,PromotionsDetails
FN:23,setModalVisible
FN:23,setModalVisible
FN:28,render
FN:37,onRequestClose
FN:50,onPress
FN:97,onPress
FN:107,mapStateToProps
FN:109,mapDispatchToProps
FNF:10
FNH:1
FNDA:2,(anonymous_0)
FNDA:0,PromotionsDetails
FNDA:0,setModalVisible
FNDA:0,setModalVisible
FNDA:0,render
FNDA:0,onRequestClose
FNDA:0,onPress
FNDA:0,onPress
FNDA:0,mapStateToProps
FNDA:0,mapDispatchToProps
DA:1,2
DA:2,2
DA:3,2
DA:4,2
DA:5,2
DA:6,2
DA:7,2
DA:8,2
DA:9,2
DA:10,2
DA:13,2
DA:15,0
DA:23,2
DA:27,0
DA:30,0
DA:31,0
DA:38,0
DA:51,0
DA:98,0
DA:104,2
DA:107,2
DA:109,2
DA:111,2
LF:23
LH:16
BRF:0
BRH:0
end_of_record
TN:
SF:/Users/vineet_m/Desktop/eggroup/egGroup-local/src/screens/PromotionsList.js
FN:8,(anonymous_0)
FN:8,PromotionsList
FN:8,render
FN:23,renderItem
FN:24,onPress
FN:44,onPress
FN:50,mapStateToProps
FN:52,mapDispatchToProps
FNF:8
FNH:1
FNDA:2,(anonymous_0)
FNDA:0,PromotionsList
FNDA:0,render
FNDA:0,renderItem
FNDA:0,onPress
FNDA:0,onPress
FNDA:0,mapStateToProps
FNDA:0,mapDispatchToProps
DA:1,2
DA:2,2
DA:3,2
DA:4,2
DA:5,2
DA:6,2
DA:8,2
DA:9,0
DA:10,0
DA:23,0
DA:24,0
DA:44,0
DA:47,2
DA:50,2
DA:52,2
DA:54,2
LF:16
LH:11
BRF:0
BRH:0
end_of_record
TN:
SF:/Users/vineet_m/Desktop/eggroup/egGroup-local/src/screens/PushNotification.js
FNF:0
FNH:0
LF:0
LH:0
BRF:0
BRH:0
end_of_record
TN:
SF:/Users/vineet_m/Desktop/eggroup/egGroup-local/src/screens/Register.js
FN:14,(anonymous_0)
FN:16,Register
FN:34,(anonymous_2)
FN:39,(anonymous_3)
FN:45,onPress
FN:46,onPress
FN:55,(anonymous_6)
FN:61,(anonymous_7)
FN:67,(anonymous_8)
FN:73,(anonymous_9)
FN:79,(anonymous_10)
FN:85,(anonymous_11)
FN:91,(anonymous_12)
FN:108,componentDidMount
FN:108,componentWillUnmount
FN:108,render
FN:209,validate
FN:256,mapStateToProps
FN:260,mapDispatchToProps
FNF:19
FNH:1
FNDA:2,(anonymous_0)
FNDA:0,Register
FNDA:0,(anonymous_2)
FNDA:0,(anonymous_3)
FNDA:0,onPress
FNDA:0,onPress
FNDA:0,(anonymous_6)
FNDA:0,(anonymous_7)
FNDA:0,(anonymous_8)
FNDA:0,(anonymous_9)
FNDA:0,(anonymous_10)
FNDA:0,(anonymous_11)
FNDA:0,(anonymous_12)
FNDA:0,componentDidMount
FNDA:0,componentWillUnmount
FNDA:0,render
FNDA:0,validate
FNDA:0,mapStateToProps
FNDA:0,mapDispatchToProps
DA:1,2
DA:2,2
DA:3,2
DA:4,2
DA:5,2
DA:6,2
DA:8,2
DA:9,2
DA:11,2
DA:12,2
DA:14,2
DA:16,0
DA:17,0
DA:35,0
DA:36,0
DA:37,0
DA:40,0
DA:41,0
DA:45,0
DA:46,0
DA:51,0
DA:53,0
DA:56,0
DA:59,0
DA:62,0
DA:65,0
DA:68,0
DA:71,0
DA:74,0
DA:77,0
DA:80,0
DA:83,0
DA:86,0
DA:87,0
DA:88,0
DA:92,0
DA:93,0
DA:108,2
DA:113,0
DA:114,0
DA:204,2
DA:209,2
DA:210,0
DA:212,0
DA:213,0
DA:220,0
DA:221,0
DA:224,0
DA:225,0
DA:232,0
DA:233,0
DA:237,0
DA:238,0
DA:239,0
DA:240,0
DA:243,0
DA:244,0
DA:247,0
DA:248,0
DA:249,0
DA:250,0
DA:253,0
DA:256,2
DA:260,2
DA:263,2
DA:266,2
LF:66
LH:18
BRDA:40,0,0,0
BRDA:40,0,1,0
BRDA:40,1,0,0
BRDA:40,1,1,0
BRDA:105,2,0,0
BRDA:105,2,1,0
BRDA:212,3,0,0
BRDA:212,3,1,0
BRDA:220,4,0,0
BRDA:220,4,1,0
BRDA:224,5,0,0
BRDA:224,5,1,0
BRDA:232,6,0,0
BRDA:232,6,1,0
BRDA:237,7,0,0
BRDA:237,7,1,0
BRDA:239,8,0,0
BRDA:239,8,1,0
BRDA:243,9,0,0
BRDA:243,9,1,0
BRDA:247,10,0,0
BRDA:247,10,1,0
BRDA:249,11,0,0
BRDA:249,11,1,0
BRF:24
BRH:0
end_of_record
TN:
SF:/Users/vineet_m/Desktop/eggroup/egGroup-local/src/screens/ScanLoyaltyCard.js
FN:12,(anonymous_0)
FN:14,ScanLoyaltyCard
FN:24,(anonymous_2)
FN:35,scanCard
FN:40,(anonymous_4)
FN:44,(anonymous_5)
FN:48,render
FN:85,onPress
FN:93,mapStateToProps
FN:95,mapDispatchToProps
FNF:10
FNH:1
FNDA:2,(anonymous_0)
FNDA:0,ScanLoyaltyCard
FNDA:0,(anonymous_2)
FNDA:0,scanCard
FNDA:0,(anonymous_4)
FNDA:0,(anonymous_5)
FNDA:0,render
FNDA:0,onPress
FNDA:0,mapStateToProps
FNDA:0,mapDispatchToProps
DA:1,2
DA:2,2
DA:3,2
DA:4,2
DA:6,2
DA:7,2
DA:10,2
DA:12,2
DA:14,0
DA:15,0
DA:25,0
DA:26,0
DA:27,0
DA:28,0
DA:29,0
DA:30,0
DA:31,0
DA:32,0
DA:33,0
DA:34,0
DA:35,2
DA:38,0
DA:51,0
DA:85,0
DA:90,2
DA:93,2
DA:95,2
DA:97,2
LF:28
LH:13
BRF:0
BRH:0
end_of_record
TN:
SF:/Users/vineet_m/Desktop/eggroup/egGroup-local/src/screens/StoreDetails.js
FN:19,(anonymous_0)
FN:20,StoreLocator
FN:51,(anonymous_2)
FN:65,(anonymous_3)
FN:69,(anonymous_4)
FN:73,(anonymous_5)
FN:75,componentDidMount
FN:75,(anonymous_7)
FN:75,render
FN:111,keyExtractor
FN:112,ref
FN:113,ItemSeparatorComponent
FN:114,renderItem
FNF:13
FNH:1
FNDA:2,(anonymous_0)
FNDA:0,StoreLocator
FNDA:0,(anonymous_2)
FNDA:0,(anonymous_3)
FNDA:0,(anonymous_4)
FNDA:0,(anonymous_5)
FNDA:0,componentDidMount
FNDA:0,(anonymous_7)
FNDA:0,render
FNDA:0,keyExtractor
FNDA:0,ref
FNDA:0,ItemSeparatorComponent
FNDA:0,renderItem
DA:1,2
DA:2,2
DA:3,2
DA:4,2
DA:6,2
DA:8,2
DA:9,2
DA:11,2
DA:13,2
DA:15,2
DA:16,2
DA:17,2
DA:19,2
DA:20,0
DA:21,0
DA:52,0
DA:53,0
DA:54,0
DA:55,0
DA:59,0
DA:60,0
DA:61,0
DA:62,0
DA:63,0
DA:66,0
DA:67,0
DA:70,0
DA:71,0
DA:74,0
DA:75,2
DA:78,0
DA:79,0
DA:111,0
DA:112,0
DA:113,0
DA:114,0
DA:197,2
DA:200,2
LF:38
LH:16
BRDA:66,0,0,0
BRDA:66,0,1,0
BRDA:70,1,0,0
BRDA:70,1,1,0
BRDA:74,2,0,0
BRDA:74,2,1,0
BRF:6
BRH:0
end_of_record
TN:
SF:/Users/vineet_m/Desktop/eggroup/egGroup-local/src/screens/StoreList.js
FN:4,(anonymous_0)
FN:4,StoreList
FN:5,(anonymous_2)
FN:8,render
FN:15,renderItem
FN:24,keyExtractor
FN:25,ItemSeparatorComponent
FNF:7
FNH:1
FNDA:2,(anonymous_0)
FNDA:0,StoreList
FNDA:0,(anonymous_2)
FNDA:0,render
FNDA:0,renderItem
FNDA:0,keyExtractor
FNDA:0,ItemSeparatorComponent
DA:1,2
DA:2,2
DA:4,2
DA:6,0
DA:7,0
DA:8,2
DA:10,0
DA:11,0
DA:15,0
DA:24,0
DA:25,0
DA:36,2
DA:40,2
LF:13
LH:6
BRF:0
BRH:0
end_of_record
TN:
SF:/Users/vineet_m/Desktop/eggroup/egGroup-local/src/screens/StoreLocator.js
FN:19,(anonymous_0)
FN:20,StoreLocator
FN:62,(anonymous_2)
FN:67,(anonymous_3)
FN:127,(anonymous_4)
FN:136,(anonymous_5)
FN:138,componentDidMount
FN:138,(anonymous_7)
FN:138,render
FN:171,onBlur
FN:182,keyExtractor
FN:183,ref
FN:184,ItemSeparatorComponent
FN:185,renderItem
FN:209,onPress
FNF:15
FNH:1
FNDA:2,(anonymous_0)
FNDA:0,StoreLocator
FNDA:0,(anonymous_2)
FNDA:0,(anonymous_3)
FNDA:0,(anonymous_4)
FNDA:0,(anonymous_5)
FNDA:0,componentDidMount
FNDA:0,(anonymous_7)
FNDA:0,render
FNDA:0,onBlur
FNDA:0,keyExtractor
FNDA:0,ref
FNDA:0,ItemSeparatorComponent
FNDA:0,renderItem
FNDA:0,onPress
DA:1,2
DA:2,2
DA:3,2
DA:4,2
DA:5,2
DA:7,2
DA:8,2
DA:9,2
DA:11,2
DA:13,2
DA:15,2
DA:16,2
DA:17,2
DA:19,2
DA:20,0
DA:21,0
DA:63,0
DA:64,0
DA:65,0
DA:66,0
DA:68,0
DA:69,0
DA:71,0
DA:72,0
DA:127,0
DA:128,0
DA:130,0
DA:133,0
DA:135,0
DA:137,0
DA:138,2
DA:140,0
DA:141,0
DA:171,0
DA:182,0
DA:183,0
DA:184,0
DA:185,0
DA:209,0
DA:225,2
DA:228,2
LF:41
LH:17
BRDA:71,0,0,0
BRDA:71,0,1,0
BRDA:128,1,0,0
BRDA:128,1,1,0
BRDA:128,1,2,0
BRF:5
BRH:0
end_of_record
TN:
SF:/Users/vineet_m/Desktop/eggroup/egGroup-local/src/screens/Support.js
FN:12,(anonymous_0)
FN:13,Support
FN:20,(anonymous_2)
FN:22,(anonymous_3)
FN:29,(anonymous_4)
FN:32,(anonymous_5)
FN:35,(anonymous_6)
FN:40,(anonymous_7)
FN:41,(anonymous_8)
FN:44,(anonymous_9)
FN:47,(anonymous_10)
FN:51,(anonymous_11)
FN:55,(anonymous_12)
FN:57,render
FN:100,mapStateToProps
FN:102,mapDispatchToProps
FNF:16
FNH:1
FNDA:2,(anonymous_0)
FNDA:0,Support
FNDA:0,(anonymous_2)
FNDA:0,(anonymous_3)
FNDA:0,(anonymous_4)
FNDA:0,(anonymous_5)
FNDA:0,(anonymous_6)
FNDA:0,(anonymous_7)
FNDA:0,(anonymous_8)
FNDA:0,(anonymous_9)
FNDA:0,(anonymous_10)
FNDA:0,(anonymous_11)
FNDA:0,(anonymous_12)
FNDA:0,render
FNDA:0,mapStateToProps
FNDA:0,mapDispatchToProps
DA:1,2
DA:2,2
DA:3,2
DA:7,2
DA:8,2
DA:9,2
DA:10,2
DA:12,2
DA:13,0
DA:14,0
DA:21,0
DA:22,0
DA:23,0
DA:24,0
DA:27,0
DA:29,0
DA:30,0
DA:33,0
DA:34,0
DA:36,0
DA:37,0
DA:39,0
DA:40,0
DA:41,0
DA:44,0
DA:45,0
DA:48,0
DA:49,0
DA:52,0
DA:53,0
DA:56,0
DA:57,2
DA:60,0
DA:97,2
DA:100,2
DA:102,2
DA:104,2
LF:37
LH:13
BRDA:23,0,0,0
BRDA:23,0,1,0
BRDA:36,1,0,0
BRDA:36,1,1,0
BRDA:48,2,0,0
BRDA:48,2,1,0
BRDA:52,3,0,0
BRDA:52,3,1,0
BRDA:56,4,0,0
BRDA:56,4,1,0
BRF:10
BRH:0
end_of_record
TN:
SF:/Users/vineet_m/Desktop/eggroup/egGroup-local/src/screens/TermsAndConditions.js
FN:14,(anonymous_0)
FN:15,TermsAndConditions
FN:23,render
FN:35,renderItem
FN:41,keyExtractor
FN:48,mapStateToProps
FN:50,mapDispatchToProps
FNF:7
FNH:1
FNDA:2,(anonymous_0)
FNDA:0,TermsAndConditions
FNDA:0,render
FNDA:0,renderItem
FNDA:0,keyExtractor
FNDA:0,mapStateToProps
FNDA:0,mapDispatchToProps
DA:1,2
DA:2,2
DA:3,2
DA:8,2
DA:9,2
DA:10,2
DA:12,2
DA:14,2
DA:15,0
DA:16,0
DA:17,0
DA:20,0
DA:23,2
DA:26,0
DA:35,0
DA:41,0
DA:45,2
DA:48,2
DA:50,2
DA:52,2
LF:20
LH:13
BRF:0
BRH:0
end_of_record
TN:
SF:/Users/vineet_m/Desktop/eggroup/egGroup-local/src/screens/UserSettings.js
FN:16,(anonymous_0)
FN:17,Settings
FN:33,(anonymous_2)
FN:37,(anonymous_3)
FN:41,(anonymous_4)
FN:43,render
FN:56,renderItem
FN:57,onPress
FN:71,keyExtractor
FN:79,mapStateToProps
FN:81,mapDispatchToProps
FNF:11
FNH:1
FNDA:2,(anonymous_0)
FNDA:0,Settings
FNDA:0,(anonymous_2)
FNDA:0,(anonymous_3)
FNDA:0,(anonymous_4)
FNDA:0,render
FNDA:0,renderItem
FNDA:0,onPress
FNDA:0,keyExtractor
FNDA:0,mapStateToProps
FNDA:0,mapDispatchToProps
DA:1,2
DA:2,2
DA:3,2
DA:9,2
DA:10,2
DA:11,2
DA:12,2
DA:14,2
DA:16,2
DA:17,0
DA:18,0
DA:34,0
DA:35,0
DA:38,0
DA:39,0
DA:42,0
DA:43,2
DA:46,0
DA:47,0
DA:56,0
DA:57,0
DA:71,0
DA:76,2
DA:79,2
DA:81,2
DA:83,2
LF:26
LH:14
BRDA:34,0,0,0
BRDA:34,0,1,0
BRDA:38,1,0,0
BRDA:38,1,1,0
BRDA:42,2,0,0
BRDA:42,2,1,0
BRF:6
BRH:0
end_of_record
TN:
SF:/Users/vineet_m/Desktop/eggroup/egGroup-local/src/styles/componentStyles.js
FNF:0
FNH:0
DA:1,4
DA:3,4
DA:5,4
DA:287,4
LF:4
LH:4
BRDA:13,0,0,4
BRDA:13,0,1,0
BRDA:167,1,0,4
BRDA:167,1,1,0
BRDA:214,2,0,4
BRDA:214,2,1,0
BRDA:215,3,0,4
BRDA:215,3,1,0
BRDA:228,4,0,4
BRDA:228,4,1,0
BRDA:233,5,0,4
BRDA:233,5,1,0
BRDA:237,6,0,4
BRDA:237,6,1,0
BRDA:243,7,0,4
BRDA:243,7,1,0
BRF:16
BRH:8
end_of_record
TN:
SF:/Users/vineet_m/Desktop/eggroup/egGroup-local/src/styles/index.js
FNF:0
FNH:0
DA:1,2
DA:3,2
DA:5,2
DA:816,2
LF:4
LH:4
BRDA:18,0,0,2
BRDA:18,0,1,0
BRDA:23,1,0,2
BRDA:23,1,1,0
BRDA:56,2,0,2
BRDA:56,2,1,0
BRDA:126,3,0,2
BRDA:126,3,1,0
BRDA:135,4,0,2
BRDA:135,4,1,0
BRDA:136,5,0,2
BRDA:136,5,1,0
BRDA:141,6,0,2
BRDA:141,6,1,0
BRDA:148,7,0,2
BRDA:148,7,1,0
BRDA:185,8,0,2
BRDA:185,8,1,0
BRF:18
BRH:9
end_of_record
TN:
SF:/Users/vineet_m/Desktop/eggroup/egGroup-local/src/styles/screenStyles.js
FNF:0
FNH:0
DA:1,2
DA:3,2
DA:5,2
DA:510,2
LF:4
LH:4
BRDA:18,0,0,2
BRDA:18,0,1,0
BRDA:24,1,0,2
BRDA:24,1,1,0
BRDA:173,2,0,2
BRDA:173,2,1,0
BRF:6
BRH:3
end_of_record
